2026-02-26 18:25:12,956 - INFO - Loaded 196 already sent news items
2026-02-26 18:25:12,956 - INFO - Loaded last notification ID: 485
2026-02-26 18:25:12,956 - INFO - Bot started â†’ channel -1003783912194
2026-02-26 18:25:13,744 - INFO - Test message sent
2026-02-26 18:25:13,745 - INFO - Background check started
2026-02-26 18:25:13,746 - INFO - Initial fresh news check
2026-02-26 18:25:14,789 - INFO - Sent news: Musk touts California robotaxis but Tesla does nothing to get permits
2026-02-26 18:25:36,623 - INFO - Sent news: Accenture and Mistral AI form multi-year AI partnership
2026-02-26 18:25:56,931 - INFO - Sent news: KeyBanc raises Applied Industrial price target to $330 on M&A potential
2026-02-26 18:26:18,627 - INFO - Sent news: KeyBanc raises Zoom stock price target on quarterly beat
2026-02-26 18:29:42,098 - INFO - Found 10 new news items
2026-02-26 18:29:43,526 - INFO - Sent news: Amazon refused permission to appeal go-ahead for UK lawsuits from retailers, consumers
2026-02-26 18:29:54,720 - INFO - Sent news: Rolls-Royce stock has outperformed Nvidiaâ€™s in the last three years â€” and the gap is growing
2026-02-26 18:30:03,705 - INFO - Sent news: Bitcoinâ€™s Plumbing Holds Up Fine in Selloff, Encouraging Bulls
2026-02-26 18:30:11,645 - INFO - Sent news: Regulators Cracked Down on Indiaâ€™s Giant Options Market. Did it Work?
2026-02-26 18:30:21,260 - INFO - Could not delete old notification (possibly already deleted): A request to the Telegram API was unsuccessful. Error code: 400. Description: Bad Request: message to delete not found
2026-02-26 18:30:21,624 - INFO - New notification: Posted 4 fresh news items ðŸ“ˆ  (id=527)
2026-02-26 18:30:21,625 - INFO - Background check started
2026-02-26 18:35:14,683 - INFO - Found 1 new news items
2026-02-26 18:35:16,219 - INFO - Sent news: Syngenta Plans One of Hong Kongâ€™s Biggest IPOs as Markets Rally
2026-02-26 18:35:25,897 - INFO - Deleted old notification #527
2026-02-26 18:35:26,156 - INFO - New notification: Posted 1 fresh news item ðŸ“ˆ  (id=529)
2026-02-26 18:35:26,156 - INFO - Background check started
2026-02-26 18:38:18,691 - INFO - Found 3 new news items
2026-02-26 18:38:19,526 - INFO - Sent news: Germanyâ€™s Merz says challenges remain as he concludes inaugural China trip
2026-02-26 18:38:41,509 - INFO - Sent news: Bernstein raises Target stock price target on upcoming results
2026-02-26 18:39:01,003 - INFO - Sent news: Bernstein raises TJX stock price target to $175 on strong Q4 results
2026-02-26 18:39:10,361 - INFO - Deleted old notification #529
2026-02-26 18:39:10,617 - INFO - New notification: Posted 3 fresh news items ðŸ“ˆ  (id=533)
2026-02-26 18:39:10,618 - INFO - Background check started
2026-02-26 18:41:50,184 - INFO - No new matching news found
2026-02-26 18:41:50,184 - INFO - Background check started
2026-02-26 18:46:52,333 - INFO - Found 2 new news items
2026-02-26 18:46:55,322 - INFO - Sent news: Rubio Says US to Investigate Deadly Cuba Speedboat Shooting
2026-02-26 18:47:05,532 - INFO - Sent news: ASICS COO discusses global growth strategies
2026-02-26 18:47:15,160 - INFO - Deleted old notification #533
2026-02-26 18:47:15,496 - INFO - New notification: Posted 2 fresh news items ðŸ“ˆ  (id=536)
2026-02-26 18:47:15,497 - INFO - Background check started
2026-02-26 18:50:22,494 - INFO - No new matching news found
2026-02-26 18:50:22,495 - INFO - Background check started
2026-02-26 18:55:14,824 - INFO - Found 9 new news items
2026-02-26 18:55:29,684 - INFO - Sent news: Hormel flags hit to annual net revenue from whole-bird turkey business sale
2026-02-26 18:55:49,245 - INFO - Sent news: Wolverine World Wide beats estimates, shares jump 7% on strong quarter
2026-02-26 18:56:00,334 - INFO - Sent news: Nearly 90% of North American, European firms hedge FX exposure as uncertainty rises, survey says
2026-02-26 18:56:09,227 - INFO - Sent news: US software stocks to keep rebounding, says Goldman Sachs prime brokerage note
2026-02-26 18:56:16,047 - INFO - Deleted old notification #536
2026-02-26 18:56:16,309 - INFO - New notification: Posted 4 fresh news items ðŸ“ˆ  (id=541)
2026-02-26 18:56:16,309 - INFO - Background check started
2026-02-26 18:58:23,103 - INFO - Found 1 new news items
2026-02-26 18:58:26,235 - INFO - Sent news: Why strategist Tom Lee believes the AI bloodbath and crypto selloff is almost over
2026-02-26 18:58:35,395 - INFO - Deleted old notification #541
2026-02-26 18:58:35,746 - INFO - New notification: Posted 1 fresh news item ðŸ“ˆ  (id=543)
2026-02-26 18:58:35,746 - INFO - Background check started
2026-02-26 19:03:18,655 - INFO - No new matching news found
2026-02-26 19:03:18,655 - INFO - Background check started
2026-02-26 19:05:40,843 - INFO - Found 4 new news items
2026-02-26 19:05:55,404 - INFO - Sent news: GSK drug linerixibat accepted for priority review in China for PBC-related itch
2026-02-26 19:06:18,446 - INFO - Sent news: European stocks gain as earnings flood in; Nvidia also in spotlight
2026-02-26 19:06:40,154 - INFO - Sent news: TSX futures edge lower with Nvidia earnings in focus
2026-02-26 19:06:59,610 - INFO - Sent news: NextEra Energy plans $2 billion equity units offering
2026-02-26 19:07:08,858 - INFO - Deleted old notification #543
2026-02-26 19:07:09,132 - INFO - New notification: Posted 4 fresh news items ðŸ“ˆ  (id=548)
2026-02-26 19:07:09,132 - INFO - Background check started
2026-02-26 19:09:37,897 - INFO - No new matching news found
2026-02-26 19:09:37,897 - INFO - Background check started
2026-02-26 19:14:08,851 - INFO - Found 2 new news items
2026-02-26 19:14:11,026 - INFO - Sent news: Why strategist Tom Lee believes the AI and crypto selloffs are almost over
2026-02-26 19:14:23,388 - INFO - Sent news: India Government Panel Said to Review Future of Key GM Food Crop
2026-02-26 19:14:33,798 - INFO - Deleted old notification #548
2026-02-26 19:14:34,066 - INFO - New notification: Posted 2 fresh news items ðŸ“ˆ  (id=551)
2026-02-26 19:14:34,067 - INFO - Background check started
2026-02-26 19:19:14,525 - INFO - Found 6 new news items
2026-02-26 19:19:28,647 - INFO - Sent news: Penn Entertainment beats earnings despite revenue miss, shares rise over 4%
2026-02-26 19:19:51,385 - INFO - Sent news: Needham reiterates Nvidia stock rating on data center strength
2026-02-26 19:20:12,201 - INFO - Sent news: Leerink raises Acadia Healthcare stock price target on turnaround potential
2026-02-26 19:20:32,521 - INFO - Sent news: Salesforce stock maintains Buy rating at Needham on Agentforce momentum
2026-02-26 19:20:39,140 - INFO - Deleted old notification #551
2026-02-26 19:20:39,439 - INFO - New notification: Posted 4 fresh news items ðŸ“ˆ  (id=556)
2026-02-26 19:20:39,439 - INFO - Background check started
2026-02-26 19:23:25,820 - INFO - No new matching news found
2026-02-26 19:23:25,820 - INFO - Background check started
2026-02-26 19:26:18,877 - INFO - Found 1 new news items
2026-02-26 19:26:22,845 - INFO - Sent news: Clariant: Customers Expecting Tariff Payback
2026-02-26 19:26:33,716 - INFO - Deleted old notification #556
2026-02-26 19:26:33,982 - INFO - New notification: Posted 1 fresh news item ðŸ“ˆ  (id=558)
2026-02-26 19:26:33,982 - INFO - Background check started
2026-02-26 19:29:15,106 - INFO - No new matching news found
2026-02-26 19:29:15,107 - INFO - Background check started
2026-02-26 19:34:14,732 - INFO - Found 4 new news items
2026-02-26 19:34:37,282 - INFO - Sent news: H.C. Wainwright raises Arcutis stock price target on strong Zoryve sales
2026-02-26 19:34:55,916 - INFO - Sent news: Piper Sandler reiterates Nvidia stock rating on data center strength
2026-02-26 19:35:18,547 - INFO - Sent news: H.C. Wainwright cuts FibroBiologics stock price target to $4
2026-02-26 19:35:39,440 - INFO - Sent news: H.C. Wainwright lowers Alkermes stock price target on revenue guidance
2026-02-26 19:35:46,126 - INFO - Deleted old notification #558
2026-02-26 19:35:46,401 - INFO - New notification: Posted 4 fresh news items ðŸ“ˆ  (id=563)
2026-02-26 19:35:46,401 - INFO - Background check started
2026-02-26 19:40:26,545 - INFO - Found 2 new news items
2026-02-26 19:40:29,539 - INFO - Sent news: For the first time in decades, new hair-loss treatments are in the works. Hereâ€™s how theyâ€™re different.
2026-02-26 19:40:49,401 - INFO - Sent news: Nigeria Extends Shea-Nut Export Ban to Boost Domestic Processing
2026-02-26 19:40:56,649 - INFO - Deleted old notification #563
2026-02-26 19:40:56,906 - INFO - New notification: Posted 2 fresh news items ðŸ“ˆ  (id=566)
2026-02-26 19:40:56,907 - INFO - Background check started
2026-02-26 19:44:08,941 - INFO - Found 4 new news items
2026-02-26 19:44:22,188 - INFO - Sent news: Gibraltar Industries earnings missed by $1.10, revenue fell short of estimates
2026-02-26 19:44:30,252 - INFO - Sent news: Carlyle Group aims to raise more than $200 billion by 2028
2026-02-26 19:44:39,804 - INFO - Sent news: WHO Chief Says US Wrong to Cut mRNA Research
2026-02-26 19:44:51,705 - INFO - Sent news: Argentine Stocks Are Left Behind as Earnings Growth Eludes Milei
2026-02-26 19:45:00,779 - INFO - Deleted old notification #566
2026-02-26 19:45:01,048 - INFO - New notification: Posted 4 fresh news items ðŸ“ˆ  (id=571)
2026-02-26 19:45:01,049 - INFO - Background check started
2026-02-26 19:48:39,896 - INFO - Found 1 new news items
2026-02-26 19:48:43,708 - INFO - Sent news: Trafigura Fraudsterâ€™s Monthly Living Expenses Slashed by Court
2026-02-26 19:48:51,169 - INFO - Deleted old notification #571
2026-02-26 19:48:51,446 - INFO - New notification: Posted 1 fresh news item ðŸ“ˆ  (id=573)
2026-02-26 19:48:51,448 - INFO - Background check started
2026-02-26 19:53:31,022 - INFO - No new matching news found
2026-02-26 19:53:31,022 - INFO - Background check started
2026-02-26 19:58:23,885 - INFO - Found 2 new news items
2026-02-26 19:58:39,999 - INFO - Sent news: Top EMEA Gold Miners: J.P. Morganâ€™s Preferred Picks
2026-02-26 19:58:49,829 - INFO - Sent news: NextEra Energy to sell $2 billion of equity units to fund energy projects
2026-02-26 19:58:56,486 - INFO - Deleted old notification #573
2026-02-26 19:58:56,794 - INFO - New notification: Posted 2 fresh news items ðŸ“ˆ  (id=576)
2026-02-26 19:58:56,794 - INFO - Background check started
2026-02-26 20:02:31,814 - INFO - Found 3 new news items
2026-02-26 20:02:35,127 - INFO - Sent news: These increasingly popular loans can save you thousands of dollars in interest â€” or double your debt. Hereâ€™s when they work.
2026-02-26 20:02:50,691 - INFO - Sent news: The Rise of the Manhattan Mega-Mansion
2026-02-26 20:03:01,647 - INFO - Sent news: US Premarket Movers: Nvidia, Celsius, Janus Henderson, Nubank
2026-02-26 20:03:11,435 - INFO - Deleted old notification #576
2026-02-26 20:03:11,748 - INFO - New notification: Posted 3 fresh news items ðŸ“ˆ  (id=580)
2026-02-26 20:03:11,748 - INFO - Background check started
2026-02-26 20:05:55,813 - INFO - No new matching news found
2026-02-26 20:05:55,813 - INFO - Background check started
2026-02-26 20:08:35,635 - INFO - Found 1 new news items
2026-02-26 20:08:38,745 - INFO - Sent news: Wall Street is courting Main Street with shiny private-market products â€” the risks are hiding in plain sight
2026-02-26 20:08:46,602 - INFO - Deleted old notification #580
2026-02-26 20:08:46,939 - INFO - New notification: Posted 1 fresh news item ðŸ“ˆ  (id=582)
2026-02-26 20:08:46,939 - INFO - Background check started
2026-02-26 20:11:15,876 - INFO - No new matching news found
2026-02-26 20:11:15,876 - INFO - Background check started
2026-02-26 20:14:05,972 - INFO - Found 4 new news items
2026-02-26 20:14:20,657 - INFO - Sent news: Earnings call transcript: Piraeus Bank Q4 2025 shows robust growth
2026-02-26 20:14:41,178 - INFO - Sent news: Piper Sandler raises Revolution stock price target on drug confidence
2026-02-26 20:15:03,560 - INFO - Sent news: Form 8K Golden Matrix Group Inc For: 26 February
2026-02-26 20:15:15,321 - INFO - Sent news: Victory Capital swoops in with counterbid for Janus Henderson
2026-02-26 20:15:24,154 - INFO - Deleted old notification #582
2026-02-26 20:15:24,480 - INFO - New notification: Posted 4 fresh news items ðŸ“ˆ  (id=587)
2026-02-26 20:15:24,481 - INFO - Background check started
2026-02-26 20:18:55,732 - INFO - Found 2 new news items
2026-02-26 20:18:58,453 - INFO - Sent news: If you canâ€™t beat the market, youâ€™d better hope it falls
2026-02-26 20:19:08,545 - INFO - Sent news: HSBCâ€™s Kettner Slashes US Stock Exposure, Favors Rest of World
2026-02-26 20:19:14,826 - INFO - Deleted old notification #587
2026-02-26 20:19:15,120 - INFO - New notification: Posted 2 fresh news items ðŸ“ˆ  (id=590)
2026-02-26 20:19:15,121 - INFO - Background check started
2026-02-26 20:22:20,423 - INFO - Found 1 new news items
2026-02-26 20:22:23,282 - INFO - Sent news: David Rubenstein Show: Former US Vice President Al Gore
2026-02-26 20:22:30,089 - INFO - Deleted old notification #590
2026-02-26 20:22:30,393 - INFO - New notification: Posted 1 fresh news item ðŸ“ˆ  (id=592)
2026-02-26 20:22:30,393 - INFO - Background check started
2026-02-26 20:24:45,726 - INFO - No new matching news found
2026-02-26 20:24:45,727 - INFO - Background check started
2026-02-26 20:28:22,708 - INFO - Found 2 new news items
2026-02-26 20:28:36,775 - INFO - Sent news: RBC Capital raises Loweâ€™s stock price target to $264 on valuation
2026-02-26 20:28:57,049 - INFO - Sent news: RBC Capital raises Nvidia stock price target on strong results
2026-02-26 20:29:04,731 - INFO - Deleted old notification #592
2026-02-26 20:29:05,037 - INFO - New notification: Posted 2 fresh news items ðŸ“ˆ  (id=595)
2026-02-26 20:29:05,038 - INFO - Background check started
2026-02-26 20:32:17,853 - INFO - No new matching news found
2026-02-26 20:32:17,853 - INFO - Background check started
2026-02-26 20:36:44,799 - INFO - No new matching news found
2026-02-26 20:36:44,799 - INFO - Background check started
2026-02-26 20:39:37,143 - INFO - Found 1 new news items
2026-02-26 20:39:39,477 - INFO - Sent news: Private-credit managers are betting your money on a market that has never been truly stress-tested
2026-02-26 20:39:47,194 - INFO - Deleted old notification #595
2026-02-26 20:39:47,521 - INFO - New notification: Posted 1 fresh news item ðŸ“ˆ  (id=597)
2026-02-26 20:39:47,522 - INFO - Background check started
2026-02-26 20:44:54,172 - INFO - No new matching news found
2026-02-26 20:44:54,173 - INFO - Background check started
2026-02-26 20:48:02,479 - INFO - Found 5 new news items
2026-02-26 20:48:18,901 - INFO - Sent news: Ecuador raises tariffs on Colombian imports to 50% - Bloomberg
2026-02-26 20:48:40,935 - INFO - Sent news: Aehr stock rises after securing $14M AI chip order
2026-02-26 20:48:50,544 - INFO - Sent news: US weekly jobless claims increase marginally as labor market stabilizes
2026-02-26 20:49:13,117 - INFO - Sent news: Earnings call transcript: Baidu Q4 2025 reveals AI growth amid revenue decline
2026-02-26 20:49:22,065 - INFO - Deleted old notification #597
2026-02-26 20:49:22,392 - INFO - New notification: Posted 4 fresh news items ðŸ“ˆ  (id=602)
2026-02-26 20:49:22,393 - INFO - Background check started
2026-02-26 20:52:17,964 - INFO - No new matching news found
2026-02-26 20:52:17,965 - INFO - Background check started
2026-02-26 20:54:48,089 - INFO - No new matching news found
2026-02-26 20:54:48,089 - INFO - Background check started
2026-02-26 20:58:58,448 - INFO - Found 1 new news items
2026-02-26 20:59:00,993 - INFO - Sent news: CEOs say they wonâ€™t add many jobs in 2026. Is a low-hire, low-fire labor market the new norm?
2026-02-26 20:59:12,206 - INFO - Deleted old notification #602
2026-02-26 20:59:12,497 - INFO - New notification: Posted 1 fresh news item ðŸ“ˆ  (id=604)
2026-02-26 20:59:12,498 - INFO - Background check started
2026-02-26 21:02:09,991 - INFO - Found 6 new news items
2026-02-26 21:02:25,088 - INFO - Sent news: Fedâ€™s Miran says rates need to fall by about a percent this year
2026-02-26 21:02:35,431 - INFO - Sent news: CIBC Q1 2026 slides: earnings surge 47%, AI drives efficiency gains
2026-02-26 21:02:58,183 - INFO - Sent news: Wolfe Research cuts C3.ai stock price target on weak execution
2026-02-26 21:03:08,679 - INFO - Sent news: Houston Savors 'Nice Turnaround' as Energy HQs Flow In
2026-02-26 21:03:18,991 - INFO - Deleted old notification #604
2026-02-26 21:03:19,259 - INFO - New notification: Posted 4 fresh news items ðŸ“ˆ  (id=609)
2026-02-26 21:03:19,260 - INFO - Background check started
2026-02-26 21:06:33,063 - INFO - No new matching news found
2026-02-26 21:06:33,064 - INFO - Background check started
2026-02-26 21:11:01,658 - INFO - Found 1 new news items
2026-02-26 21:11:15,924 - INFO - Sent news: Colombia Bonds, Peso Fall as Leftist Cepeda Takes Dominant Lead
2026-02-26 21:11:23,815 - INFO - Deleted old notification #609
2026-02-26 21:11:24,124 - INFO - New notification: Posted 1 fresh news item ðŸ“ˆ  (id=611)
2026-02-26 21:11:24,124 - INFO - Background check started
2026-02-26 21:14:47,758 - INFO - Found 4 new news items
2026-02-26 21:15:36,027 - INFO - Sent news: BlackRock selects Citi for $4 trillion iShares ETF services
2026-02-26 21:15:46,907 - INFO - Sent news: US closes probe into 7.4 million Stellantis vehicles without seeking recall
2026-02-26 21:16:07,772 - INFO - Sent news: Form 8K USA Rare Earth Inc For: 26 February
2026-02-26 21:16:19,513 - INFO - Sent news: Trump Agenda Needs Allies to Stick With Treasuries as Rest Flee
2026-02-26 21:16:26,129 - INFO - Deleted old notification #611
2026-02-26 21:16:26,410 - INFO - New notification: Posted 4 fresh news items ðŸ“ˆ  (id=616)
2026-02-26 21:16:26,411 - INFO - Background check started
2026-02-26 21:20:32,580 - INFO - Found 1 new news items
2026-02-26 21:20:35,672 - INFO - Sent news: Lagarde Finds ECB Staff Disillusioned by Lack of Opportunities
2026-02-26 21:20:46,438 - INFO - Deleted old notification #616
2026-02-26 21:20:46,745 - INFO - New notification: Posted 1 fresh news item ðŸ“ˆ  (id=618)
2026-02-26 21:20:46,745 - INFO - Background check started
2026-02-26 21:24:52,568 - INFO - Found 1 new news items
2026-02-26 21:24:56,402 - INFO - Sent news: Irenic Makes Unsolicited Bid for Reservoir Media
2026-02-26 21:25:06,630 - INFO - Deleted old notification #618
2026-02-26 21:25:06,928 - INFO - New notification: Posted 1 fresh news item ðŸ“ˆ  (id=620)
2026-02-26 21:25:06,928 - INFO - Background check started
2026-02-26 21:28:45,327 - INFO - Found 4 new news items
2026-02-26 21:28:58,443 - INFO - Sent news: Russia calls EUâ€™s plan to ban Russian oil "madness
2026-02-26 21:29:07,168 - INFO - Sent news: Ford recalling 4.3 million US vehicles over software issue
2026-02-26 21:29:29,140 - INFO - Sent news: Form 144 KITE REALTY GROUP TRUST For: 26 February
2026-02-26 21:29:40,663 - INFO - Sent news: Blackstone Private Credit Fund Markets Bond Amid Software Tumult
2026-02-26 21:29:50,479 - INFO - Deleted old notification #620
2026-02-26 21:29:50,802 - INFO - New notification: Posted 4 fresh news items ðŸ“ˆ  (id=625)
2026-02-26 21:29:50,803 - INFO - Background check started
2026-02-26 21:34:32,074 - INFO - Found 2 new news items
2026-02-26 21:34:34,469 - INFO - Sent news: Krispy Kremeâ€™s sales fell again. Hereâ€™s why it was good for the stock this time.
2026-02-26 21:34:43,583 - INFO - Sent news: U.S. Treasury proposes to sever a Swiss bank from the U.S. financial system over Iran, Russia links
2026-02-26 21:34:53,637 - INFO - Deleted old notification #625
2026-02-26 21:34:53,928 - INFO - New notification: Posted 2 fresh news items ðŸ“ˆ  (id=628)
2026-02-26 21:34:53,928 - INFO - Background check started
2026-02-26 21:37:06,122 - INFO - Found 1 new news items
2026-02-26 21:37:08,418 - INFO - Sent news: Trump Tariffs: Customers Expecting Payback, Says Swiss Chemicals Business | The Pulse 2/26
2026-02-26 21:37:16,597 - INFO - Deleted old notification #628
2026-02-26 21:37:16,879 - INFO - New notification: Posted 1 fresh news item ðŸ“ˆ  (id=630)
2026-02-26 21:37:16,879 - INFO - Background check started
2026-02-26 21:40:15,469 - INFO - No new matching news found
2026-02-26 21:40:15,469 - INFO - Background check started
2026-02-26 21:44:56,515 - INFO - Found 6 new news items
2026-02-26 21:45:27,474 - ERROR - Critical error sending news 'Morgan Stanley says hyperscaler AI spending set to exceed dot-com peak': ('Connection aborted.', TimeoutError('The write operation timed out'))
2026-02-26 21:45:51,341 - INFO - Sent news: Form 8K Federal Home Loan Bank of Pittsburgh For: 26 February
2026-02-26 21:46:36,194 - INFO - Sent news: Nicolet Bankshares stock hits all-time high at 162.86 USD
2026-02-26 21:47:17,154 - ERROR - Critical error sending news 'US proposes rule to cut Swiss bank from financial system over Russia, Iran ties': ('Connection aborted.', TimeoutError('The write operation timed out'))
2026-02-26 21:47:27,598 - INFO - Deleted old notification #630
2026-02-26 21:47:28,575 - INFO - New notification: Posted 4 fresh news items ðŸ“ˆ  (id=633)
2026-02-26 21:47:28,576 - INFO - Background check started
2026-02-26 21:49:59,235 - INFO - Found 1 new news items
2026-02-26 21:50:02,659 - INFO - Sent news: Irenic Makes Unsolicited Bid for Sheryl Crow, Joni Mitchell Music Catalog-Owner Reservoir Media
2026-02-26 21:50:09,659 - INFO - Deleted old notification #633
2026-02-26 21:50:10,008 - INFO - New notification: Posted 1 fresh news item ðŸ“ˆ  (id=635)
2026-02-26 21:50:10,008 - INFO - Background check started
2026-02-26 21:52:21,675 - INFO - No new matching news found
2026-02-26 21:52:21,675 - INFO - Background check started
2026-02-26 21:54:56,892 - INFO - Found 3 new news items
2026-02-26 21:55:24,782 - ERROR - Critical error sending news 'FTAI Aviation stock hits all-time high at 310.64 USD': ('Connection aborted.', TimeoutError('The write operation timed out'))
2026-02-26 21:55:44,435 - INFO - Sent news: Will the bank get suspicious if I deposit $150,000 cash into my account?
2026-02-26 21:56:07,215 - INFO - Sent news: US Stocks Edge Lower as Nvidia Shares Fall, AI Worry Simmers
2026-02-26 21:56:15,084 - INFO - Deleted old notification #635
2026-02-26 21:56:15,526 - INFO - New notification: Posted 3 fresh news items ðŸ“ˆ  (id=638)
2026-02-26 21:56:15,527 - INFO - Background check started
2026-02-26 22:00:23,857 - INFO - No new matching news found
2026-02-26 22:00:23,857 - INFO - Background check started
2026-02-26 22:03:51,539 - INFO - Found 2 new news items
2026-02-26 22:03:59,658 - INFO - Sent news: If global investors fall out of love with U.S. equities, it could spell trouble for the dollar
2026-02-26 22:04:09,954 - INFO - Sent news: Victory Capital Tops Trian's Bid for Janus Henderson
2026-02-26 22:04:19,031 - INFO - Deleted old notification #638
2026-02-26 22:04:19,358 - INFO - New notification: Posted 2 fresh news items ðŸ“ˆ  (id=641)
2026-02-26 22:04:19,358 - INFO - Background check started
2026-02-26 22:07:28,692 - INFO - Found 6 new news items
2026-02-26 22:07:29,914 - INFO - Sent news: Exclusive-US extends deadline for potential buyers of Lukoil assets to April 1
2026-02-26 22:07:52,726 - INFO - Sent news: Purecycle Technologies earnings in focus as revenue ramp awaited
2026-02-26 22:08:12,796 - INFO - Sent news: J.M. Smucker shares jump 11.6% on strong quarterly results
2026-02-26 22:08:32,046 - INFO - Sent news: Star Gold closes $3.68M private placement for Nevada project
2026-02-26 22:08:42,887 - INFO - Deleted old notification #641
2026-02-26 22:08:43,161 - INFO - New notification: Posted 4 fresh news items ðŸ“ˆ  (id=646)
2026-02-26 22:08:43,161 - INFO - Background check started
2026-02-26 22:11:11,810 - INFO - No new matching news found
2026-02-26 22:11:11,810 - INFO - Background check started
2026-02-26 22:14:47,819 - INFO - Found 2 new news items
2026-02-26 22:14:51,114 - INFO - Sent news: U.S. Treasury proposes severing a Swiss bank from the U.S. financial system over Iran and Russia links
2026-02-26 22:14:58,680 - INFO - Sent news: Blackstone Credit Fundâ€™s Bond Offer Biggest Premium Since 2021
2026-02-26 22:15:07,142 - INFO - Deleted old notification #646
2026-02-26 22:15:07,394 - INFO - New notification: Posted 2 fresh news items ðŸ“ˆ  (id=649)
2026-02-26 22:15:07,394 - INFO - Background check started
2026-02-26 22:17:35,356 - INFO - No new matching news found
2026-02-26 22:17:35,356 - INFO - Background check started
2026-02-26 22:21:54,714 - INFO - Found 5 new news items
2026-02-26 22:22:10,129 - INFO - Sent news: Aclaris at Oppenheimer Conference: Strategic Pipeline Focus
2026-02-26 22:22:20,520 - INFO - Sent news: Exclusive-US slows Lukoil asset sale due to Ukraine peace talks, sources say
2026-02-26 22:22:27,537 - INFO - Sent news: Nvidia shares fall as upbeat forecasts fail to excite investors
2026-02-26 22:22:39,518 - INFO - Sent news: Cuba vows to defend itself against â€™terrorist and mercenary aggressionâ€™
2026-02-26 22:22:48,869 - INFO - Deleted old notification #649
2026-02-26 22:22:49,145 - INFO - New notification: Posted 4 fresh news items ðŸ“ˆ  (id=654)
2026-02-26 22:22:49,146 - INFO - Background check started
2026-02-26 22:25:57,356 - INFO - No new matching news found
2026-02-26 22:25:57,356 - INFO - Background check started
2026-02-26 22:30:06,563 - INFO - Found 1 new news items
2026-02-26 22:30:10,421 - INFO - Sent news: As deal drama swirls around Warner Bros., its earnings show a declining industry
2026-02-26 22:30:17,864 - INFO - Deleted old notification #654
2026-02-26 22:30:18,173 - INFO - New notification: Posted 1 fresh news item ðŸ“ˆ  (id=656)
2026-02-26 22:30:18,174 - INFO - Background check started
2026-02-26 22:34:50,835 - INFO - Found 4 new news items
2026-02-26 22:35:14,216 - INFO - Sent news: Alignment Healthcare earnings on deck: profitability path in focus
2026-02-26 22:35:33,287 - INFO - Sent news: Applied Materials, Broadcom among market cap stock movers on Thursday
2026-02-26 22:35:54,664 - INFO - Sent news: Nuscale Power faces earnings test as reactor deals remain elusive
2026-02-26 22:36:13,712 - INFO - Sent news: Measuring Trust Where It Matters Most Alpha Market Flowâ€™s PR Intelligence Framework for FinTechs
2026-02-26 22:36:24,795 - INFO - Deleted old notification #656
2026-02-26 22:36:25,059 - INFO - New notification: Posted 4 fresh news items ðŸ“ˆ  (id=661)
2026-02-26 22:36:25,059 - INFO - Background check started
2026-02-26 22:38:41,444 - INFO - Found 1 new news items
2026-02-26 22:38:43,011 - INFO - Sent news: Why Nvidiaâ€™s stock is falling despite a historic earnings beat
2026-02-26 22:38:51,130 - INFO - Deleted old notification #661
2026-02-26 22:38:51,404 - INFO - New notification: Posted 1 fresh news item ðŸ“ˆ  (id=663)
2026-02-26 22:38:51,405 - INFO - Background check started
2026-02-26 22:42:44,451 - INFO - Found 2 new news items
2026-02-26 22:42:46,290 - INFO - Sent news: US Stocks Slide as Nvidia, Tech Shares Extend Drop on AI Worry
2026-02-26 22:42:55,839 - INFO - Sent news: Treasuries Rise Before Auction as US Technology Shares Slump
2026-02-26 22:43:05,946 - INFO - Deleted old notification #663
2026-02-26 22:43:06,287 - INFO - New notification: Posted 2 fresh news items ðŸ“ˆ  (id=666)
2026-02-26 22:43:06,287 - INFO - Background check started
2026-02-26 22:45:54,838 - INFO - Found 1 new news items
2026-02-26 22:45:56,984 - INFO - Sent news: Private Creditâ€™s Great Divide: Imminent Crisis or â€˜No Big Dealâ€™
2026-02-26 22:46:06,070 - INFO - Deleted old notification #666
2026-02-26 22:46:06,409 - INFO - New notification: Posted 1 fresh news item ðŸ“ˆ  (id=668)
2026-02-26 22:46:06,409 - INFO - Background check started
2026-02-26 22:48:11,711 - INFO - Found 1 new news items
2026-02-26 22:48:13,398 - INFO - Sent news: US Says Swiss Bank MBaer Could Lose Access to Financial System
2026-02-26 22:48:20,201 - INFO - Deleted old notification #668
2026-02-26 22:48:20,463 - INFO - New notification: Posted 1 fresh news item ðŸ“ˆ  (id=670)
2026-02-26 22:48:20,464 - INFO - Background check started
2026-02-26 22:51:48,591 - INFO - No new matching news found
2026-02-26 22:51:48,591 - INFO - Background check started
2026-02-26 22:56:46,375 - INFO - No new matching news found
2026-02-26 22:56:46,375 - INFO - Background check started
2026-02-26 23:01:39,854 - INFO - No new matching news found
2026-02-26 23:01:39,855 - INFO - Background check started
2026-02-26 23:03:58,919 - INFO - Found 3 new news items
2026-02-26 23:04:14,928 - INFO - Sent news: Masimo earnings in focus as Danaher deal looms
2026-02-26 23:04:37,373 - INFO - Sent news: GameSquare stock surges on Capcom Resident Evil campaign deal
2026-02-26 23:04:59,768 - INFO - Sent news: CubeSmart earnings on deck as self-storage recovery pushed to 2027
2026-02-26 23:05:08,845 - INFO - Deleted old notification #670
2026-02-26 23:05:09,131 - INFO - New notification: Posted 3 fresh news items ðŸ“ˆ  (id=674)
2026-02-26 23:05:09,131 - INFO - Background check started
2026-02-26 23:08:19,590 - INFO - No new matching news found
2026-02-26 23:08:19,590 - INFO - Background check started
2026-02-26 23:12:07,434 - INFO - Found 1 new news items
2026-02-26 23:12:11,664 - INFO - Sent news: State Farm to Pay Record $5 Billion Dividend to Auto Clients
2026-02-26 23:12:18,006 - INFO - Deleted old notification #674
2026-02-26 23:12:18,733 - INFO - New notification: Posted 1 fresh news item ðŸ“ˆ  (id=676)
2026-02-26 23:12:18,733 - INFO - Background check started
2026-02-26 23:17:21,182 - INFO - Found 3 new news items
2026-02-26 23:17:24,295 - INFO - Sent news: DIRTT Q4 2025 slides: ambitious guidance targets 250% EBITDA jump
2026-02-26 23:17:32,850 - INFO - Sent news: BeOne Q4 2025 slides: BRUKINSA leads BTKi market, profits soar
2026-02-26 23:17:42,725 - INFO - Sent news: $2 Gas? Not Even Close
2026-02-26 23:17:52,023 - INFO - Deleted old notification #676
2026-02-26 23:17:52,301 - INFO - New notification: Posted 3 fresh news items ðŸ“ˆ  (id=680)
2026-02-26 23:17:52,301 - INFO - Background check started
2026-02-26 23:22:29,946 - INFO - Found 1 new news items
2026-02-26 23:22:32,247 - INFO - Sent news: Will the bank get suspicious if I deposit $150,000 in cash into my account?
2026-02-26 23:22:40,332 - INFO - Deleted old notification #680
2026-02-26 23:22:40,664 - INFO - New notification: Posted 1 fresh news item ðŸ“ˆ  (id=682)
2026-02-26 23:22:40,664 - INFO - Background check started
2026-02-26 23:27:15,775 - INFO - No new matching news found
2026-02-26 23:27:15,775 - INFO - Background check started
2026-02-26 23:31:18,362 - INFO - Found 8 new news items
2026-02-26 23:31:31,300 - INFO - Sent news: Jefferies maintains Hold on Perrigo stock, keeps $18 price target
2026-02-26 23:31:53,501 - INFO - Sent news: Jefferies raises Viridian Therapeutic stock price target on trial progress
2026-02-26 23:32:16,150 - INFO - Sent news: BTIG raises International Seaways price target to $80 on strong Q4
2026-02-26 23:32:35,197 - INFO - Sent news: Goldman Sachs reiterates Buy on Loar Holdings stock after earnings beat
2026-02-26 23:32:43,750 - INFO - Deleted old notification #682
2026-02-26 23:32:44,004 - INFO - New notification: Posted 4 fresh news items ðŸ“ˆ  (id=687)
2026-02-26 23:32:44,004 - INFO - Background check started
2026-02-26 23:36:07,830 - INFO - Found 1 new news items
2026-02-26 23:36:10,340 - INFO - Sent news: The S&P 500 is caught in an extremely narrow trading range. Whatâ€™s happening beneath the surface could decide where the index goes next.
2026-02-26 23:36:18,063 - INFO - Deleted old notification #687
2026-02-26 23:36:18,328 - INFO - New notification: Posted 1 fresh news item ðŸ“ˆ  (id=689)
2026-02-26 23:36:18,328 - INFO - Background check started
2026-02-26 23:40:05,581 - INFO - No new matching news found
2026-02-26 23:40:05,581 - INFO - Background check started
2026-02-26 23:44:47,725 - INFO - Found 3 new news items
2026-02-26 23:45:05,671 - INFO - Sent news: Endeavour Silver earnings ahead: Profitability path in focus
2026-02-26 23:45:15,891 - INFO - Sent news: Have a parent over 65? Get ready to join the caregiving crisis.
2026-02-26 23:45:24,265 - INFO - Sent news: If you canâ€™t beat the market, youâ€™d better hope it tanks
2026-02-26 23:45:33,026 - INFO - Deleted old notification #689
2026-02-26 23:45:33,338 - INFO - New notification: Posted 3 fresh news items ðŸ“ˆ  (id=693)
2026-02-26 23:45:33,338 - INFO - Background check started
2026-02-26 23:49:42,339 - INFO - No new matching news found
2026-02-26 23:49:42,339 - INFO - Background check started
2026-02-26 23:53:33,885 - INFO - No new matching news found
2026-02-26 23:53:33,886 - INFO - Background check started
2026-02-26 23:57:41,554 - INFO - Found 2 new news items
2026-02-26 23:57:55,348 - INFO - Sent news: Eikon Therapeutics stock drops after Wedbush downgrade
2026-02-26 23:58:02,722 - INFO - Sent news: LSB Q4/FYâ€™25 slides: operational gains drive 42% EBITDA surge
2026-02-26 23:58:09,670 - INFO - Deleted old notification #693
2026-02-26 23:58:09,994 - INFO - New notification: Posted 2 fresh news items ðŸ“ˆ  (id=696)
2026-02-26 23:58:09,994 - INFO - Background check started
2026-02-27 00:01:22,471 - INFO - No new matching news found
2026-02-27 00:01:22,471 - INFO - Background check started
2026-02-27 00:03:44,954 - INFO - Found 1 new news items
2026-02-27 00:03:46,173 - INFO - Sent news: Swiss Bank MBaer Faces Being Cut Off From US Finance System
2026-02-27 00:03:54,599 - INFO - Deleted old notification #696
2026-02-27 00:03:54,984 - INFO - New notification: Posted 1 fresh news item ðŸ“ˆ  (id=698)
2026-02-27 00:03:54,985 - INFO - Background check started
2026-02-27 00:06:44,534 - INFO - Found 2 new news items
2026-02-27 00:06:54,720 - INFO - Sent news: Barclays, Atlas Among Firms Exposed to Failed UK Lender MFS
2026-02-27 00:07:22,036 - ERROR - Critical error sending news '30-Year Mortgage Rate Falls Below 6% For First Time Since 2022': ('Connection aborted.', TimeoutError('The write operation timed out'))
2026-02-27 00:07:32,685 - INFO - Deleted old notification #698
2026-02-27 00:07:33,049 - INFO - New notification: Posted 2 fresh news items ðŸ“ˆ  (id=700)
2026-02-27 00:07:33,049 - INFO - Background check started
2026-02-27 00:10:52,154 - INFO - Found 1 new news items
2026-02-27 00:10:55,988 - INFO - Sent news: China's Yuan Hits 35-Month High As Dollar Keeps Falling
2026-02-27 00:11:03,644 - INFO - Deleted old notification #700
2026-02-27 00:11:03,952 - INFO - New notification: Posted 1 fresh news item ðŸ“ˆ  (id=702)
2026-02-27 00:11:03,952 - INFO - Background check started
2026-02-27 00:13:17,245 - INFO - No new matching news found
2026-02-27 00:13:17,245 - INFO - Background check started
2026-02-27 00:16:54,024 - INFO - Found 1 new news items
2026-02-27 00:17:10,334 - INFO - Sent news: Fed's Bowman Says Consensus Has Been Reached on Basel Plan
2026-02-27 00:17:19,899 - INFO - Deleted old notification #702
2026-02-27 00:17:20,171 - INFO - New notification: Posted 1 fresh news item ðŸ“ˆ  (id=704)
2026-02-27 00:17:20,172 - INFO - Background check started
2026-02-27 00:19:47,972 - INFO - Found 1 new news items
2026-02-27 00:19:48,520 - INFO - Sent news: Vanguard settles Republican statesâ€™ antitrust suit for $29.5 million
2026-02-27 00:19:57,989 - INFO - Deleted old notification #704
2026-02-27 00:19:58,300 - INFO - New notification: Posted 1 fresh news item ðŸ“ˆ  (id=706)
2026-02-27 00:19:58,300 - INFO - Background check started
2026-02-27 00:23:16,398 - INFO - No new matching news found
2026-02-27 00:23:16,399 - INFO - Background check started
2026-02-27 00:28:02,474 - INFO - No new matching news found
2026-02-27 00:28:02,474 - INFO - Background check started
2026-02-27 00:31:16,247 - INFO - Found 2 new news items
2026-02-27 00:31:18,686 - INFO - Sent news: Chord Energy 2026 slides: FCF growth targets 40% on efficiency gains
2026-02-27 00:31:26,940 - INFO - Sent news: Ecovyst Q4 2025 slides: divestiture complete, sulfur focus drives growth
2026-02-27 00:31:35,326 - INFO - Deleted old notification #706
2026-02-27 00:31:35,641 - INFO - New notification: Posted 2 fresh news items ðŸ“ˆ  (id=709)
2026-02-27 00:31:35,641 - INFO - Background check started
2026-02-27 00:35:39,215 - INFO - No new matching news found
2026-02-27 00:35:39,216 - INFO - Background check started
2026-02-27 00:38:23,059 - INFO - No new matching news found
2026-02-27 00:38:23,059 - INFO - Background check started
2026-02-27 00:42:47,661 - INFO - No new matching news found
2026-02-27 00:42:47,663 - INFO - Background check started
2026-02-27 00:45:28,025 - INFO - Found 4 new news items
2026-02-27 00:45:29,570 - INFO - Sent news: UN expert on Palestinian territories denounces â€™toxicâ€™ attacks against her
2026-02-27 00:45:54,582 - INFO - Sent news: Indigo Partners to Sell 10 Million Wizz Air Shares
2026-02-27 00:46:14,890 - INFO - Sent news: Jefferies raises Quaker Chemical stock price target on share gains
2026-02-27 00:46:33,187 - INFO - Sent news: Stifel comments on uniQure shares after FDA commissioner remarks
2026-02-27 00:46:40,820 - INFO - Deleted old notification #709
2026-02-27 00:46:41,093 - INFO - New notification: Posted 4 fresh news items ðŸ“ˆ  (id=714)
2026-02-27 00:46:41,093 - INFO - Background check started
2026-02-27 00:49:50,168 - INFO - Found 1 new news items
2026-02-27 00:49:52,247 - INFO - Sent news: You can finally invest like the 1% â€”  use this stress test before getting locked into private markets
2026-02-27 00:50:02,301 - INFO - Deleted old notification #714
2026-02-27 00:50:02,650 - INFO - New notification: Posted 1 fresh news item ðŸ“ˆ  (id=716)
2026-02-27 00:50:02,651 - INFO - Background check started
2026-02-27 00:52:37,907 - INFO - Found 1 new news items
2026-02-27 00:52:39,473 - INFO - Sent news: Urban Outfittersâ€™ formerly struggling namesake store chain is now driving sales gains
2026-02-27 00:52:46,547 - INFO - Deleted old notification #716
2026-02-27 00:52:46,918 - INFO - New notification: Posted 1 fresh news item ðŸ“ˆ  (id=718)
2026-02-27 00:52:46,918 - INFO - Background check started
2026-02-27 00:56:07,315 - INFO - Found 2 new news items
2026-02-27 00:56:23,802 - INFO - Sent news: US FDA to offer bonuses to staff for faster drug reviews, Bloomberg News reports
2026-02-27 00:56:34,330 - INFO - Sent news: Federal agents detain Columbia University student in campus housing
2026-02-27 00:56:43,135 - INFO - Deleted old notification #718
2026-02-27 00:56:43,491 - INFO - New notification: Posted 2 fresh news items ðŸ“ˆ  (id=721)
2026-02-27 00:56:43,491 - INFO - Background check started
2026-02-27 01:00:14,018 - INFO - Found 2 new news items
2026-02-27 01:00:17,622 - INFO - Sent news: Hereâ€™s how Trumpâ€™s 401(k)-style retirement accounts could work
2026-02-27 01:00:25,479 - INFO - Sent news: This type of 401(k) plan could boost retirement savings up to 22% â€” but it comes at a price
2026-02-27 01:00:35,707 - INFO - Deleted old notification #721
2026-02-27 01:00:35,974 - INFO - New notification: Posted 2 fresh news items ðŸ“ˆ  (id=724)
2026-02-27 01:00:35,974 - INFO - Background check started
2026-02-27 01:05:07,892 - INFO - No new matching news found
2026-02-27 01:05:07,892 - INFO - Background check started
2026-02-27 01:07:58,352 - INFO - No new matching news found
2026-02-27 01:07:58,352 - INFO - Background check started
2026-02-27 01:10:33,793 - INFO - Found 6 new news items
2026-02-27 01:10:49,394 - INFO - Sent news: Barclays cuts Trip.com stock price target to $75 on antitrust probe
2026-02-27 01:11:07,928 - INFO - Sent news: Land & Buildings nominates founder for First Industrial board
2026-02-27 01:11:45,100 - INFO - Sent news: Barclays raises C4 Therapeutics stock price target on trial progress
2026-02-27 01:12:06,194 - INFO - Sent news: Form DEF 14A Guggenheim Taxable Municipal Managed Duration Trust For: 26 February
2026-02-27 01:12:13,183 - INFO - Deleted old notification #724
2026-02-27 01:12:13,491 - INFO - New notification: Posted 4 fresh news items ðŸ“ˆ  (id=729)
2026-02-27 01:12:13,491 - INFO - Background check started
2026-02-27 01:16:02,277 - INFO - Found 2 new news items
2026-02-27 01:16:05,128 - INFO - Sent news: EBay to cut 800 jobs, joining other tech names in announcing layoffs as AI reshapes workforces
2026-02-27 01:16:15,091 - INFO - Sent news: Mortgage rates fall below 6%, giving buyers a glimpse of affordability
2026-02-27 01:16:21,590 - INFO - Deleted old notification #729
2026-02-27 01:16:21,849 - INFO - New notification: Posted 2 fresh news items ðŸ“ˆ  (id=732)
2026-02-27 01:16:21,849 - INFO - Background check started
2026-02-27 01:20:40,619 - INFO - No new matching news found
2026-02-27 01:20:40,619 - INFO - Background check started
2026-02-27 01:24:26,321 - INFO - Found 3 new news items
2026-02-27 01:24:39,541 - INFO - Sent news: White House envoys disappointed by Iran talks in Geneva
2026-02-27 01:25:03,322 - INFO - Sent news: Global Ship Lease stock hits 52-week high at 40.41 USD
2026-02-27 01:25:25,030 - INFO - Sent news: Teekay Corp stock reaches 52-week high at 12.87 USD
2026-02-27 01:25:34,843 - INFO - Deleted old notification #732
2026-02-27 01:25:35,132 - INFO - New notification: Posted 3 fresh news items ðŸ“ˆ  (id=736)
2026-02-27 01:25:35,133 - INFO - Background check started
2026-02-27 01:28:36,894 - INFO - No new matching news found
2026-02-27 01:28:36,894 - INFO - Background check started
2026-02-27 01:32:24,634 - INFO - No new matching news found
2026-02-27 01:32:24,634 - INFO - Background check started
2026-02-27 01:36:09,654 - INFO - Found 1 new news items
2026-02-27 01:36:11,895 - INFO - Sent news: Bloomberg Surveillance 2/26/2026
2026-02-27 01:36:18,279 - INFO - Deleted old notification #736
2026-02-27 01:36:18,555 - INFO - New notification: Posted 1 fresh news item ðŸ“ˆ  (id=738)
2026-02-27 01:36:18,555 - INFO - Background check started
2026-02-27 01:40:02,576 - INFO - Found 6 new news items
2026-02-27 01:40:16,331 - INFO - Sent news: Knowles Corp SVP, general counsel Perna sells shares worth $465,639
2026-02-27 01:40:37,733 - INFO - Sent news: Form 144 SOUTHERN FIRST BANCSHARES INC For: 26 February
2026-02-27 01:40:56,063 - INFO - Sent news: Agilent Technologies shares fall after Q1 earnings miss
2026-02-27 01:41:18,386 - INFO - Sent news: Canada trade minister signals optimism on USMCA renewal talks
2026-02-27 01:41:25,634 - INFO - Deleted old notification #738
2026-02-27 01:41:25,920 - INFO - New notification: Posted 4 fresh news items ðŸ“ˆ  (id=743)
2026-02-27 01:41:25,921 - INFO - Background check started
2026-02-27 01:46:12,445 - INFO - No new matching news found
2026-02-27 01:46:12,445 - INFO - Background check started
2026-02-27 01:51:04,394 - INFO - Found 3 new news items
2026-02-27 01:51:17,942 - INFO - Sent news: Motor racing-Netflix and Apple TV join forces on F1 content
2026-02-27 01:51:38,375 - INFO - Sent news: Hamilton Insurance Group stock hits all-time high at 31.68 USD
2026-02-27 01:52:00,642 - INFO - Sent news: Costamare Inc stock hits 52-week high at 17.53 USD
2026-02-27 01:52:11,397 - INFO - Deleted old notification #743
2026-02-27 01:52:11,650 - INFO - New notification: Posted 3 fresh news items ðŸ“ˆ  (id=747)
2026-02-27 01:52:11,650 - INFO - Background check started
2026-02-27 01:54:30,526 - INFO - No new matching news found
2026-02-27 01:54:30,527 - INFO - Background check started
2026-02-27 01:57:47,644 - INFO - Found 2 new news items
2026-02-27 01:57:49,890 - INFO - Sent news: Software stocks bounce as Nvidia shares falter. Is a new rotation trade in store?
2026-02-27 01:58:00,907 - INFO - Sent news: Barnes &amp; Noble Owner Elliott Is Said to Seek London IPO Pitches
2026-02-27 01:58:08,000 - INFO - Deleted old notification #747
2026-02-27 01:58:08,313 - INFO - New notification: Posted 2 fresh news items ðŸ“ˆ  (id=750)
2026-02-27 01:58:08,314 - INFO - Background check started
2026-02-27 02:02:32,220 - INFO - No new matching news found
2026-02-27 02:02:32,220 - INFO - Background check started
2026-02-27 02:05:24,663 - INFO - Found 5 new news items
2026-02-27 02:05:39,055 - INFO - Sent news: What are RBCâ€™s Top Pharma Stocks
2026-02-27 02:06:02,789 - INFO - Sent news: Teekay Tankers stock hits 52-week high at 76.41 USD
2026-02-27 02:06:19,947 - INFO - Sent news: Nvidia, Broadcom among market cap stock movers on Thursday
2026-02-27 02:06:39,779 - INFO - Sent news: Zillow at Bernstein Insights: AI and Housing Super App Strategy
2026-02-27 02:06:47,240 - INFO - Deleted old notification #750
2026-02-27 02:06:47,554 - INFO - New notification: Posted 4 fresh news items ðŸ“ˆ  (id=755)
2026-02-27 02:06:47,554 - INFO - Background check started
2026-02-27 02:09:41,791 - INFO - No new matching news found
2026-02-27 02:09:41,792 - INFO - Background check started
2026-02-27 02:14:13,495 - INFO - No new matching news found
2026-02-27 02:14:13,495 - INFO - Background check started
2026-02-27 02:16:26,892 - INFO - Found 1 new news items
2026-02-27 02:16:28,378 - INFO - Sent news: IDC Sees 13% Collapse in Smartphone Market Due to Memory Crisis
2026-02-27 02:16:37,826 - INFO - Deleted old notification #755
2026-02-27 02:16:38,086 - INFO - New notification: Posted 1 fresh news item ðŸ“ˆ  (id=757)
2026-02-27 02:16:38,087 - INFO - Background check started
2026-02-27 02:18:43,385 - INFO - Found 4 new news items
2026-02-27 02:18:57,248 - INFO - Sent news: Trupanion at BofA Securities Summit: Strategic Focus on Growth and Innovation
2026-02-27 02:19:15,364 - INFO - Sent news: Raymond James raises Canadian Imperial Bank price target on higher earnings outlook
2026-02-27 02:19:23,989 - INFO - Sent news: Smartphone market set for biggest-ever decline in 2026 on memory price surge, IDC says
2026-02-27 02:19:44,455 - INFO - Sent news: Earnings call transcript: Grifols Q4 2025 sees robust growth in IG franchise
2026-02-27 02:19:53,766 - INFO - Deleted old notification #757
2026-02-27 02:19:54,016 - INFO - New notification: Posted 4 fresh news items ðŸ“ˆ  (id=762)
2026-02-27 02:19:54,016 - INFO - Background check started
2026-02-27 02:22:57,129 - INFO - Found 1 new news items
2026-02-27 02:22:58,032 - INFO - Sent news: Smartphone Market to Shrink 13% Due to Memory Crisis, IDC Says
2026-02-27 02:23:06,359 - INFO - Deleted old notification #762
2026-02-27 02:23:06,604 - INFO - New notification: Posted 1 fresh news item ðŸ“ˆ  (id=764)
2026-02-27 02:23:06,605 - INFO - Background check started
2026-02-27 02:27:04,307 - INFO - Found 3 new news items
2026-02-27 02:27:07,824 - INFO - Sent news: Musk, Altman and China are fighting to control a potential $320 billion market for brain implants
2026-02-27 02:27:18,041 - INFO - Sent news: Howard Marks Says Great Investors Are Strong Where AI Is Weakest
2026-02-27 02:27:25,258 - INFO - Sent news: Smartphone Market Set to Shrink 13% Due to Memory Chip Crisis, IDC Says
2026-02-27 02:27:31,617 - INFO - Deleted old notification #764
2026-02-27 02:27:31,916 - INFO - New notification: Posted 3 fresh news items ðŸ“ˆ  (id=768)
2026-02-27 02:27:31,916 - INFO - Background check started
2026-02-27 02:31:04,103 - INFO - Found 2 new news items
2026-02-27 02:31:17,783 - INFO - Sent news: Goldman Sachs reiterates Sell rating on Intellia stock amid clinical hold
2026-02-27 02:31:40,107 - INFO - Sent news: Global smartphone market to contract 12.9% amid memory chip shortage
2026-02-27 02:31:48,870 - INFO - Deleted old notification #768
2026-02-27 02:31:49,223 - INFO - New notification: Posted 2 fresh news items ðŸ“ˆ  (id=771)
2026-02-27 02:31:49,223 - INFO - Background check started
2026-02-27 02:36:39,698 - INFO - Found 3 new news items
2026-02-27 02:36:42,597 - INFO - Sent news: Yields in a crucial part of the Treasury market keep falling â€” and it may have something to do with AI
2026-02-27 02:36:54,682 - INFO - Sent news: Calpers Unfazed by Software Stress in Private Credit, CEO Says
2026-02-27 02:37:04,129 - INFO - Sent news: First Brands Executive Brumbergs Detailed Fraud in Guilty Plea
2026-02-27 02:37:13,923 - INFO - Deleted old notification #771
2026-02-27 02:37:14,240 - INFO - New notification: Posted 3 fresh news items ðŸ“ˆ  (id=775)
2026-02-27 02:37:14,240 - INFO - Background check started
2026-02-27 02:41:06,762 - INFO - No new matching news found
2026-02-27 02:41:06,762 - INFO - Background check started
2026-02-27 02:43:36,474 - INFO - Found 1 new news items
2026-02-27 02:43:39,162 - INFO - Sent news: 7 of 11 Major S&P 500 Groups Lower, 30-Year Mortgage Rate Below 6% | Bloomberg Markets  |  2/26/2026
2026-02-27 02:43:47,216 - INFO - Deleted old notification #775
2026-02-27 02:43:47,472 - INFO - New notification: Posted 1 fresh news item ðŸ“ˆ  (id=777)
2026-02-27 02:43:47,472 - INFO - Background check started
2026-02-27 02:47:41,928 - INFO - Found 7 new news items
2026-02-27 02:47:56,911 - INFO - Sent news: US chargesÂ former F-35 pilot for training Chinaâ€™s air force
2026-02-27 02:48:17,494 - INFO - Sent news: Gladstone Commercial CFO Gerson buys $3427 in shares
2026-02-27 02:48:37,666 - INFO - Sent news: Stonex Group Inc stock hits all-time high at 130.4 USD
2026-02-27 02:48:58,711 - INFO - Sent news: Inspire Medical shares surge 40% on CMS reimbursement update
2026-02-27 02:49:08,678 - INFO - Deleted old notification #777
2026-02-27 02:49:09,000 - INFO - New notification: Posted 4 fresh news items ðŸ“ˆ  (id=782)
2026-02-27 02:49:09,000 - INFO - Background check started
2026-02-27 02:53:06,842 - INFO - No new matching news found
2026-02-27 02:53:06,842 - INFO - Background check started
2026-02-27 02:55:45,557 - INFO - No new matching news found
2026-02-27 02:55:45,557 - INFO - Background check started
2026-02-27 03:00:50,417 - INFO - Found 5 new news items
2026-02-27 03:01:05,150 - INFO - Sent news: Bombardier Eyes India Growth as Airport Expansion Opens Doors
2026-02-27 03:01:30,899 - INFO - Sent news: Crescent BDC stock maintained at Buy by Clear Street on steady results
2026-02-27 03:01:38,821 - INFO - Sent news: Fedâ€™s Goolsbee forecasts several more rate cuts this year, but not soon
2026-02-27 03:02:01,939 - INFO - Sent news: Form 144 DELTA AIR LINES For: 26 February
2026-02-27 03:02:08,597 - INFO - Deleted old notification #782
2026-02-27 03:02:08,855 - INFO - New notification: Posted 4 fresh news items ðŸ“ˆ  (id=787)
2026-02-27 03:02:08,855 - INFO - Background check started
2026-02-27 03:05:34,678 - INFO - No new matching news found
2026-02-27 03:05:34,678 - INFO - Background check started
2026-02-27 03:07:44,725 - INFO - No new matching news found
2026-02-27 03:07:44,725 - INFO - Background check started
2026-02-27 03:12:45,005 - INFO - Found 4 new news items
2026-02-27 03:12:58,626 - INFO - Sent news: Hudbay Minerals rating upgraded by S&P on lower leverage
2026-02-27 03:13:19,940 - INFO - Sent news: Micron rating raised to BBB by S&P on AI demand growth
2026-02-27 03:13:40,913 - INFO - Sent news: Inspire Medical shares jump on CMS reimbursement code update
2026-02-27 03:13:50,368 - INFO - Sent news: Odds of early Warsh-led Fed rate cuts slide with bullish outlook
2026-02-27 03:14:00,062 - INFO - Deleted old notification #787
2026-02-27 03:14:00,370 - INFO - New notification: Posted 4 fresh news items ðŸ“ˆ  (id=792)
2026-02-27 03:14:00,371 - INFO - Background check started
2026-02-27 03:16:44,073 - INFO - No new matching news found
2026-02-27 03:16:44,074 - INFO - Background check started
2026-02-27 03:20:19,627 - INFO - No new matching news found
2026-02-27 03:20:19,627 - INFO - Background check started
2026-02-27 03:23:40,738 - INFO - No new matching news found
2026-02-27 03:23:40,738 - INFO - Background check started
2026-02-27 03:26:05,994 - INFO - Found 4 new news items
2026-02-27 03:26:07,666 - INFO - Sent news: Exclusive-ICE struggles to vet recruits amid US immigration enforcement push, internal email shows
2026-02-27 03:26:31,342 - INFO - Sent news: Starwood Property Trust authorizes $400M buyback program
2026-02-27 03:26:54,109 - INFO - Sent news: Gold prices mixed as U.S.-Iran nuclear talks end after â€™significant progressâ€™
2026-02-27 03:27:01,778 - INFO - Sent news: Canada says it could have bilateral critical sector deals with US
2026-02-27 03:27:10,082 - INFO - Deleted old notification #792
2026-02-27 03:27:10,391 - INFO - New notification: Posted 4 fresh news items ðŸ“ˆ  (id=797)
2026-02-27 03:27:10,391 - INFO - Background check started
2026-02-27 03:31:44,273 - INFO - No new matching news found
2026-02-27 03:31:44,273 - INFO - Background check started
2026-02-27 03:36:39,290 - INFO - No new matching news found
2026-02-27 03:36:39,290 - INFO - Background check started
2026-02-27 03:37:32,371 - ERROR - Infinity polling exception: ('Connection aborted.', ConnectionResetError(54, 'Connection reset by peer'))
2026-02-27 03:37:32,375 - ERROR - Exception traceback:
Traceback (most recent call last):
  File "/Users/apple/Desktop/Fortres Channel Tesla /.venv/lib/python3.14/site-packages/urllib3/connectionpool.py", line 787, in urlopen
    response = self._make_request(
        conn,
    ...<10 lines>...
        **response_kw,
    )
  File "/Users/apple/Desktop/Fortres Channel Tesla /.venv/lib/python3.14/site-packages/urllib3/connectionpool.py", line 534, in _make_request
    response = conn.getresponse()
  File "/Users/apple/Desktop/Fortres Channel Tesla /.venv/lib/python3.14/site-packages/urllib3/connection.py", line 571, in getresponse
    httplib_response = super().getresponse()
  File "/Library/Frameworks/Python.framework/Versions/3.14/lib/python3.14/http/client.py", line 1450, in getresponse
    response.begin()
    ~~~~~~~~~~~~~~^^
  File "/Library/Frameworks/Python.framework/Versions/3.14/lib/python3.14/http/client.py", line 336, in begin
    version, status, reason = self._read_status()
                              ~~~~~~~~~~~~~~~~~^^
  File "/Library/Frameworks/Python.framework/Versions/3.14/lib/python3.14/http/client.py", line 297, in _read_status
    line = str(self.fp.readline(_MAXLINE + 1), "iso-8859-1")
               ~~~~~~~~~~~~~~~~^^^^^^^^^^^^^^
  File "/Library/Frameworks/Python.framework/Versions/3.14/lib/python3.14/socket.py", line 725, in readinto
    return self._sock.recv_into(b)
           ~~~~~~~~~~~~~~~~~~~~^^^
  File "/Library/Frameworks/Python.framework/Versions/3.14/lib/python3.14/ssl.py", line 1304, in recv_into
    return self.read(nbytes, buffer)
           ~~~~~~~~~^^^^^^^^^^^^^^^^
  File "/Library/Frameworks/Python.framework/Versions/3.14/lib/python3.14/ssl.py", line 1138, in read
    return self._sslobj.read(len, buffer)
           ~~~~~~~~~~~~~~~~~^^^^^^^^^^^^^
ConnectionResetError: [Errno 54] Connection reset by peer

During handling of the above exception, another exception occurred:

Traceback (most recent call last):
  File "/Users/apple/Desktop/Fortres Channel Tesla /.venv/lib/python3.14/site-packages/requests/adapters.py", line 644, in send
    resp = conn.urlopen(
        method=request.method,
    ...<9 lines>...
        chunked=chunked,
    )
  File "/Users/apple/Desktop/Fortres Channel Tesla /.venv/lib/python3.14/site-packages/urllib3/connectionpool.py", line 841, in urlopen
    retries = retries.increment(
        method, url, error=new_e, _pool=self, _stacktrace=sys.exc_info()[2]
    )
  File "/Users/apple/Desktop/Fortres Channel Tesla /.venv/lib/python3.14/site-packages/urllib3/util/retry.py", line 490, in increment
    raise reraise(type(error), error, _stacktrace)
          ~~~~~~~^^^^^^^^^^^^^^^^^^^^^^^^^^^^^^^^^
  File "/Users/apple/Desktop/Fortres Channel Tesla /.venv/lib/python3.14/site-packages/urllib3/util/util.py", line 38, in reraise
    raise value.with_traceback(tb)
  File "/Users/apple/Desktop/Fortres Channel Tesla /.venv/lib/python3.14/site-packages/urllib3/connectionpool.py", line 787, in urlopen
    response = self._make_request(
        conn,
    ...<10 lines>...
        **response_kw,
    )
  File "/Users/apple/Desktop/Fortres Channel Tesla /.venv/lib/python3.14/site-packages/urllib3/connectionpool.py", line 534, in _make_request
    response = conn.getresponse()
  File "/Users/apple/Desktop/Fortres Channel Tesla /.venv/lib/python3.14/site-packages/urllib3/connection.py", line 571, in getresponse
    httplib_response = super().getresponse()
  File "/Library/Frameworks/Python.framework/Versions/3.14/lib/python3.14/http/client.py", line 1450, in getresponse
    response.begin()
    ~~~~~~~~~~~~~~^^
  File "/Library/Frameworks/Python.framework/Versions/3.14/lib/python3.14/http/client.py", line 336, in begin
    version, status, reason = self._read_status()
                              ~~~~~~~~~~~~~~~~~^^
  File "/Library/Frameworks/Python.framework/Versions/3.14/lib/python3.14/http/client.py", line 297, in _read_status
    line = str(self.fp.readline(_MAXLINE + 1), "iso-8859-1")
               ~~~~~~~~~~~~~~~~^^^^^^^^^^^^^^
  File "/Library/Frameworks/Python.framework/Versions/3.14/lib/python3.14/socket.py", line 725, in readinto
    return self._sock.recv_into(b)
           ~~~~~~~~~~~~~~~~~~~~^^^
  File "/Library/Frameworks/Python.framework/Versions/3.14/lib/python3.14/ssl.py", line 1304, in recv_into
    return self.read(nbytes, buffer)
           ~~~~~~~~~^^^^^^^^^^^^^^^^
  File "/Library/Frameworks/Python.framework/Versions/3.14/lib/python3.14/ssl.py", line 1138, in read
    return self._sslobj.read(len, buffer)
           ~~~~~~~~~~~~~~~~~^^^^^^^^^^^^^
urllib3.exceptions.ProtocolError: ('Connection aborted.', ConnectionResetError(54, 'Connection reset by peer'))

During handling of the above exception, another exception occurred:

Traceback (most recent call last):
  File "/Users/apple/Desktop/Fortres Channel Tesla /.venv/lib/python3.14/site-packages/telebot/__init__.py", line 1110, in infinity_polling
    self.polling(non_stop=True, timeout=timeout, long_polling_timeout=long_polling_timeout,
    ~~~~~~~~~~~~^^^^^^^^^^^^^^^^^^^^^^^^^^^^^^^^^^^^^^^^^^^^^^^^^^^^^^^^^^^^^^^^^^^^^^^^^^^
                 logger_level=logger_level, allowed_updates=allowed_updates, restart_on_change=False,
                 ^^^^^^^^^^^^^^^^^^^^^^^^^^^^^^^^^^^^^^^^^^^^^^^^^^^^^^^^^^^^^^^^^^^^^^^^^^^^^^^^^^^^
                 *args, **kwargs)
                 ^^^^^^^^^^^^^^^^
  File "/Users/apple/Desktop/Fortres Channel Tesla /.venv/lib/python3.14/site-packages/telebot/__init__.py", line 1198, in polling
    self.__threaded_polling(non_stop=non_stop, interval=interval, timeout=timeout, long_polling_timeout=long_polling_timeout,
    ~~~~~~~~~~~~~~~~~~~~~~~^^^^^^^^^^^^^^^^^^^^^^^^^^^^^^^^^^^^^^^^^^^^^^^^^^^^^^^^^^^^^^^^^^^^^^^^^^^^^^^^^^^^^^^^^^^^^^^^^^
                            logger_level=logger_level, allowed_updates=allowed_updates)
                            ^^^^^^^^^^^^^^^^^^^^^^^^^^^^^^^^^^^^^^^^^^^^^^^^^^^^^^^^^^^
  File "/Users/apple/Desktop/Fortres Channel Tesla /.venv/lib/python3.14/site-packages/telebot/__init__.py", line 1273, in __threaded_polling
    raise e
  File "/Users/apple/Desktop/Fortres Channel Tesla /.venv/lib/python3.14/site-packages/telebot/__init__.py", line 1234, in __threaded_polling
    polling_thread.raise_exceptions()
    ~~~~~~~~~~~~~~~~~~~~~~~~~~~~~~~^^
  File "/Users/apple/Desktop/Fortres Channel Tesla /.venv/lib/python3.14/site-packages/telebot/util.py", line 115, in raise_exceptions
    raise self.exception_info
  File "/Users/apple/Desktop/Fortres Channel Tesla /.venv/lib/python3.14/site-packages/telebot/util.py", line 97, in run
    task(*args, **kwargs)
    ~~~~^^^^^^^^^^^^^^^^^
  File "/Users/apple/Desktop/Fortres Channel Tesla /.venv/lib/python3.14/site-packages/telebot/__init__.py", line 688, in __retrieve_updates
    updates = self.get_updates(offset=(self.last_update_id + 1),
                               allowed_updates=allowed_updates,
                               timeout=timeout, long_polling_timeout=long_polling_timeout)
  File "/Users/apple/Desktop/Fortres Channel Tesla /.venv/lib/python3.14/site-packages/telebot/__init__.py", line 660, in get_updates
    json_updates = apihelper.get_updates(
        self.token, offset=offset, limit=limit, timeout=timeout, allowed_updates=allowed_updates,
        long_polling_timeout=long_polling_timeout)
  File "/Users/apple/Desktop/Fortres Channel Tesla /.venv/lib/python3.14/site-packages/telebot/apihelper.py", line 339, in get_updates
    return _make_request(token, method_url, params=payload)
  File "/Users/apple/Desktop/Fortres Channel Tesla /.venv/lib/python3.14/site-packages/telebot/apihelper.py", line 162, in _make_request
    result = _get_req_session().request(
        method, request_url, params=params, files=files,
        timeout=(connect_timeout, read_timeout), proxies=proxy)
  File "/Users/apple/Desktop/Fortres Channel Tesla /.venv/lib/python3.14/site-packages/requests/sessions.py", line 589, in request
    resp = self.send(prep, **send_kwargs)
  File "/Users/apple/Desktop/Fortres Channel Tesla /.venv/lib/python3.14/site-packages/requests/sessions.py", line 703, in send
    r = adapter.send(request, **kwargs)
  File "/Users/apple/Desktop/Fortres Channel Tesla /.venv/lib/python3.14/site-packages/requests/adapters.py", line 659, in send
    raise ConnectionError(err, request=request)
requests.exceptions.ConnectionError: ('Connection aborted.', ConnectionResetError(54, 'Connection reset by peer'))

2026-02-27 03:40:37,245 - INFO - Found 3 new news items
2026-02-27 03:40:51,108 - INFO - Sent news: Mexico demands Paris auction house halt sale of pre-Colombian artifacts
2026-02-27 03:41:00,592 - INFO - Sent news: Apple seeks dismissal of fraud lawsuit over Siri AI, Epic injunction
2026-02-27 03:41:20,393 - INFO - Sent news: RBC Bearings stock hits all-time high at 574.73 USD
2026-02-27 03:41:26,848 - INFO - Deleted old notification #797
2026-02-27 03:41:27,153 - INFO - New notification: Posted 3 fresh news items ðŸ“ˆ  (id=801)
2026-02-27 03:41:27,153 - INFO - Background check started
2026-02-27 03:43:58,258 - INFO - No new matching news found
2026-02-27 03:43:58,258 - INFO - Background check started
2026-02-27 03:47:20,624 - INFO - Found 1 new news items
2026-02-27 03:47:22,652 - INFO - Sent news: Will the bank get suspicious if I deposit $150,000 in cash into my checking account?
2026-02-27 03:47:29,303 - INFO - Deleted old notification #801
2026-02-27 03:47:29,551 - INFO - New notification: Posted 1 fresh news item ðŸ“ˆ  (id=803)
2026-02-27 03:47:29,552 - INFO - Background check started
2026-02-27 03:50:46,936 - INFO - Found 5 new news items
2026-02-27 03:50:47,829 - INFO - Sent news: Trump and Mamdani meet for second time, discuss housing, detention of student
2026-02-27 03:50:59,817 - INFO - Sent news: Canadaâ€™s RBC beats profit estimates on retail banking, wealth management boom
2026-02-27 03:51:21,705 - INFO - Sent news: Jefferies raises Ingevity stock price target to $82 on demand outlook
2026-02-27 03:51:29,508 - INFO - Sent news: Cuba appears to hold speedboat suspects in provincial hospital
2026-02-27 03:51:39,907 - INFO - Deleted old notification #803
2026-02-27 03:51:40,222 - INFO - New notification: Posted 4 fresh news items ðŸ“ˆ  (id=808)
2026-02-27 03:51:40,222 - INFO - Background check started
2026-02-27 03:56:32,816 - INFO - No new matching news found
2026-02-27 03:56:32,818 - INFO - Background check started
2026-02-27 04:00:41,452 - INFO - Found 1 new news items
2026-02-27 04:00:46,982 - INFO - Sent news: EA Fails to Win Bondholder Support for Buyback by Key Deadline
2026-02-27 04:00:57,443 - INFO - Deleted old notification #808
2026-02-27 04:00:57,760 - INFO - New notification: Posted 1 fresh news item ðŸ“ˆ  (id=810)
2026-02-27 04:00:57,760 - INFO - Background check started
2026-02-27 04:04:42,100 - INFO - Found 3 new news items
2026-02-27 04:04:55,838 - INFO - Sent news: Form 6K Baidu Inc For: 26 February
2026-02-27 04:05:16,832 - INFO - Sent news: Tutor Perini stock hits all-time high at 89.41 USD
2026-02-27 04:05:38,845 - INFO - Sent news: Form 8K UNION BANKSHARES For: 26 February
2026-02-27 04:05:45,451 - INFO - Deleted old notification #810
2026-02-27 04:05:45,707 - INFO - New notification: Posted 3 fresh news items ðŸ“ˆ  (id=814)
2026-02-27 04:05:45,708 - INFO - Background check started
2026-02-27 04:09:38,018 - INFO - Found 3 new news items
2026-02-27 04:09:39,785 - INFO - Sent news: Bidding War for Janus Henderson
2026-02-27 04:09:49,718 - INFO - Sent news: Celsius CEO Discusses Doubling Sales, Soaring Stock
2026-02-27 04:09:59,195 - INFO - Sent news: Retail Traders Rush to Buy the Dip in Beaten-Down Software Stocks
2026-02-27 04:10:08,729 - INFO - Deleted old notification #814
2026-02-27 04:10:08,982 - INFO - New notification: Posted 3 fresh news items ðŸ“ˆ  (id=818)
2026-02-27 04:10:08,983 - INFO - Background check started
2026-02-27 04:12:33,606 - INFO - No new matching news found
2026-02-27 04:12:33,606 - INFO - Background check started
2026-02-27 04:14:51,329 - INFO - Found 1 new news items
2026-02-27 04:14:54,127 - INFO - Sent news: Anthropic vs. the Pentagon: What You Need To Know
2026-02-27 04:15:02,320 - INFO - Deleted old notification #818
2026-02-27 04:15:02,578 - INFO - New notification: Posted 1 fresh news item ðŸ“ˆ  (id=820)
2026-02-27 04:15:02,578 - INFO - Background check started
2026-02-27 04:17:29,529 - INFO - Found 1 new news items
2026-02-27 04:17:31,447 - INFO - Sent news: Block plans to lay off nearly half its staff in â€˜deliberate and boldâ€™ embrace of AI
2026-02-27 04:17:39,917 - INFO - Deleted old notification #820
2026-02-27 04:17:40,219 - INFO - New notification: Posted 1 fresh news item ðŸ“ˆ  (id=822)
2026-02-27 04:17:40,219 - INFO - Background check started
2026-02-27 04:21:39,383 - INFO - Found 4 new news items
2026-02-27 04:21:40,360 - INFO - Sent news: LGBTQ+ dating app Grindr beats revenue estimates, bets on AI to drive growth
2026-02-27 04:22:04,305 - INFO - Sent news: Federal Realty advances $400M residential development pipeline
2026-02-27 04:22:28,061 - INFO - Sent news: Dell forecasts fiscal 2027 revenue above estimates on rising AI server demand
2026-02-27 04:22:51,064 - INFO - Sent news: Dell shares surge as AI server demand drives record fourth-quarter results
2026-02-27 04:23:01,443 - INFO - Deleted old notification #822
2026-02-27 04:23:01,752 - INFO - New notification: Posted 4 fresh news items ðŸ“ˆ  (id=827)
2026-02-27 04:23:01,752 - INFO - Background check started
2026-02-27 04:27:51,189 - INFO - Found 1 new news items
2026-02-27 04:27:55,127 - INFO - Sent news: 10-year Treasury yield hits a three-month low â€” and it may have to do with AI, strategist says
2026-02-27 04:28:05,365 - INFO - Deleted old notification #827
2026-02-27 04:28:05,672 - INFO - New notification: Posted 1 fresh news item ðŸ“ˆ  (id=829)
2026-02-27 04:28:05,672 - INFO - Background check started
2026-02-27 04:31:20,091 - INFO - No new matching news found
2026-02-27 04:31:20,091 - INFO - Background check started
2026-02-27 04:36:03,120 - INFO - Found 2 new news items
2026-02-27 04:36:17,901 - INFO - Sent news: U.S. stocks mixed at close of trade; Dow Jones Industrial Average up 0.04%
2026-02-27 04:36:39,201 - INFO - Sent news: TD Cowen raises Shake Shack stock price target to $105 on sales
2026-02-27 04:36:46,057 - INFO - Deleted old notification #829
2026-02-27 04:36:46,285 - INFO - New notification: Posted 2 fresh news items ðŸ“ˆ  (id=832)
2026-02-27 04:36:46,285 - INFO - Background check started
2026-02-27 04:39:42,461 - INFO - No new matching news found
2026-02-27 04:39:42,461 - INFO - Background check started
2026-02-27 04:43:59,786 - INFO - No new matching news found
2026-02-27 04:43:59,786 - INFO - Background check started
2026-02-27 04:46:06,247 - INFO - Found 4 new news items
2026-02-27 04:46:19,287 - INFO - Sent news: Addus HomeCare EVP Raines sells $69,828 in stock
2026-02-27 04:46:40,279 - INFO - Sent news: Stifel cuts Crescent Biopharma stock price target on equity financing
2026-02-27 04:47:03,012 - INFO - Sent news: Freedom Capital Markets raises Everus stock price target on strong results
2026-02-27 04:47:23,698 - INFO - Sent news: Form 424B5 Sidus Space Inc For: 26 February
2026-02-27 04:47:30,985 - INFO - Deleted old notification #832
2026-02-27 04:47:31,219 - INFO - New notification: Posted 4 fresh news items ðŸ“ˆ  (id=837)
2026-02-27 04:47:31,220 - INFO - Background check started
2026-02-27 04:50:28,532 - INFO - Found 1 new news items
2026-02-27 04:50:31,226 - INFO - Sent news: Stocks Slip as Nvidia Drops Despite Earnings Beat | Closing Bell
2026-02-27 04:50:38,682 - INFO - Deleted old notification #837
2026-02-27 04:50:38,971 - INFO - New notification: Posted 1 fresh news item ðŸ“ˆ  (id=839)
2026-02-27 04:50:38,971 - INFO - Background check started
2026-02-27 04:53:38,493 - INFO - No new matching news found
2026-02-27 04:53:38,493 - INFO - Background check started
2026-02-27 04:56:00,465 - INFO - No new matching news found
2026-02-27 04:56:00,465 - INFO - Background check started
2026-02-27 04:59:57,186 - INFO - Found 2 new news items
2026-02-27 04:59:59,489 - INFO - Sent news: U.S.-Iran nuclear talks end, but with hope that negotiations continue. That still leaves the oil market in limbo.
2026-02-27 05:00:07,628 - INFO - Sent news: CoreWeaveâ€™s stock drops as losses swell and interest expenses climb
2026-02-27 05:00:16,553 - INFO - Deleted old notification #839
2026-02-27 05:00:16,807 - INFO - New notification: Posted 2 fresh news items ðŸ“ˆ  (id=842)
2026-02-27 05:00:16,808 - INFO - Background check started
2026-02-27 05:04:57,597 - INFO - Found 1 new news items
2026-02-27 05:05:00,149 - INFO - Sent news: Drone Maker Kratos Defense Seeks $1 Billion in Share Sale
2026-02-27 05:05:09,101 - INFO - Deleted old notification #842
2026-02-27 05:05:09,349 - INFO - New notification: Posted 1 fresh news item ðŸ“ˆ  (id=844)
2026-02-27 05:05:09,349 - INFO - Background check started
2026-02-27 05:08:30,590 - INFO - No new matching news found
2026-02-27 05:08:30,591 - INFO - Background check started
2026-02-27 05:11:19,768 - INFO - Found 4 new news items
2026-02-27 05:11:33,879 - INFO - Sent news: Flutter Entertainment shares tumble 9% on weak guidance, disappointng Q4 results
2026-02-27 05:11:53,820 - INFO - Sent news: Regal Rexnord EVP Rehard sells $503,478 in shares
2026-02-27 05:12:00,948 - INFO - Sent news: US Justice Department sues five more states over voter registration lists
2026-02-27 05:12:19,401 - INFO - Sent news: Russia says it downed 220 Ukrainian drones over nine hours
2026-02-27 05:12:30,623 - INFO - Deleted old notification #844
2026-02-27 05:12:30,877 - INFO - New notification: Posted 4 fresh news items ðŸ“ˆ  (id=849)
2026-02-27 05:12:30,877 - INFO - Background check started
2026-02-27 05:16:56,980 - INFO - Found 1 new news items
2026-02-27 05:17:00,808 - INFO - Sent news: Why the S&P 500 was doomed to fall when Nvidia plunged after its earnings
2026-02-27 05:17:10,590 - INFO - Deleted old notification #849
2026-02-27 05:17:10,834 - INFO - New notification: Posted 1 fresh news item ðŸ“ˆ  (id=851)
2026-02-27 05:17:10,835 - INFO - Background check started
2026-02-27 05:21:55,183 - INFO - No new matching news found
2026-02-27 05:21:55,183 - INFO - Background check started
2026-02-27 05:24:36,963 - INFO - Found 2 new news items
2026-02-27 05:24:50,621 - INFO - Sent news: Oliver sells American Superconductor (AMSC) shares for $6,820
2026-02-27 05:25:08,641 - INFO - Sent news: Applied Optoelectronics enters $250 million equity distribution agreement
2026-02-27 05:25:14,974 - INFO - Deleted old notification #851
2026-02-27 05:25:15,300 - INFO - New notification: Posted 2 fresh news items ðŸ“ˆ  (id=854)
2026-02-27 05:25:15,300 - INFO - Background check started
2026-02-27 05:27:26,133 - INFO - Found 1 new news items
2026-02-27 05:27:27,403 - INFO - Sent news: Warner Bros. Discovery deems Paramountâ€™s bid â€˜superiorâ€™ â€” putting Netflix in the hot seat
2026-02-27 05:27:34,051 - INFO - Deleted old notification #854
2026-02-27 05:27:34,293 - INFO - New notification: Posted 1 fresh news item ðŸ“ˆ  (id=856)
2026-02-27 05:27:34,293 - INFO - Background check started
2026-02-27 05:31:35,689 - INFO - No new matching news found
2026-02-27 05:31:35,690 - INFO - Background check started
2026-02-27 05:33:46,134 - INFO - No new matching news found
2026-02-27 05:33:46,134 - INFO - Background check started
2026-02-27 05:38:50,774 - INFO - Found 1 new news items
2026-02-27 05:39:06,478 - INFO - Sent news: Form 424B5 First Citizens BancShares Inc For: 26 February
2026-02-27 05:39:15,925 - INFO - Deleted old notification #856
2026-02-27 05:39:16,226 - INFO - New notification: Posted 1 fresh news item ðŸ“ˆ  (id=858)
2026-02-27 05:39:16,226 - INFO - Background check started
2026-02-27 05:44:09,334 - INFO - Found 1 new news items
2026-02-27 05:44:10,562 - INFO - Sent news: Asian Stocks to Ebb as Nvidia Decline Dulls Mood: Markets Wrap
2026-02-27 05:44:17,684 - INFO - Deleted old notification #858
2026-02-27 05:44:17,975 - INFO - New notification: Posted 1 fresh news item ðŸ“ˆ  (id=860)
2026-02-27 05:44:17,975 - INFO - Background check started
2026-02-27 05:48:36,527 - INFO - No new matching news found
2026-02-27 05:48:36,527 - INFO - Background check started
2026-02-27 05:51:19,845 - INFO - Found 2 new news items
2026-02-27 05:51:22,221 - INFO - Sent news: No Fed, no safety net: Why private creditâ€™s first real recession will be its moment of truth
2026-02-27 05:51:29,805 - INFO - Sent news: Hillary Clinton Deposed by House Panel About Epstein
2026-02-27 05:51:36,970 - INFO - Deleted old notification #860
2026-02-27 05:51:37,273 - INFO - New notification: Posted 2 fresh news items ðŸ“ˆ  (id=863)
2026-02-27 05:51:37,274 - INFO - Background check started
2026-02-27 05:54:10,568 - INFO - No new matching news found
2026-02-27 05:54:10,568 - INFO - Background check started
2026-02-27 05:58:21,407 - INFO - Found 4 new news items
2026-02-27 05:58:22,770 - INFO - Sent news: Netflix declines to raise offer for Warner Bros
2026-02-27 05:58:42,311 - INFO - Sent news: Engine capital buys Orthofix (OFIX) shares worth $1.73 million
2026-02-27 05:58:51,088 - INFO - Sent news: Tech earnings, silverâ€™s rebound and a Cathie Wood ETF offer a high-stakes pivot for investors
2026-02-27 05:58:59,476 - INFO - Sent news: Finally you can invest like the 1% â€” use this stress test before getting locked into private markets
2026-02-27 05:59:06,286 - INFO - Deleted old notification #863
2026-02-27 05:59:06,603 - INFO - New notification: Posted 4 fresh news items ðŸ“ˆ  (id=868)
2026-02-27 05:59:06,603 - INFO - Background check started
2026-02-27 06:04:09,297 - INFO - Found 1 new news items
2026-02-27 06:04:12,985 - INFO - Sent news: Flexport Rolls Out AI Agents to Aid with Tariff Refunds
2026-02-27 06:04:21,351 - INFO - Deleted old notification #868
2026-02-27 06:04:21,586 - INFO - New notification: Posted 1 fresh news item ðŸ“ˆ  (id=870)
2026-02-27 06:04:21,586 - INFO - Background check started
2026-02-27 06:08:06,825 - INFO - Found 2 new news items
2026-02-27 06:08:08,456 - INFO - Sent news: Netflix drops out of bidding for Warner Bros. in the wake of Paramountâ€™s improved offer
2026-02-27 06:08:22,214 - INFO - Sent news: Tanger CEO: Lululemon, Coach â€˜Anchors' at Our Outlets
2026-02-27 06:08:32,718 - INFO - Deleted old notification #870
2026-02-27 06:08:32,976 - INFO - New notification: Posted 2 fresh news items ðŸ“ˆ  (id=873)
2026-02-27 06:08:32,976 - INFO - Background check started
2026-02-27 06:11:58,691 - INFO - Found 3 new news items
2026-02-27 06:12:12,025 - INFO - Sent news: Guggenheim raises Nexstar stock price target to $290 on earnings beat
2026-02-27 06:12:19,502 - INFO - Sent news: Maduro moves to dismiss US criminal case, citing dispute over legal fees
2026-02-27 06:12:26,799 - INFO - Sent news: Analysis-As Trump reins in China tech curbs, Beijingâ€™s export controls come of age
2026-02-27 06:12:36,694 - INFO - Deleted old notification #873
2026-02-27 06:12:36,996 - INFO - New notification: Posted 3 fresh news items ðŸ“ˆ  (id=877)
2026-02-27 06:12:36,996 - INFO - Background check started
2026-02-27 06:15:06,460 - INFO - No new matching news found
2026-02-27 06:15:06,461 - INFO - Background check started
2026-02-27 06:18:59,544 - INFO - Found 1 new news items
2026-02-27 06:19:03,163 - INFO - Sent news: Warner Bros. Says Paramountâ€™s $111 Billion Deal Tops Netflix
2026-02-27 06:19:09,799 - INFO - Deleted old notification #877
2026-02-27 06:19:10,107 - INFO - New notification: Posted 1 fresh news item ðŸ“ˆ  (id=879)
2026-02-27 06:19:10,107 - INFO - Background check started
2026-02-27 06:21:25,749 - INFO - No new matching news found
2026-02-27 06:21:25,749 - INFO - Background check started
2026-02-27 06:24:15,937 - INFO - Found 1 new news items
2026-02-27 06:24:19,150 - INFO - Sent news: Is it OK to wear pajamas on your next flight? A viral post sparks debate.
2026-02-27 06:24:29,355 - INFO - Deleted old notification #879
2026-02-27 06:24:29,698 - INFO - New notification: Posted 1 fresh news item ðŸ“ˆ  (id=881)
2026-02-27 06:24:29,698 - INFO - Background check started
2026-02-27 06:27:54,359 - INFO - Found 4 new news items
2026-02-27 06:28:08,777 - INFO - Sent news: Jamieson Q4 2025 slides: China surge drives growth, stock slips
2026-02-27 06:28:15,787 - INFO - Sent news: NTSB says House bill does not fully address mid-air collision safety recommendations
2026-02-27 06:28:22,506 - INFO - Sent news: Asian Stocks to Ebb as Nvidiaâ€™s Drop Dulls Mood: Markets Wrap
2026-02-27 06:28:31,510 - INFO - Sent news: Tencent-Backed Broker Aims to Expand in Japanâ€™s Options Market
2026-02-27 06:28:41,117 - INFO - Deleted old notification #881
2026-02-27 06:28:41,351 - INFO - New notification: Posted 4 fresh news items ðŸ“ˆ  (id=886)
2026-02-27 06:28:41,351 - INFO - Background check started
2026-02-27 06:33:26,160 - INFO - No new matching news found
2026-02-27 06:33:26,160 - INFO - Background check started
2026-02-27 06:38:26,607 - INFO - Found 2 new news items
2026-02-27 06:38:28,127 - INFO - Sent news: Anthropic CEO says company cannot accede to Pentagonâ€™s request in AI safeguards dispute
2026-02-27 06:38:37,827 - INFO - Sent news: Sweetgreenâ€™s disappointing sales offer a reality check for restaurants, after Cavaâ€™s rally
2026-02-27 06:38:45,743 - INFO - Deleted old notification #886
2026-02-27 06:38:45,977 - INFO - New notification: Posted 2 fresh news items ðŸ“ˆ  (id=889)
2026-02-27 06:38:45,977 - INFO - Background check started
2026-02-27 06:43:40,566 - INFO - Found 2 new news items
2026-02-27 06:43:42,941 - INFO - Sent news: Oil Steadies as Traders Weigh Fresh US-Iran Nuclear Discussions
2026-02-27 06:43:53,478 - INFO - Sent news: Gold Little Changed as US and Iran Agree to Extend Nuclear Talks
2026-02-27 06:44:00,766 - INFO - Deleted old notification #889
2026-02-27 06:44:00,996 - INFO - New notification: Posted 2 fresh news items ðŸ“ˆ  (id=892)
2026-02-27 06:44:00,997 - INFO - Background check started
2026-02-27 06:48:24,842 - INFO - No new matching news found
2026-02-27 06:48:24,843 - INFO - Background check started
2026-02-27 06:50:54,962 - INFO - Found 2 new news items
2026-02-27 06:50:56,874 - INFO - Sent news: Exclusive-Venezuela suspends 19 oil, gas production-sharing contracts signed under Maduro government, sources say
2026-02-27 06:51:09,016 - INFO - Sent news: Duolingo is making some changes to contend with the threat of AI. Its stock is sinking.
2026-02-27 06:51:18,653 - INFO - Deleted old notification #892
2026-02-27 06:51:18,962 - INFO - New notification: Posted 2 fresh news items ðŸ“ˆ  (id=895)
2026-02-27 06:51:18,962 - INFO - Background check started
2026-02-27 06:56:13,632 - INFO - Found 1 new news items
2026-02-27 06:56:15,994 - INFO - Sent news: This travel hack could save you hundreds on your summer vacation â€” just in time for the World Cup
2026-02-27 06:56:25,653 - INFO - Deleted old notification #895
2026-02-27 06:56:25,959 - INFO - New notification: Posted 1 fresh news item ðŸ“ˆ  (id=897)
2026-02-27 06:56:25,960 - INFO - Background check started
2026-02-27 06:59:52,232 - INFO - No new matching news found
2026-02-27 06:59:52,232 - INFO - Background check started
2026-02-27 07:02:57,579 - INFO - Found 1 new news items
2026-02-27 07:03:01,497 - INFO - Sent news: Japan Two-Year Bond Sale in Focus as Investors Mull BOJ Outlook
2026-02-27 07:03:12,652 - INFO - Deleted old notification #897
2026-02-27 07:03:12,975 - INFO - New notification: Posted 1 fresh news item ðŸ“ˆ  (id=899)
2026-02-27 07:03:12,976 - INFO - Background check started
2026-02-27 07:08:18,793 - INFO - Found 3 new news items
2026-02-27 07:08:33,792 - INFO - Sent news: Vertex Pharmaceuticals EVP Sachdev sells $897k in shares
2026-02-27 07:08:55,296 - INFO - Sent news: Krystal Biotech director Janney sells shares worth $10.1 million
2026-02-27 07:09:13,288 - INFO - Sent news: Vertex Pharma EVP McKechnie sells $2.39m in shares
2026-02-27 07:09:21,911 - INFO - Deleted old notification #899
2026-02-27 07:09:22,163 - INFO - New notification: Posted 3 fresh news items ðŸ“ˆ  (id=903)
2026-02-27 07:09:22,163 - INFO - Background check started
2026-02-27 07:13:50,076 - INFO - No new matching news found
2026-02-27 07:13:50,076 - INFO - Background check started
2026-02-27 07:16:13,326 - INFO - Found 1 new news items
2026-02-27 07:16:15,370 - INFO - Sent news: Trump allies David and Larry Ellison win battle for Warner Bros. Discovery after Netflix bows out
2026-02-27 07:16:23,974 - INFO - Deleted old notification #903
2026-02-27 07:16:24,315 - INFO - New notification: Posted 1 fresh news item ðŸ“ˆ  (id=905)
2026-02-27 07:16:24,315 - INFO - Background check started
2026-02-27 07:19:00,545 - INFO - No new matching news found
2026-02-27 07:19:00,545 - INFO - Background check started
2026-02-27 07:23:25,443 - INFO - No new matching news found
2026-02-27 07:23:25,443 - INFO - Background check started
2026-02-27 07:25:50,345 - INFO - No new matching news found
2026-02-27 07:25:50,345 - INFO - Background check started
2026-02-27 07:29:23,136 - INFO - Found 2 new news items
2026-02-27 07:29:39,246 - INFO - Sent news: FTAI Infra LLC earnings missed by $0.65, revenue fell short of estimates
2026-02-27 07:30:00,123 - INFO - Sent news: Nuscale Power earnings beat by $0.02, revenue fell short of estimates
2026-02-27 07:30:08,609 - INFO - Deleted old notification #905
2026-02-27 07:30:08,928 - INFO - New notification: Posted 2 fresh news items ðŸ“ˆ  (id=908)
2026-02-27 07:30:08,928 - INFO - Background check started
2026-02-27 07:34:10,752 - INFO - Found 1 new news items
2026-02-27 07:34:12,169 - INFO - Sent news: Apollo Private Credit Fund Marks Down Portfolio on Soured Loans
2026-02-27 07:34:21,382 - INFO - Deleted old notification #908
2026-02-27 07:34:21,644 - INFO - New notification: Posted 1 fresh news item ðŸ“ˆ  (id=910)
2026-02-27 07:34:21,645 - INFO - Background check started
2026-02-27 07:36:32,917 - INFO - No new matching news found
2026-02-27 07:36:32,917 - INFO - Background check started
2026-02-27 07:39:38,946 - INFO - Found 1 new news items
2026-02-27 07:39:40,254 - INFO - Sent news: Oil Steadies With More Nuclear Talks Planned as US Forces Gather
2026-02-27 07:39:50,946 - INFO - Deleted old notification #910
2026-02-27 07:39:51,178 - INFO - New notification: Posted 1 fresh news item ðŸ“ˆ  (id=912)
2026-02-27 07:39:51,178 - INFO - Background check started
2026-02-27 07:43:24,373 - INFO - Found 2 new news items
2026-02-27 07:43:26,310 - INFO - Sent news: Rubicon Water H1 FY26 slides: US delays hit results, Europe surges
2026-02-27 07:43:34,125 - INFO - Sent news: Anthropic cannot accede to Pentagonâ€™s request in AI safeguards dispute, CEO says
2026-02-27 07:43:41,351 - INFO - Deleted old notification #912
2026-02-27 07:43:41,589 - INFO - New notification: Posted 2 fresh news items ðŸ“ˆ  (id=915)
2026-02-27 07:43:41,590 - INFO - Background check started
2026-02-27 07:48:37,157 - INFO - No new matching news found
2026-02-27 07:48:37,158 - INFO - Background check started
2026-02-27 07:51:59,192 - INFO - No new matching news found
2026-02-27 07:51:59,192 - INFO - Background check started
2026-02-27 07:54:47,230 - INFO - Found 2 new news items
2026-02-27 07:54:48,502 - INFO - Sent news: China to scrap FX risk reserve ratio to lower cost of dollar buying
2026-02-27 07:54:56,584 - INFO - Sent news: Oil sales under US-Venezuela deal expected to reach $2 billion by end of February, US says
2026-02-27 07:55:03,978 - INFO - Deleted old notification #915
2026-02-27 07:55:04,301 - INFO - New notification: Posted 2 fresh news items ðŸ“ˆ  (id=918)
2026-02-27 07:55:04,301 - INFO - Background check started
2026-02-27 07:57:50,119 - INFO - No new matching news found
2026-02-27 07:57:50,119 - INFO - Background check started
2026-02-27 08:01:24,646 - INFO - No new matching news found
2026-02-27 08:01:24,646 - INFO - Background check started
2026-02-27 08:04:04,588 - INFO - No new matching news found
2026-02-27 08:04:04,588 - INFO - Background check started
2026-02-27 08:06:37,168 - INFO - No new matching news found
2026-02-27 08:06:37,168 - INFO - Background check started
2026-02-27 08:09:58,998 - INFO - Found 7 new news items
2026-02-27 08:10:14,699 - INFO - Sent news: Kelly Louise Morrison acquires stakes in Project Stardust and Rhoda AI
2026-02-27 08:10:33,601 - INFO - Sent news: Earnings call transcript: TPG Telecomâ€™s robust FY2025 performance amid industry challenges
2026-02-27 08:10:43,969 - ERROR - Threaded polling exception: A request to the Telegram API was unsuccessful. Error code: 502. Description: Bad Gateway
2026-02-27 08:10:43,971 - ERROR - Exception traceback:
Traceback (most recent call last):
  File "/Users/apple/Desktop/Fortres Channel Tesla /.venv/lib/python3.14/site-packages/telebot/__init__.py", line 1234, in __threaded_polling
    polling_thread.raise_exceptions()
    ~~~~~~~~~~~~~~~~~~~~~~~~~~~~~~~^^
  File "/Users/apple/Desktop/Fortres Channel Tesla /.venv/lib/python3.14/site-packages/telebot/util.py", line 115, in raise_exceptions
    raise self.exception_info
  File "/Users/apple/Desktop/Fortres Channel Tesla /.venv/lib/python3.14/site-packages/telebot/util.py", line 97, in run
    task(*args, **kwargs)
    ~~~~^^^^^^^^^^^^^^^^^
  File "/Users/apple/Desktop/Fortres Channel Tesla /.venv/lib/python3.14/site-packages/telebot/__init__.py", line 688, in __retrieve_updates
    updates = self.get_updates(offset=(self.last_update_id + 1),
                               allowed_updates=allowed_updates,
                               timeout=timeout, long_polling_timeout=long_polling_timeout)
  File "/Users/apple/Desktop/Fortres Channel Tesla /.venv/lib/python3.14/site-packages/telebot/__init__.py", line 660, in get_updates
    json_updates = apihelper.get_updates(
        self.token, offset=offset, limit=limit, timeout=timeout, allowed_updates=allowed_updates,
        long_polling_timeout=long_polling_timeout)
  File "/Users/apple/Desktop/Fortres Channel Tesla /.venv/lib/python3.14/site-packages/telebot/apihelper.py", line 339, in get_updates
    return _make_request(token, method_url, params=payload)
  File "/Users/apple/Desktop/Fortres Channel Tesla /.venv/lib/python3.14/site-packages/telebot/apihelper.py", line 168, in _make_request
    json_result = _check_result(method_name, result)
  File "/Users/apple/Desktop/Fortres Channel Tesla /.venv/lib/python3.14/site-packages/telebot/apihelper.py", line 197, in _check_result
    raise ApiTelegramException(method_name, result, result_json)
telebot.apihelper.ApiTelegramException: A request to the Telegram API was unsuccessful. Error code: 502. Description: Bad Gateway

2026-02-27 08:10:59,531 - INFO - Sent news: Earnings call transcript: Virgin Australiaâ€™s strong H1 2026 performance
2026-02-27 08:11:22,795 - INFO - Sent news: Cathie Woodâ€™s ARK sells BWX Technologies stock, buys Baidu shares
2026-02-27 08:11:32,230 - INFO - Deleted old notification #918
2026-02-27 08:11:32,468 - INFO - New notification: Posted 4 fresh news items ðŸ“ˆ  (id=923)
2026-02-27 08:11:32,468 - INFO - Background check started
2026-02-27 08:13:49,090 - INFO - No new matching news found
2026-02-27 08:13:49,091 - INFO - Background check started
2026-02-27 08:18:31,866 - INFO - Found 1 new news items
2026-02-27 08:18:35,073 - INFO - Sent news: US, Iran Set to Hold Further Talks Next Week
2026-02-27 08:18:41,997 - INFO - Deleted old notification #923
2026-02-27 08:18:42,346 - INFO - New notification: Posted 1 fresh news item ðŸ“ˆ  (id=925)
2026-02-27 08:18:42,347 - INFO - Background check started
2026-02-27 08:20:52,463 - INFO - Found 1 new news items
2026-02-27 08:20:55,757 - INFO - Sent news: China Seeks to Slow Yuan Gains by Cutting Cost to Short Currency
2026-02-27 08:21:04,549 - INFO - Deleted old notification #925
2026-02-27 08:21:04,886 - INFO - New notification: Posted 1 fresh news item ðŸ“ˆ  (id=927)
2026-02-27 08:21:04,887 - INFO - Background check started
2026-02-27 08:25:20,749 - INFO - Found 5 new news items
2026-02-27 08:25:22,276 - INFO - Sent news: Virgin Australia 1HFY26 slides: EBIT rises 12%, margins expand to 14.8%
2026-02-27 08:25:43,930 - INFO - Sent news: Eagle Point sells acres commercial realty (ACR) shares worth $93,489
2026-02-27 08:25:54,016 - INFO - Sent news: Bubs Australia 1H FY26 slides: US growth drives EBITDA turnaround
2026-02-27 08:26:17,517 - INFO - Sent news: FAA closes airspace in Fort Hancock, Texas after reported use of anti-drone laser
2026-02-27 08:26:27,224 - INFO - Deleted old notification #927
2026-02-27 08:26:27,555 - INFO - New notification: Posted 4 fresh news items ðŸ“ˆ  (id=932)
2026-02-27 08:26:27,556 - INFO - Background check started
2026-02-27 08:28:37,055 - INFO - No new matching news found
2026-02-27 08:28:37,055 - INFO - Background check started
2026-02-27 08:32:38,795 - INFO - No new matching news found
2026-02-27 08:32:38,795 - INFO - Background check started
2026-02-27 08:35:11,416 - INFO - No new matching news found
2026-02-27 08:35:11,416 - INFO - Background check started
2026-02-27 08:39:42,165 - INFO - Found 3 new news items
2026-02-27 08:39:56,740 - INFO - Sent news: PennyMacâ€™s Stark sells $174k in shares
2026-02-27 08:40:16,447 - INFO - Sent news: China scraps FX risk reserve ratio to lower cost of dollar buying
2026-02-27 08:40:38,629 - INFO - Sent news: Simon, director, sells ImmunityBio (IBRX) shares worth $900k
2026-02-27 08:40:47,941 - INFO - Deleted old notification #932
2026-02-27 08:40:48,248 - INFO - New notification: Posted 3 fresh news items ðŸ“ˆ  (id=936)
2026-02-27 08:40:48,249 - INFO - Background check started
2026-02-27 08:45:51,297 - INFO - No new matching news found
2026-02-27 08:45:51,297 - INFO - Background check started
2026-02-27 08:49:21,510 - INFO - No new matching news found
2026-02-27 08:49:21,510 - INFO - Background check started
2026-02-27 08:54:25,329 - INFO - Found 1 new news items
2026-02-27 08:54:28,178 - INFO - Sent news: First Resources Pays $5.6 Million in Indonesia Land Crackdown
2026-02-27 08:54:36,746 - INFO - Deleted old notification #936
2026-02-27 08:54:37,043 - INFO - New notification: Posted 1 fresh news item ðŸ“ˆ  (id=938)
2026-02-27 08:54:37,043 - INFO - Background check started
2026-02-27 08:57:16,873 - INFO - No new matching news found
2026-02-27 08:57:16,873 - INFO - Background check started
2026-02-27 09:01:25,718 - INFO - Found 6 new news items
2026-02-27 09:01:40,953 - INFO - Sent news: Bobbili Raja buys ContextLogic (LOGC) shares worth $12.3 million
2026-02-27 09:01:48,298 - INFO - Sent news: China encourages dollar buying to slow yuan ascent
2026-02-27 09:01:57,183 - INFO - Sent news: Core inflation in Japanâ€™s capital slows below BOJâ€™s 2% target in test for policy
2026-02-27 09:02:20,054 - INFO - Sent news: Earnings call transcript: Shine Justice sees turnaround in Q1 2026
2026-02-27 09:02:26,715 - INFO - Deleted old notification #938
2026-02-27 09:02:26,979 - INFO - New notification: Posted 4 fresh news items ðŸ“ˆ  (id=943)
2026-02-27 09:02:26,979 - INFO - Background check started
2026-02-27 09:05:39,862 - INFO - No new matching news found
2026-02-27 09:05:39,862 - INFO - Background check started
2026-02-27 09:09:14,496 - INFO - No new matching news found
2026-02-27 09:09:14,497 - INFO - Background check started
2026-02-27 09:13:54,343 - INFO - Found 3 new news items
2026-02-27 09:14:11,684 - INFO - Sent news: Asian shares fall, yen and Treasuries rise as AI, Iran concerns weigh
2026-02-27 09:14:20,698 - INFO - Sent news: Aussie jumps, yen slumps as rates play dominates in February
2026-02-27 09:14:31,588 - INFO - Sent news: Oil prices edge lower after US, Iran extend talks
2026-02-27 09:14:38,017 - INFO - Deleted old notification #943
2026-02-27 09:14:38,324 - INFO - New notification: Posted 3 fresh news items ðŸ“ˆ  (id=947)
2026-02-27 09:14:38,324 - INFO - Background check started
2026-02-27 09:18:37,293 - INFO - No new matching news found
2026-02-27 09:18:37,293 - INFO - Background check started
2026-02-27 09:23:21,004 - INFO - Found 1 new news items
2026-02-27 09:23:23,573 - INFO - Sent news: Philippine Peso Set for Best Start in 14 Years on Stock Inflows, Weak Dollar
2026-02-27 09:23:33,584 - INFO - Deleted old notification #947
2026-02-27 09:23:33,890 - INFO - New notification: Posted 1 fresh news item ðŸ“ˆ  (id=949)
2026-02-27 09:23:33,891 - INFO - Background check started
2026-02-27 09:27:23,136 - INFO - Found 6 new news items
2026-02-27 09:27:24,905 - INFO - Sent news: Hyundai Motor Group to invest $6.3 billion in AI data centre, robot factory in South Korea
2026-02-27 09:27:47,645 - INFO - Sent news: Xometry CEO Altschuler sells $1.38m in shares
2026-02-27 09:27:58,748 - INFO - Sent news: Cuba slams US for â€™impunityâ€™ on speedboat attack suspects
2026-02-27 09:28:18,680 - INFO - Sent news: Abrams David C buys ContextLogic (LOGC) shares worth $12.3 million
2026-02-27 09:28:25,472 - INFO - Deleted old notification #949
2026-02-27 09:28:25,710 - INFO - New notification: Posted 4 fresh news items ðŸ“ˆ  (id=954)
2026-02-27 09:28:25,710 - INFO - Background check started
2026-02-27 09:32:51,326 - INFO - Found 1 new news items
2026-02-27 09:32:54,368 - INFO - Sent news: Netflix Investors Cheer Decision to Drop Fight for Warner Bros.
2026-02-27 09:33:01,481 - INFO - Deleted old notification #954
2026-02-27 09:33:01,720 - INFO - New notification: Posted 1 fresh news item ðŸ“ˆ  (id=956)
2026-02-27 09:33:01,721 - INFO - Background check started
2026-02-27 09:35:56,039 - INFO - No new matching news found
2026-02-27 09:35:56,040 - INFO - Background check started
2026-02-27 09:38:08,029 - INFO - Found 1 new news items
2026-02-27 09:38:11,141 - INFO - Sent news: Eastspring's Wong on Finding Growth Markets in Asia
2026-02-27 09:38:20,007 - INFO - Deleted old notification #956
2026-02-27 09:38:20,359 - INFO - New notification: Posted 1 fresh news item ðŸ“ˆ  (id=958)
2026-02-27 09:38:20,359 - INFO - Background check started
2026-02-27 09:40:48,429 - INFO - Found 3 new news items
2026-02-27 09:40:50,700 - INFO - Sent news: Mainland Traders Sell Hong Kong Stocks on Earnings Frustration
2026-02-27 09:41:00,413 - INFO - Sent news: ADB President on Tariff Uncertainty, BOJ Policy
2026-02-27 09:41:10,964 - INFO - Sent news: CLP CEO on FY Results, Business Strategy
2026-02-27 09:41:19,572 - INFO - Deleted old notification #958
2026-02-27 09:41:19,823 - INFO - New notification: Posted 3 fresh news items ðŸ“ˆ  (id=962)
2026-02-27 09:41:19,824 - INFO - Background check started
2026-02-27 09:46:05,900 - INFO - No new matching news found
2026-02-27 09:46:05,900 - INFO - Background check started
2026-02-27 09:48:41,580 - INFO - Found 4 new news items
2026-02-27 09:48:57,500 - INFO - Sent news: iRhythm Holdings CFO Wilson sells $702,553 in shares
2026-02-27 09:49:20,338 - INFO - Sent news: Gold prices steady near $5,200/oz; set for strong February
2026-02-27 09:49:41,023 - INFO - Sent news: Xometry CTO Vaidyanathan sells $198k in shares
2026-02-27 09:49:49,725 - INFO - Sent news: Global Funds Pile Back Into Indian Stocks as Earnings Rise, Valuations Ease
2026-02-27 09:49:56,484 - INFO - Deleted old notification #962
2026-02-27 09:49:56,795 - INFO - New notification: Posted 4 fresh news items ðŸ“ˆ  (id=967)
2026-02-27 09:49:56,795 - INFO - Background check started
2026-02-27 09:52:12,129 - INFO - No new matching news found
2026-02-27 09:52:12,129 - INFO - Background check started
2026-02-27 09:56:36,425 - INFO - No new matching news found
2026-02-27 09:56:36,425 - INFO - Background check started
2026-02-27 10:00:26,006 - INFO - Found 5 new news items
2026-02-27 10:00:41,098 - INFO - Sent news: LSI Industries prices $90.9M stock offering at $19.75 per share
2026-02-27 10:01:01,472 - INFO - Sent news: Form 13D/A BLACKROCK INVESTMENT QUALITY MUNICIPAL TRUST For: 26 February
2026-02-27 10:01:21,239 - INFO - Sent news: iRhythm Holdings chief comm & product officer sells $1.2m in shares
2026-02-27 10:01:41,514 - INFO - Sent news: Oceaneering Intl VP Dunn sells shares worth $341,581
2026-02-27 10:01:51,166 - INFO - Deleted old notification #967
2026-02-27 10:01:51,450 - INFO - New notification: Posted 4 fresh news items ðŸ“ˆ  (id=972)
2026-02-27 10:01:51,451 - INFO - Background check started
2026-02-27 10:06:15,099 - INFO - No new matching news found
2026-02-27 10:06:15,101 - INFO - Background check started
2026-02-27 10:09:01,605 - INFO - No new matching news found
2026-02-27 10:09:01,606 - INFO - Background check started
2026-02-27 10:13:06,544 - INFO - Found 2 new news items
2026-02-27 10:13:10,678 - INFO - Sent news: Chinese Tech Shares Set for Worst Month Since 2024 on Earnings
2026-02-27 10:13:20,954 - INFO - Sent news: Prada Hints Rebound, China Stabilization in Luxury Sector
2026-02-27 10:13:27,428 - INFO - Deleted old notification #972
2026-02-27 10:13:27,673 - INFO - New notification: Posted 2 fresh news items ðŸ“ˆ  (id=975)
2026-02-27 10:13:27,673 - INFO - Background check started
2026-02-27 10:18:22,674 - INFO - Found 5 new news items
2026-02-27 10:18:36,211 - INFO - Sent news: Form 13D/A BLACKROCK MUNICIPAL INCOME TRUST For: 26 February
2026-02-27 10:18:43,580 - INFO - Sent news: US-Iran talks end with no deal but potential signs of progress
2026-02-27 10:19:03,505 - INFO - Sent news: Form 13D/A BLACKROCK MUNICIPAL INCOME QUALITY TRUST For: 26 February
2026-02-27 10:19:24,851 - INFO - Sent news: Form 13D/A BLACKROCK MUNICIPAL INCOME TRUST II For: 26 February
2026-02-27 10:19:34,246 - INFO - Deleted old notification #975
2026-02-27 10:19:34,486 - INFO - New notification: Posted 4 fresh news items ðŸ“ˆ  (id=980)
2026-02-27 10:19:34,486 - INFO - Background check started
2026-02-27 10:23:56,592 - INFO - No new matching news found
2026-02-27 10:23:56,592 - INFO - Background check started
2026-02-27 10:26:43,537 - INFO - No new matching news found
2026-02-27 10:26:43,537 - INFO - Background check started
2026-02-27 10:29:36,331 - INFO - Found 4 new news items
2026-02-27 10:29:58,509 - INFO - Sent news: TrueBlue CEO Owen buys $77k in shares
2026-02-27 10:30:20,628 - INFO - Sent news: Vir Biotech CEO de Backer sells $140k in shares
2026-02-27 10:30:41,314 - INFO - Sent news: Form 144 MOHAWK INDUSTRIES INC For: 26 February
2026-02-27 10:30:50,367 - INFO - Sent news: Sunway Healthcare Seeks $734 Million From Malaysia IPO
2026-02-27 10:30:58,589 - INFO - Deleted old notification #980
2026-02-27 10:30:58,927 - INFO - New notification: Posted 4 fresh news items ðŸ“ˆ  (id=985)
2026-02-27 10:30:58,927 - INFO - Background check started
2026-02-27 10:35:13,203 - INFO - Found 1 new news items
2026-02-27 10:35:15,972 - INFO - Sent news: Yuan Traders Target 5% Gains as They Double Down on Options Bets
2026-02-27 10:35:25,098 - INFO - Deleted old notification #985
2026-02-27 10:35:25,353 - INFO - New notification: Posted 1 fresh news item ðŸ“ˆ  (id=987)
2026-02-27 10:35:25,353 - INFO - Background check started
2026-02-27 10:37:51,221 - INFO - No new matching news found
2026-02-27 10:37:51,221 - INFO - Background check started
2026-02-27 10:42:22,620 - INFO - Found 1 new news items
2026-02-27 10:42:23,856 - INFO - Sent news: Exclusive-Nintendo plans around $1.9 billion share sale by Kyoto bank and others, sources say
2026-02-27 10:42:30,950 - INFO - Deleted old notification #987
2026-02-27 10:42:31,258 - INFO - New notification: Posted 1 fresh news item ðŸ“ˆ  (id=989)
2026-02-27 10:42:31,258 - INFO - Background check started
2026-02-27 10:47:22,213 - INFO - No new matching news found
2026-02-27 10:47:22,214 - INFO - Background check started
2026-02-27 10:49:42,229 - INFO - No new matching news found
2026-02-27 10:49:42,229 - INFO - Background check started
2026-02-27 10:52:23,609 - INFO - No new matching news found
2026-02-27 10:52:23,609 - INFO - Background check started
2026-02-27 10:55:18,512 - INFO - Found 3 new news items
2026-02-27 10:55:33,695 - INFO - Sent news: Contineum Therapeutics CSO Lorrain S. Daniel sells $130k in CTNM stock
2026-02-27 10:55:53,023 - INFO - Sent news: Form 424B5 TriSalus Life Sciences Inc For: 26 February
2026-02-27 10:56:11,017 - INFO - Sent news: Asia stocks fall as tech loses ground; S.Korea, Japan set for strong Feb gains
2026-02-27 10:56:17,941 - INFO - Deleted old notification #989
2026-02-27 10:56:18,248 - INFO - New notification: Posted 3 fresh news items ðŸ“ˆ  (id=993)
2026-02-27 10:56:18,249 - INFO - Background check started
2026-02-27 11:01:03,501 - INFO - Found 1 new news items
2026-02-27 11:01:05,198 - INFO - Sent news: Koreaâ€™s $1 Trillion Pension Fund Has Record Gains on Kospi Rally
2026-02-27 11:01:12,162 - INFO - Deleted old notification #993
2026-02-27 11:01:12,446 - INFO - New notification: Posted 1 fresh news item ðŸ“ˆ  (id=995)
2026-02-27 11:01:12,447 - INFO - Background check started
2026-02-27 11:06:15,051 - INFO - No new matching news found
2026-02-27 11:06:15,053 - INFO - Background check started
2026-02-27 11:11:13,496 - INFO - Found 1 new news items
2026-02-27 11:11:29,041 - INFO - Sent news: Form 144 OneMain Holdings For: 26 February
2026-02-27 11:11:39,410 - INFO - Deleted old notification #995
2026-02-27 11:11:39,748 - INFO - New notification: Posted 1 fresh news item ðŸ“ˆ  (id=997)
2026-02-27 11:11:39,749 - INFO - Background check started
2026-02-27 11:14:27,635 - INFO - Found 1 new news items
2026-02-27 11:14:30,396 - INFO - Sent news: Dollar Loses, China Wins in US Tariffs Upheaval: Markets Pulse
2026-02-27 11:14:38,140 - INFO - Deleted old notification #997
2026-02-27 11:14:38,439 - INFO - New notification: Posted 1 fresh news item ðŸ“ˆ  (id=999)
2026-02-27 11:14:38,440 - INFO - Background check started
2026-02-27 11:19:18,260 - INFO - Found 2 new news items
2026-02-27 11:19:32,239 - INFO - Sent news: Bain Capital Specialty Finance earnings missed, revenue topped estimates
2026-02-27 11:19:54,446 - INFO - Sent news: Form PRE 14A Fidus Investment Corporation For: 26 February
2026-02-27 11:20:02,023 - INFO - Deleted old notification #999
2026-02-27 11:20:02,337 - INFO - New notification: Posted 2 fresh news items ðŸ“ˆ  (id=1002)
2026-02-27 11:20:02,338 - INFO - Background check started
2026-02-27 11:22:28,812 - INFO - No new matching news found
2026-02-27 11:22:28,814 - INFO - Background check started
2026-02-27 11:24:45,420 - INFO - No new matching news found
2026-02-27 11:24:45,420 - INFO - Background check started
2026-02-27 11:29:11,978 - INFO - No new matching news found
2026-02-27 11:29:11,978 - INFO - Background check started
2026-02-27 11:33:46,841 - INFO - No new matching news found
2026-02-27 11:33:46,841 - INFO - Background check started
2026-02-27 11:37:16,799 - INFO - Found 4 new news items
2026-02-27 11:37:30,979 - INFO - Sent news: Amkor Technology EVP Haghighi sells $789k in shares
2026-02-27 11:37:42,062 - INFO - Sent news: Trump Iranian missile claim unsupported by U.S. intelligence, say sources
2026-02-27 11:38:03,327 - INFO - Sent news: Form 144 APPLIED INDUSTRIAL TECHNOLOGIES INC For: 26 February
2026-02-27 11:38:15,149 - INFO - Sent news: Netflix Drops Warner Bid; AI Anxiety Hits Markets | The Asia Trade 2/27/2026
2026-02-27 11:38:24,429 - INFO - Deleted old notification #1002
2026-02-27 11:38:24,728 - INFO - New notification: Posted 4 fresh news items ðŸ“ˆ  (id=1007)
2026-02-27 11:38:24,728 - INFO - Background check started
2026-02-27 11:41:11,499 - INFO - No new matching news found
2026-02-27 11:41:11,499 - INFO - Background check started
2026-02-27 11:43:52,163 - INFO - No new matching news found
2026-02-27 11:43:52,163 - INFO - Background check started
2026-02-27 11:46:38,257 - INFO - No new matching news found
2026-02-27 11:46:38,258 - INFO - Background check started
2026-02-27 11:51:39,531 - INFO - Found 1 new news items
2026-02-27 11:51:55,579 - INFO - Sent news: Itron CEO Deitrich Thomas sells $168k in shares
2026-02-27 11:52:06,228 - INFO - Deleted old notification #1007
2026-02-27 11:52:06,538 - INFO - New notification: Posted 1 fresh news item ðŸ“ˆ  (id=1009)
2026-02-27 11:52:06,538 - INFO - Background check started
2026-02-27 11:56:40,734 - INFO - No new matching news found
2026-02-27 11:56:40,734 - INFO - Background check started
2026-02-27 12:01:22,514 - INFO - Found 2 new news items
2026-02-27 12:01:38,638 - INFO - Sent news: Asia FX weakens; Aussie heads for strong Feb, yen nurses losses
2026-02-27 12:01:45,745 - INFO - Sent news: Hong Kongâ€™s Shock Move to Tap Dollar Defense Fund Fuels Concern
2026-02-27 12:01:56,641 - INFO - Deleted old notification #1009
2026-02-27 12:01:56,908 - INFO - New notification: Posted 2 fresh news items ðŸ“ˆ  (id=1012)
2026-02-27 12:01:56,908 - INFO - Background check started
2026-02-27 12:04:41,085 - INFO - No new matching news found
2026-02-27 12:04:41,086 - INFO - Background check started
2026-02-27 12:09:17,937 - INFO - Found 1 new news items
2026-02-27 12:09:20,310 - INFO - Sent news: HK Government to Inject New Capital Into Investment Fund
2026-02-27 12:09:30,157 - INFO - Deleted old notification #1012
2026-02-27 12:09:30,425 - INFO - New notification: Posted 1 fresh news item ðŸ“ˆ  (id=1014)
2026-02-27 12:09:30,425 - INFO - Background check started
2026-02-27 12:13:58,506 - INFO - Found 2 new news items
2026-02-27 12:14:00,186 - INFO - Sent news: Analysis-AI boom will be no free pass for debt-laden major economies
2026-02-27 12:14:10,929 - INFO - Sent news: IDC Sees Smartphone Market Crash on Chip Crunch | Bloomberg Tech: Asia 2/27/2026
2026-02-27 12:14:19,233 - INFO - Deleted old notification #1014
2026-02-27 12:14:19,608 - INFO - New notification: Posted 2 fresh news items ðŸ“ˆ  (id=1017)
2026-02-27 12:14:19,609 - INFO - Background check started
2026-02-27 12:18:02,628 - INFO - No new matching news found
2026-02-27 12:18:02,629 - INFO - Background check started
2026-02-27 12:20:37,750 - INFO - No new matching news found
2026-02-27 12:20:37,750 - INFO - Background check started
2026-02-27 12:23:48,571 - INFO - No new matching news found
2026-02-27 12:23:48,571 - INFO - Background check started
2026-02-27 12:28:47,168 - INFO - No new matching news found
2026-02-27 12:28:47,168 - INFO - Background check started
2026-02-27 12:32:51,277 - INFO - No new matching news found
2026-02-27 12:32:51,277 - INFO - Background check started
2026-02-27 12:35:27,331 - INFO - No new matching news found
2026-02-27 12:35:27,331 - INFO - Background check started
2026-02-27 12:38:53,155 - INFO - No new matching news found
2026-02-27 12:38:53,156 - INFO - Background check started
2026-02-27 12:41:36,276 - INFO - Found 1 new news items
2026-02-27 12:41:52,495 - INFO - Sent news: Australia stocks higher at close of trade; S&P/ASX 200 up 0.25%
2026-02-27 12:42:02,015 - INFO - Deleted old notification #1017
2026-02-27 12:42:02,323 - INFO - New notification: Posted 1 fresh news item ðŸ“ˆ  (id=1019)
2026-02-27 12:42:02,323 - INFO - Background check started
2026-02-27 12:44:49,192 - INFO - Found 1 new news items
2026-02-27 12:44:50,789 - INFO - Sent news: Fairfax Said to Lead Race for $8 Billion India Bank Stake Sale
2026-02-27 12:44:57,115 - INFO - Deleted old notification #1019
2026-02-27 12:44:57,425 - INFO - New notification: Posted 1 fresh news item ðŸ“ˆ  (id=1021)
2026-02-27 12:44:57,426 - INFO - Background check started
2026-02-27 12:49:03,257 - INFO - No new matching news found
2026-02-27 12:49:03,257 - INFO - Background check started
2026-02-27 12:54:06,630 - INFO - Found 1 new news items
2026-02-27 12:54:08,409 - INFO - Sent news: Morning Bid: AI woes and â€™open warâ€™
2026-02-27 12:54:17,153 - INFO - Deleted old notification #1021
2026-02-27 12:54:17,412 - INFO - New notification: Posted 1 fresh news item ðŸ“ˆ  (id=1023)
2026-02-27 12:54:17,412 - INFO - Background check started
2026-02-27 12:56:43,505 - INFO - No new matching news found
2026-02-27 12:56:43,505 - INFO - Background check started
2026-02-27 12:59:27,140 - INFO - No new matching news found
2026-02-27 12:59:27,141 - INFO - Background check started
2026-02-27 13:04:04,434 - INFO - No new matching news found
2026-02-27 13:04:04,434 - INFO - Background check started
2026-02-27 13:07:48,896 - INFO - Found 2 new news items
2026-02-27 13:08:04,464 - INFO - Sent news: Indonesian trade surplus widened in Jan to $2.76 billion, Reuters poll shows
2026-02-27 13:08:15,782 - INFO - Sent news: Canada's Fairfax on Course to Take Record Foreign Stake in an Indian Bank
2026-02-27 13:08:26,821 - INFO - Deleted old notification #1023
2026-02-27 13:08:27,110 - INFO - New notification: Posted 2 fresh news items ðŸ“ˆ  (id=1026)
2026-02-27 13:08:27,111 - INFO - Background check started
2026-02-27 13:11:53,137 - INFO - No new matching news found
2026-02-27 13:11:53,137 - INFO - Background check started
2026-02-27 13:16:14,461 - INFO - No new matching news found
2026-02-27 13:16:14,461 - INFO - Background check started
2026-02-27 13:19:29,835 - INFO - Found 2 new news items
2026-02-27 13:19:43,594 - INFO - Sent news: Fadlallah: Saudi Arabian Market Reflects 21st Century (Video)
2026-02-27 13:19:54,702 - INFO - Sent news: Kenya Revives Railway to Nowhere, This Time Without China Loans
2026-02-27 13:20:01,990 - INFO - Deleted old notification #1026
2026-02-27 13:20:02,312 - INFO - New notification: Posted 2 fresh news items ðŸ“ˆ  (id=1029)
2026-02-27 13:20:02,312 - INFO - Background check started
2026-02-27 13:23:02,444 - INFO - Found 4 new news items
2026-02-27 13:23:16,277 - INFO - Sent news: Bitcoin falls back below $68k as rebound stalls, set for 5th straight monthly loss
2026-02-27 13:23:39,592 - INFO - Sent news: Dubai Aerospace CEO: M&A Part of Our DNA (Video)
2026-02-27 13:23:51,666 - INFO - Sent news: Fadlallah: Saudi Arabian Market Reflects 21st Century
2026-02-27 13:24:00,504 - INFO - Sent news: SAPâ€™s New Bonus System Ended Up Rewarding Underperforming Bosses
2026-02-27 13:24:07,348 - INFO - Deleted old notification #1029
2026-02-27 13:24:07,600 - INFO - New notification: Posted 4 fresh news items ðŸ“ˆ  (id=1034)
2026-02-27 13:24:07,601 - INFO - Background check started
2026-02-27 13:28:47,636 - INFO - Found 2 new news items
2026-02-27 13:28:51,129 - INFO - Sent news: Dubai Aerospace CEO: M&A Part of Our DNA
2026-02-27 13:29:00,521 - INFO - Sent news: UK Set to Slash Bond Sales to Lowest in Three Years
2026-02-27 13:29:09,123 - INFO - Deleted old notification #1034
2026-02-27 13:29:09,381 - INFO - New notification: Posted 2 fresh news items ðŸ“ˆ  (id=1037)
2026-02-27 13:29:09,381 - INFO - Background check started
2026-02-27 13:33:01,997 - INFO - No new matching news found
2026-02-27 13:33:01,997 - INFO - Background check started
2026-02-27 13:37:10,826 - INFO - Found 2 new news items
2026-02-27 13:37:12,179 - INFO - Sent news: China needs more proactive and coordinated policies, Politburo says
2026-02-27 13:37:34,422 - INFO - Sent news: Asian shares wobble, yen and Treasuries rise on AI, geopolitical woes
2026-02-27 13:37:41,551 - INFO - Deleted old notification #1037
2026-02-27 13:37:41,793 - INFO - New notification: Posted 2 fresh news items ðŸ“ˆ  (id=1040)
2026-02-27 13:37:41,793 - INFO - Background check started
2026-02-27 13:42:10,386 - INFO - Found 2 new news items
2026-02-27 13:42:13,254 - INFO - Sent news: Sunway Is Willing to Walk Away If $2.7 Billion IJM Bid Rejected
2026-02-27 13:42:22,818 - INFO - Sent news: AI Capex Fueling Strongest EM Earnings in Two Decades, MS Says
2026-02-27 13:42:30,052 - INFO - Deleted old notification #1040
2026-02-27 13:42:30,300 - INFO - New notification: Posted 2 fresh news items ðŸ“ˆ  (id=1043)
2026-02-27 13:42:30,301 - INFO - Background check started
2026-02-27 13:47:28,432 - INFO - Found 1 new news items
2026-02-27 13:47:31,574 - INFO - Sent news: Rush to Buy Korean Chip Stocks Sparks Wild Global ETF Moves
2026-02-27 13:47:39,002 - INFO - Deleted old notification #1043
2026-02-27 13:47:39,334 - INFO - New notification: Posted 1 fresh news item ðŸ“ˆ  (id=1045)
2026-02-27 13:47:39,334 - INFO - Background check started
2026-02-27 13:50:22,316 - INFO - No new matching news found
2026-02-27 13:50:22,316 - INFO - Background check started
2026-02-27 13:53:31,758 - INFO - Found 1 new news items
2026-02-27 13:53:35,089 - INFO - Sent news: UBS Nominates Ex-BIS Head Carstens, Appleâ€™s Maestri for Board
2026-02-27 13:53:45,684 - INFO - Deleted old notification #1045
2026-02-27 13:53:46,008 - INFO - New notification: Posted 1 fresh news item ðŸ“ˆ  (id=1047)
2026-02-27 13:53:46,008 - INFO - Background check started
2026-02-27 13:57:17,550 - INFO - No new matching news found
2026-02-27 13:57:17,550 - INFO - Background check started
2026-02-27 14:02:15,175 - INFO - Found 5 new news items
2026-02-27 14:02:29,545 - INFO - Sent news: William Blair upgrades Biodesix stock rating on execution momentum
2026-02-27 14:02:51,413 - INFO - Sent news: Roth/MKM reiterates Buy on Terawulf stock, $26 target maintained
2026-02-27 14:03:11,176 - INFO - Sent news: JPMorgan downgrades Cars.com stock rating on growth uncertainty
2026-02-27 14:03:23,571 - INFO - Sent news: US-Iran Talks to Resume; Netflix Drops Warner Bros. Bid | Horizons Middle East & Africa 2/27/2026
2026-02-27 14:03:33,546 - INFO - Deleted old notification #1047
2026-02-27 14:03:33,810 - INFO - New notification: Posted 4 fresh news items ðŸ“ˆ  (id=1052)
2026-02-27 14:03:33,810 - INFO - Background check started
2026-02-27 14:07:18,642 - INFO - No new matching news found
2026-02-27 14:07:18,642 - INFO - Background check started
2026-02-27 14:12:14,050 - INFO - No new matching news found
2026-02-27 14:12:14,050 - INFO - Background check started
2026-02-27 14:16:56,061 - INFO - Found 5 new news items
2026-02-27 14:16:58,921 - INFO - Sent news: Explainer-Whatâ€™s behind the latest fighting between Afghanistan and Pakistan?
2026-02-27 14:17:21,697 - INFO - Sent news: RentGuarantor develops AI tools to process tenant applications
2026-02-27 14:17:42,735 - INFO - Sent news: Top 2 Overweight-rated European Oil & Gas Stocks, according to JPMorgan
2026-02-27 14:18:02,247 - INFO - Sent news: Japan stocks higher at close of trade; Nikkei 225 up 0.36%
2026-02-27 14:18:10,566 - INFO - Deleted old notification #1052
2026-02-27 14:18:10,837 - INFO - New notification: Posted 4 fresh news items ðŸ“ˆ  (id=1057)
2026-02-27 14:18:10,837 - INFO - Background check started
2026-02-27 14:20:25,775 - INFO - Found 1 new news items
2026-02-27 14:20:26,898 - INFO - Sent news: Record Stock Buybacks in Europe Make It Even Better Pick Than US
2026-02-27 14:20:36,687 - INFO - Deleted old notification #1057
2026-02-27 14:20:36,928 - INFO - New notification: Posted 1 fresh news item ðŸ“ˆ  (id=1059)
2026-02-27 14:20:36,928 - INFO - Background check started
2026-02-27 14:23:28,456 - INFO - No new matching news found
2026-02-27 14:23:28,457 - INFO - Background check started
2026-02-27 14:28:12,045 - INFO - Found 4 new news items
2026-02-27 14:28:27,337 - INFO - Sent news: Jubilee Metals issues shares to executives, plans capital reduction
2026-02-27 14:28:47,736 - INFO - Sent news: EKF Diagnostics buys back 141,000 shares at 25p each
2026-02-27 14:29:00,210 - INFO - Sent news: Global Funds Dump Nearly $5 Billion of Korean Stocks After Rally
2026-02-27 14:29:08,914 - INFO - Sent news: Raghuram Rajan Challenges Citrini Research's Gloomy India Prediction
2026-02-27 14:29:19,889 - INFO - Deleted old notification #1059
2026-02-27 14:29:20,179 - INFO - New notification: Posted 4 fresh news items ðŸ“ˆ  (id=1064)
2026-02-27 14:29:20,179 - INFO - Background check started
2026-02-27 14:33:09,825 - INFO - Found 1 new news items
2026-02-27 14:33:13,204 - INFO - Sent news: Dubai Lessor Eyes More Purchases to Keep Up With Airline Demand
2026-02-27 14:33:23,419 - INFO - Deleted old notification #1064
2026-02-27 14:33:23,711 - INFO - New notification: Posted 1 fresh news item ðŸ“ˆ  (id=1066)
2026-02-27 14:33:23,711 - INFO - Background check started
2026-02-27 14:37:54,498 - INFO - No new matching news found
2026-02-27 14:37:54,498 - INFO - Background check started
2026-02-27 14:42:36,635 - INFO - Found 2 new news items
2026-02-27 14:42:53,160 - INFO - Sent news: Xmarket Launches Beta on BNB Chain Mainnet: The First Prediction Market That Pays Creators and Early Believers
2026-02-27 14:43:02,375 - INFO - Sent news: British Airways Owner Sees Strong Bookings, Posts Steady Margins
2026-02-27 14:43:08,759 - INFO - Deleted old notification #1066
2026-02-27 14:43:09,033 - INFO - New notification: Posted 2 fresh news items ðŸ“ˆ  (id=1069)
2026-02-27 14:43:09,033 - INFO - Background check started
2026-02-27 14:48:02,394 - INFO - Found 1 new news items
2026-02-27 14:48:05,384 - INFO - Sent news: Floods in Major Growing State Dent Malaysia Palm Oil Output
2026-02-27 14:48:13,197 - INFO - Deleted old notification #1069
2026-02-27 14:48:13,506 - INFO - New notification: Posted 1 fresh news item ðŸ“ˆ  (id=1071)
2026-02-27 14:48:13,506 - INFO - Background check started
2026-02-27 14:51:08,743 - INFO - No new matching news found
2026-02-27 14:51:08,745 - INFO - Background check started
2026-02-27 14:53:38,820 - INFO - Found 1 new news items
2026-02-27 14:53:43,365 - INFO - Sent news: French Inflation Quickens More Than Expected But Stays Below 2%
2026-02-27 14:53:49,653 - INFO - Deleted old notification #1071
2026-02-27 14:53:49,964 - INFO - New notification: Posted 1 fresh news item ðŸ“ˆ  (id=1073)
2026-02-27 14:53:49,964 - INFO - Background check started
2026-02-27 14:57:48,185 - INFO - Found 5 new news items
2026-02-27 14:58:01,841 - INFO - Sent news: Alpha Bank beats Q4 profit expectations by 16%, raises payout to 55%
2026-02-27 14:58:12,688 - INFO - Sent news: China encourages dollar buying to slow surging yuan
2026-02-27 14:58:34,890 - INFO - Sent news: Gedeon Richter reports revenue beat, raises guidance above expectations
2026-02-27 14:58:45,748 - INFO - Sent news: UBS Names Ex-BIS Head Carstens, Appleâ€™s Maestri to Board
2026-02-27 14:58:55,565 - INFO - Deleted old notification #1073
2026-02-27 14:58:55,810 - INFO - New notification: Posted 4 fresh news items ðŸ“ˆ  (id=1078)
2026-02-27 14:58:55,810 - INFO - Background check started
2026-02-27 15:01:50,773 - INFO - Found 1 new news items
2026-02-27 15:01:51,376 - INFO - Sent news: French and Spanish Inflation Quickens, Backing ECB Rates on Hold
2026-02-27 15:02:02,193 - INFO - Deleted old notification #1078
2026-02-27 15:02:02,476 - INFO - New notification: Posted 1 fresh news item ðŸ“ˆ  (id=1080)
2026-02-27 15:02:02,476 - INFO - Background check started
2026-02-27 15:05:52,228 - INFO - Found 1 new news items
2026-02-27 15:05:55,852 - INFO - Sent news: How Far Will AI Angst and Goldâ€™s Historic Rally Go | Insight with Haslinda Amin 02/27/2026
2026-02-27 15:06:06,847 - INFO - Deleted old notification #1080
2026-02-27 15:06:07,204 - INFO - New notification: Posted 1 fresh news item ðŸ“ˆ  (id=1082)
2026-02-27 15:06:07,205 - INFO - Background check started
2026-02-27 15:09:17,342 - INFO - Found 2 new news items
2026-02-27 15:09:29,870 - INFO - Sent news: Just Group annual profit plunges 39% as sales, margins weaken
2026-02-27 15:09:38,373 - INFO - Sent news: British Airways Owner Sees Rebound in Transatlantic Market
2026-02-27 15:09:45,593 - INFO - Deleted old notification #1082
2026-02-27 15:09:45,844 - INFO - New notification: Posted 2 fresh news items ðŸ“ˆ  (id=1085)
2026-02-27 15:09:45,845 - INFO - Background check started
2026-02-27 15:13:12,638 - INFO - No new matching news found
2026-02-27 15:13:12,639 - INFO - Background check started
2026-02-27 15:15:56,372 - INFO - Found 1 new news items
2026-02-27 15:15:59,485 - INFO - Sent news: Pharma Drives Swiss Growth Recovery After US Tariff Shock
2026-02-27 15:16:07,674 - INFO - Deleted old notification #1085
2026-02-27 15:16:07,982 - INFO - New notification: Posted 1 fresh news item ðŸ“ˆ  (id=1087)
2026-02-27 15:16:07,983 - INFO - Background check started
2026-02-27 15:19:10,631 - INFO - Found 1 new news items
2026-02-27 15:19:13,321 - INFO - Sent news: Saudi PIF Is Said to Pick Insider to Run Investment Strategy
2026-02-27 15:19:19,983 - INFO - Deleted old notification #1087
2026-02-27 15:19:20,290 - INFO - New notification: Posted 1 fresh news item ðŸ“ˆ  (id=1089)
2026-02-27 15:19:20,290 - INFO - Background check started
2026-02-27 15:22:54,782 - INFO - Found 3 new news items
2026-02-27 15:23:09,995 - INFO - Sent news: Goldman Sachs BDC Closed End Fund earnings beat by $0.02, revenue fell short of estimates
2026-02-27 15:23:31,684 - INFO - Sent news: European stocks steady as corporate earnings continue; inflation data in focus
2026-02-27 15:23:40,931 - INFO - Sent news: India focused on getting best trade deal with US, Indian trade minister says
2026-02-27 15:23:50,830 - INFO - Deleted old notification #1089
2026-02-27 15:23:51,142 - INFO - New notification: Posted 3 fresh news items ðŸ“ˆ  (id=1093)
2026-02-27 15:23:51,142 - INFO - Background check started
2026-02-27 15:28:47,961 - INFO - No new matching news found
2026-02-27 15:28:47,962 - INFO - Background check started
2026-02-27 15:32:34,672 - INFO - Found 1 new news items
2026-02-27 15:32:36,878 - INFO - Sent news: Rightmove CEO Sees AI Opportunities, Says Peers Will Survive
2026-02-27 15:32:45,380 - INFO - Deleted old notification #1093
2026-02-27 15:32:45,672 - INFO - New notification: Posted 1 fresh news item ðŸ“ˆ  (id=1095)
2026-02-27 15:32:45,672 - INFO - Background check started
2026-02-27 15:35:20,464 - INFO - Found 5 new news items
2026-02-27 15:35:20,974 - INFO - Sent news: French preliminary inflation rises more than expected in February as energy prices weigh
2026-02-27 15:35:40,364 - INFO - Sent news: Indonesia stocks lower at close of trade; IDX Composite Index down 0.12%
2026-02-27 15:36:00,231 - INFO - Sent news: Vallourec raises dividend on strong cash generation despite softer outlook
2026-02-27 15:36:19,480 - INFO - Sent news: Rightmove 2025 revenue up 9%, shares jump on Â£90 mln buyback
2026-02-27 15:36:28,603 - INFO - Deleted old notification #1095
2026-02-27 15:36:28,905 - INFO - New notification: Posted 4 fresh news items ðŸ“ˆ  (id=1100)
2026-02-27 15:36:28,905 - INFO - Background check started
2026-02-27 15:41:32,396 - INFO - No new matching news found
2026-02-27 15:41:32,396 - INFO - Background check started
2026-02-27 15:43:39,993 - INFO - No new matching news found
2026-02-27 15:43:39,994 - INFO - Background check started
2026-02-27 15:47:27,838 - INFO - Found 1 new news items
2026-02-27 15:47:29,692 - INFO - Sent news: European Stocks Eye Longest Monthly Winning Streak Since 2013
2026-02-27 15:47:37,647 - INFO - Deleted old notification #1100
2026-02-27 15:47:37,908 - INFO - New notification: Posted 1 fresh news item ðŸ“ˆ  (id=1102)
2026-02-27 15:47:37,909 - INFO - Background check started
2026-02-27 15:50:10,555 - INFO - No new matching news found
2026-02-27 15:50:10,555 - INFO - Background check started
2026-02-27 15:52:59,507 - INFO - No new matching news found
2026-02-27 15:52:59,507 - INFO - Background check started
2026-02-27 15:56:02,404 - INFO - Found 1 new news items
2026-02-27 15:56:03,770 - INFO - Sent news: Pound Hits Two-Month Low Versus Euro as UK Politics Spurs Hedges
2026-02-27 15:56:12,606 - INFO - Deleted old notification #1102
2026-02-27 15:56:12,882 - INFO - New notification: Posted 1 fresh news item ðŸ“ˆ  (id=1104)
2026-02-27 15:56:12,883 - INFO - Background check started
2026-02-27 15:59:41,449 - INFO - Found 3 new news items
2026-02-27 15:59:56,397 - INFO - Sent news: Pearson 2025 profit in line, shares flat despite AI push
2026-02-27 16:00:03,927 - INFO - Sent news: European shares set for eighth straight month of gains, buoyed by earnings
2026-02-27 16:00:26,913 - INFO - Sent news: BioMerieux shares jump after in-line full-year results, 2026 outlook
2026-02-27 16:00:37,713 - INFO - Deleted old notification #1104
2026-02-27 16:00:37,969 - INFO - New notification: Posted 3 fresh news items ðŸ“ˆ  (id=1108)
2026-02-27 16:00:37,970 - INFO - Background check started
2026-02-27 16:03:38,886 - INFO - Found 4 new news items
2026-02-27 16:03:41,094 - INFO - Sent news: The Scramble Is On for Businesses to Get Their Tariff Refund Checks
2026-02-27 16:03:50,531 - INFO - Sent news: French and Spanish Inflation Rises, Backing Stable ECB Rates
2026-02-27 16:04:10,453 - INFO - Sent news: Odd Lots: The Scramble Is On for Tariff Refund Checks (Podcast)
2026-02-27 16:04:18,194 - INFO - Sent news: Ukraine Bondholders Seek Improved Terms After GDP Warrant Swap
2026-02-27 16:04:27,782 - INFO - Deleted old notification #1108
2026-02-27 16:04:28,067 - INFO - New notification: Posted 4 fresh news items ðŸ“ˆ  (id=1113)
2026-02-27 16:04:28,067 - INFO - Background check started
2026-02-27 16:07:28,977 - INFO - No new matching news found
2026-02-27 16:07:28,978 - INFO - Background check started
2026-02-27 16:10:50,201 - INFO - Found 3 new news items
2026-02-27 16:10:51,592 - INFO - Sent news: Euro zone consumers cut some inflation expectations, ECB survey shows
2026-02-27 16:11:14,797 - INFO - Sent news: Paramount wins Warner bidding war; Block surges - whatâ€™s moving markets
2026-02-27 16:11:25,966 - INFO - Sent news: Exclusive-Indonesia bourse to phase in 15% free-float rule, may batch firms by readiness
2026-02-27 16:11:33,818 - INFO - Deleted old notification #1113
2026-02-27 16:11:34,118 - INFO - New notification: Posted 3 fresh news items ðŸ“ˆ  (id=1117)
2026-02-27 16:11:34,119 - INFO - Background check started
2026-02-27 16:13:57,944 - INFO - No new matching news found
2026-02-27 16:13:57,944 - INFO - Background check started
2026-02-27 16:17:20,330 - INFO - No new matching news found
2026-02-27 16:17:20,331 - INFO - Background check started
2026-02-27 16:22:15,264 - INFO - No new matching news found
2026-02-27 16:22:15,264 - INFO - Background check started
2026-02-27 16:27:08,784 - INFO - Found 5 new news items
2026-02-27 16:27:23,375 - INFO - Sent news: Dollar set for monthly gains on geopolitical tensions, more hawkish Fed
2026-02-27 16:27:44,607 - INFO - Sent news: Amadeus shares climb after Q4 beat, upbeat medium-term outlook
2026-02-27 16:27:51,482 - INFO - Sent news: Several German states show inflation easing in February
2026-02-27 16:28:12,117 - INFO - Sent news: Rathbones 2025 profit beats, shares jump 5% on buyback boost
2026-02-27 16:28:20,746 - INFO - Deleted old notification #1117
2026-02-27 16:28:21,003 - INFO - New notification: Posted 4 fresh news items ðŸ“ˆ  (id=1122)
2026-02-27 16:28:21,004 - INFO - Background check started
2026-02-27 16:32:20,802 - INFO - Found 1 new news items
2026-02-27 16:32:22,965 - INFO - Sent news: Gallego: Strong Demand in North Atlantic
2026-02-27 16:32:30,070 - INFO - Deleted old notification #1122
2026-02-27 16:32:30,349 - INFO - New notification: Posted 1 fresh news item ðŸ“ˆ  (id=1124)
2026-02-27 16:32:30,349 - INFO - Background check started
2026-02-27 16:36:09,423 - INFO - Found 3 new news items
2026-02-27 16:36:24,704 - INFO - Sent news: Wartsila CEO eyes boost from Trump datacenter push
2026-02-27 16:36:42,964 - INFO - Sent news: Dorseyâ€™s Block slashes workforce 40% to embrace AI overhaul, shares gain
2026-02-27 16:36:50,398 - INFO - Sent news: Middle East Airlines in Talks for Airbus Jets as Travel Recovers
2026-02-27 16:36:59,993 - INFO - Deleted old notification #1124
2026-02-27 16:37:00,269 - INFO - New notification: Posted 3 fresh news items ðŸ“ˆ  (id=1128)
2026-02-27 16:37:00,269 - INFO - Background check started
2026-02-27 16:42:06,560 - INFO - Found 1 new news items
2026-02-27 16:42:10,511 - INFO - Sent news: Hungary, Slovakia Demand Ukraine Let In Pipeline Inspection Team
2026-02-27 16:42:21,776 - INFO - Deleted old notification #1128
2026-02-27 16:42:22,088 - INFO - New notification: Posted 1 fresh news item ðŸ“ˆ  (id=1130)
2026-02-27 16:42:22,088 - INFO - Background check started
2026-02-27 16:45:11,544 - INFO - No new matching news found
2026-02-27 16:45:11,544 - INFO - Background check started
2026-02-27 16:48:43,336 - ERROR - Error fetching https://www.investing.com/rss/news.rss: 502 Server Error: Bad Gateway for url: https://www.investing.com/rss/news.rss
2026-02-27 16:48:49,752 - INFO - Found 1 new news items
2026-02-27 16:48:52,617 - INFO - Sent news: Wizz Air Drops After Anchor Investor Sells 10% Stake in Carrier
2026-02-27 16:49:02,255 - INFO - Deleted old notification #1130
2026-02-27 16:49:02,518 - INFO - New notification: Posted 1 fresh news item ðŸ“ˆ  (id=1132)
2026-02-27 16:49:02,519 - INFO - Background check started
2026-02-27 16:53:40,978 - INFO - Found 9 new news items
2026-02-27 16:53:54,376 - INFO - Sent news: UBS raises copper price target on supply deficit outlook
2026-02-27 16:54:02,443 - INFO - Sent news: Former Tunisian PM Larayedh jailed for 24 years in Syria jihadist case
2026-02-27 16:54:11,621 - INFO - Sent news: Factbox-Companies cutting jobs as investments shift toward AI
2026-02-27 16:54:21,861 - INFO - Sent news: Australiaâ€™s Star Entertainment narrows first-half loss
2026-02-27 16:54:28,766 - INFO - Deleted old notification #1132
2026-02-27 16:54:29,027 - INFO - New notification: Posted 4 fresh news items ðŸ“ˆ  (id=1137)
2026-02-27 16:54:29,027 - INFO - Background check started
2026-02-27 16:59:05,352 - INFO - Found 2 new news items
2026-02-27 16:59:07,665 - INFO - Sent news: Tusk Says EU Loans Wonâ€™t Impact Polish Defense Deals With US
2026-02-27 16:59:21,305 - INFO - Sent news: China Halts Canada Canola Meal Tariffs, Adding to Trade Thaw
2026-02-27 16:59:31,548 - INFO - Deleted old notification #1137
2026-02-27 16:59:31,818 - INFO - New notification: Posted 2 fresh news items ðŸ“ˆ  (id=1140)
2026-02-27 16:59:31,818 - INFO - Background check started
2026-02-27 17:02:06,833 - INFO - Found 1 new news items
2026-02-27 17:02:08,641 - INFO - Sent news: The Buyers Behind Goldâ€™s $5,000 Breakthrough
2026-02-27 17:02:17,252 - INFO - Deleted old notification #1140
2026-02-27 17:02:17,586 - INFO - New notification: Posted 1 fresh news item ðŸ“ˆ  (id=1142)
2026-02-27 17:02:17,586 - INFO - Background check started
2026-02-27 17:04:24,273 - INFO - Found 5 new news items
2026-02-27 17:04:37,581 - INFO - Sent news: UBS maintains neutral stance on UK equities despite early 2026 gains
2026-02-27 17:04:58,076 - INFO - Sent news: US allows some embassy staff to leave Israel, citing safety risks
2026-02-27 17:05:19,072 - INFO - Sent news: Intuit earnings top estimates, shares dip on soft FQ3 outlook
2026-02-27 17:05:37,995 - INFO - Sent news: Dell shares surge 12% as AI server demand drives record fourth-quarter results
2026-02-27 17:05:45,638 - INFO - Deleted old notification #1142
2026-02-27 17:05:45,987 - INFO - New notification: Posted 4 fresh news items ðŸ“ˆ  (id=1147)
2026-02-27 17:05:45,987 - INFO - Background check started
2026-02-27 17:09:20,159 - INFO - Found 1 new news items
2026-02-27 17:09:22,137 - INFO - Sent news: KISS rocker Gene Simmons lowers price of Beverly Hills home to $12.5 million after months on the market
2026-02-27 17:09:31,784 - INFO - Deleted old notification #1147
2026-02-27 17:09:32,081 - INFO - New notification: Posted 1 fresh news item ðŸ“ˆ  (id=1149)
2026-02-27 17:09:32,081 - INFO - Background check started
2026-02-27 17:12:19,276 - INFO - Found 2 new news items
2026-02-27 17:12:22,230 - INFO - Sent news: After Hedge Fund Interest, UKâ€™s Flood Re Plans More Cat Bonds
2026-02-27 17:12:31,118 - INFO - Sent news: Treasuries Regain Edge as Safety Play With Best Month in Year
2026-02-27 17:12:37,630 - INFO - Deleted old notification #1149
2026-02-27 17:12:37,959 - INFO - New notification: Posted 2 fresh news items ðŸ“ˆ  (id=1152)
2026-02-27 17:12:37,959 - INFO - Background check started
2026-02-27 17:16:14,562 - INFO - Found 1 new news items
2026-02-27 17:16:20,249 - INFO - Sent news: Clean Energy Developer ThomasLloyd to Go Public Via SPAC Deal
2026-02-27 17:16:31,471 - INFO - Deleted old notification #1152
2026-02-27 17:16:31,784 - INFO - New notification: Posted 1 fresh news item ðŸ“ˆ  (id=1154)
2026-02-27 17:16:31,786 - INFO - Background check started
2026-02-27 17:20:19,771 - INFO - Found 10 new news items
2026-02-27 17:20:34,060 - INFO - Sent news: Asia Strategic shares resume trading on London Stock Exchange
2026-02-27 17:20:56,793 - INFO - Sent news: Mizuho Financial to replace 5,000 admin roles with AI in Japan
2026-02-27 17:21:19,422 - INFO - Sent news: Citizens raises argenx stock price target on ocular MG results
2026-02-27 17:21:37,547 - INFO - Sent news: Citizens cuts Flutter Entertainment stock price target on weak Q4 results
2026-02-27 17:21:48,614 - INFO - Deleted old notification #1154
2026-02-27 17:21:48,915 - INFO - New notification: Posted 4 fresh news items ðŸ“ˆ  (id=1159)
2026-02-27 17:21:48,915 - INFO - Background check started
2026-02-27 17:24:49,316 - INFO - No new matching news found
2026-02-27 17:24:49,316 - INFO - Background check started
2026-02-27 17:27:59,263 - INFO - No new matching news found
2026-02-27 17:27:59,263 - INFO - Background check started
2026-02-27 17:32:55,954 - INFO - Found 6 new news items
2026-02-27 17:33:09,961 - INFO - Sent news: Citizens raises USA Today stock price target on digital shift
2026-02-27 17:33:31,364 - INFO - Sent news: Citizens raises Rhythm Pharmaceuticals stock price target on HO approval outlook
2026-02-27 17:33:51,231 - INFO - Sent news: Morgan Stanley sees better China market sentiment gauge on stronger turnover
2026-02-27 17:34:12,528 - INFO - Sent news: BofAâ€™s Hartnett sees international stocks beating U.S. this decade
2026-02-27 17:34:22,261 - INFO - Deleted old notification #1159
2026-02-27 17:34:22,564 - INFO - New notification: Posted 4 fresh news items ðŸ“ˆ  (id=1164)
2026-02-27 17:34:22,564 - INFO - Background check started
2026-02-27 17:38:00,963 - INFO - Found 2 new news items
2026-02-27 17:38:02,907 - INFO - Sent news: Howard Marks makes 180 degree turn on AI after Claude tutorial. Hereâ€™s how he suggests investors approach it.
2026-02-27 17:38:12,112 - INFO - Sent news: Nvidia Looks Like a Value Stock Even as Earnings Scream Growth
2026-02-27 17:38:22,868 - INFO - Deleted old notification #1164
2026-02-27 17:38:23,115 - INFO - New notification: Posted 2 fresh news items ðŸ“ˆ  (id=1167)
2026-02-27 17:38:23,116 - INFO - Background check started
2026-02-27 17:43:09,582 - INFO - Found 7 new news items
2026-02-27 17:43:24,250 - INFO - Sent news: Bezos AI lab seeks funding for holding company to invest in firms affected by technology
2026-02-27 17:43:44,627 - INFO - Sent news: Eesti Energia reports â‚¬82.6 million loss amid oil asset impairment
2026-02-27 17:44:05,312 - INFO - Sent news: Citizens reiterates PENN Entertainment stock rating on Q4 beat
2026-02-27 17:44:27,558 - INFO - Sent news: India stocks lower at close of trade; Nifty 50 down 1.25%
2026-02-27 17:44:38,093 - INFO - Deleted old notification #1167
2026-02-27 17:44:38,351 - INFO - New notification: Posted 4 fresh news items ðŸ“ˆ  (id=1172)
2026-02-27 17:44:38,351 - INFO - Background check started
2026-02-27 17:48:38,801 - INFO - No new matching news found
2026-02-27 17:48:38,802 - INFO - Background check started
2026-02-27 17:53:29,821 - INFO - No new matching news found
2026-02-27 17:53:29,821 - INFO - Background check started
2026-02-27 17:57:39,018 - INFO - Found 3 new news items
2026-02-27 17:57:40,164 - INFO - Sent news: BASF is looking into legal claims by U.S. unit for tariff reimbursement
2026-02-27 17:58:00,484 - INFO - Sent news: Franklin Global Trust enters liquidation, scheme approved
2026-02-27 17:58:21,990 - INFO - Sent news: BCA Research says "AI will kill the tech monopolies." Hereâ€™s why.
2026-02-27 17:58:28,579 - INFO - Deleted old notification #1172
2026-02-27 17:58:28,882 - INFO - New notification: Posted 3 fresh news items ðŸ“ˆ  (id=1176)
2026-02-27 17:58:28,882 - INFO - Background check started
2026-02-27 18:02:48,483 - INFO - No new matching news found
2026-02-27 18:02:48,483 - INFO - Background check started
2026-02-27 18:07:52,957 - INFO - Found 2 new news items
2026-02-27 18:07:54,450 - INFO - Sent news: Treasuries Are Still the Place to Be in a Turbulent World
2026-02-27 18:08:03,218 - INFO - Sent news: Novo Nordiskâ€™s Torrid Week Erases Last of Wegovy-Fueled Gains
2026-02-27 18:08:11,492 - INFO - Deleted old notification #1176
2026-02-27 18:08:11,754 - INFO - New notification: Posted 2 fresh news items ðŸ“ˆ  (id=1179)
2026-02-27 18:08:11,755 - INFO - Background check started
2026-02-27 18:11:34,170 - INFO - Found 2 new news items
2026-02-27 18:11:35,368 - INFO - Sent news: Analysis-Restaurants emerge as bright spot for US job growth as consumers seek treats
2026-02-27 18:11:47,035 - INFO - Sent news: Trump to tout economy, energy in Texas ahead of Republican primaries
2026-02-27 18:11:54,466 - INFO - Deleted old notification #1179
2026-02-27 18:11:54,764 - INFO - New notification: Posted 2 fresh news items ðŸ“ˆ  (id=1182)
2026-02-27 18:11:54,764 - INFO - Background check started
2026-02-27 18:14:28,944 - INFO - No new matching news found
2026-02-27 18:14:28,945 - INFO - Background check started
2026-02-27 18:17:45,051 - INFO - No new matching news found
2026-02-27 18:17:45,051 - INFO - Background check started
2026-02-27 18:22:48,689 - INFO - No new matching news found
2026-02-27 18:22:48,689 - INFO - Background check started
2026-02-27 18:24:56,501 - INFO - Found 1 new news items
2026-02-27 18:25:11,815 - INFO - Sent news: Form 424B5 Vista Gold Corp For: 27 February
2026-02-27 18:25:20,675 - INFO - Deleted old notification #1182
2026-02-27 18:25:20,994 - INFO - New notification: Posted 1 fresh news item ðŸ“ˆ  (id=1184)
2026-02-27 18:25:20,994 - INFO - Background check started
2026-02-27 18:29:36,342 - INFO - No new matching news found
2026-02-27 18:29:36,342 - INFO - Background check started
2026-02-27 20:07:59,422 - ERROR - Infinity polling exception: HTTPSConnectionPool(host='api.telegram.org', port=443): Read timed out. (read timeout=120)
2026-02-27 20:07:59,430 - ERROR - Exception traceback:
Traceback (most recent call last):
  File "/Users/apple/Desktop/Fortres Channel Tesla /.venv/lib/python3.14/site-packages/urllib3/connectionpool.py", line 534, in _make_request
    response = conn.getresponse()
  File "/Users/apple/Desktop/Fortres Channel Tesla /.venv/lib/python3.14/site-packages/urllib3/connection.py", line 571, in getresponse
    httplib_response = super().getresponse()
  File "/Library/Frameworks/Python.framework/Versions/3.14/lib/python3.14/http/client.py", line 1450, in getresponse
    response.begin()
    ~~~~~~~~~~~~~~^^
  File "/Library/Frameworks/Python.framework/Versions/3.14/lib/python3.14/http/client.py", line 336, in begin
    version, status, reason = self._read_status()
                              ~~~~~~~~~~~~~~~~~^^
  File "/Library/Frameworks/Python.framework/Versions/3.14/lib/python3.14/http/client.py", line 297, in _read_status
    line = str(self.fp.readline(_MAXLINE + 1), "iso-8859-1")
               ~~~~~~~~~~~~~~~~^^^^^^^^^^^^^^
  File "/Library/Frameworks/Python.framework/Versions/3.14/lib/python3.14/socket.py", line 725, in readinto
    return self._sock.recv_into(b)
           ~~~~~~~~~~~~~~~~~~~~^^^
  File "/Library/Frameworks/Python.framework/Versions/3.14/lib/python3.14/ssl.py", line 1304, in recv_into
    return self.read(nbytes, buffer)
           ~~~~~~~~~^^^^^^^^^^^^^^^^
  File "/Library/Frameworks/Python.framework/Versions/3.14/lib/python3.14/ssl.py", line 1138, in read
    return self._sslobj.read(len, buffer)
           ~~~~~~~~~~~~~~~~~^^^^^^^^^^^^^
TimeoutError: The read operation timed out

The above exception was the direct cause of the following exception:

Traceback (most recent call last):
  File "/Users/apple/Desktop/Fortres Channel Tesla /.venv/lib/python3.14/site-packages/requests/adapters.py", line 644, in send
    resp = conn.urlopen(
        method=request.method,
    ...<9 lines>...
        chunked=chunked,
    )
  File "/Users/apple/Desktop/Fortres Channel Tesla /.venv/lib/python3.14/site-packages/urllib3/connectionpool.py", line 841, in urlopen
    retries = retries.increment(
        method, url, error=new_e, _pool=self, _stacktrace=sys.exc_info()[2]
    )
  File "/Users/apple/Desktop/Fortres Channel Tesla /.venv/lib/python3.14/site-packages/urllib3/util/retry.py", line 490, in increment
    raise reraise(type(error), error, _stacktrace)
          ~~~~~~~^^^^^^^^^^^^^^^^^^^^^^^^^^^^^^^^^
  File "/Users/apple/Desktop/Fortres Channel Tesla /.venv/lib/python3.14/site-packages/urllib3/util/util.py", line 39, in reraise
    raise value
  File "/Users/apple/Desktop/Fortres Channel Tesla /.venv/lib/python3.14/site-packages/urllib3/connectionpool.py", line 787, in urlopen
    response = self._make_request(
        conn,
    ...<10 lines>...
        **response_kw,
    )
  File "/Users/apple/Desktop/Fortres Channel Tesla /.venv/lib/python3.14/site-packages/urllib3/connectionpool.py", line 536, in _make_request
    self._raise_timeout(err=e, url=url, timeout_value=read_timeout)
    ~~~~~~~~~~~~~~~~~~~^^^^^^^^^^^^^^^^^^^^^^^^^^^^^^^^^^^^^^^^^^^^
  File "/Users/apple/Desktop/Fortres Channel Tesla /.venv/lib/python3.14/site-packages/urllib3/connectionpool.py", line 367, in _raise_timeout
    raise ReadTimeoutError(
        self, url, f"Read timed out. (read timeout={timeout_value})"
    ) from err
urllib3.exceptions.ReadTimeoutError: HTTPSConnectionPool(host='api.telegram.org', port=443): Read timed out. (read timeout=120)

During handling of the above exception, another exception occurred:

Traceback (most recent call last):
  File "/Users/apple/Desktop/Fortres Channel Tesla /.venv/lib/python3.14/site-packages/telebot/__init__.py", line 1110, in infinity_polling
    self.polling(non_stop=True, timeout=timeout, long_polling_timeout=long_polling_timeout,
    ~~~~~~~~~~~~^^^^^^^^^^^^^^^^^^^^^^^^^^^^^^^^^^^^^^^^^^^^^^^^^^^^^^^^^^^^^^^^^^^^^^^^^^^
                 logger_level=logger_level, allowed_updates=allowed_updates, restart_on_change=False,
                 ^^^^^^^^^^^^^^^^^^^^^^^^^^^^^^^^^^^^^^^^^^^^^^^^^^^^^^^^^^^^^^^^^^^^^^^^^^^^^^^^^^^^
                 *args, **kwargs)
                 ^^^^^^^^^^^^^^^^
  File "/Users/apple/Desktop/Fortres Channel Tesla /.venv/lib/python3.14/site-packages/telebot/__init__.py", line 1198, in polling
    self.__threaded_polling(non_stop=non_stop, interval=interval, timeout=timeout, long_polling_timeout=long_polling_timeout,
    ~~~~~~~~~~~~~~~~~~~~~~~^^^^^^^^^^^^^^^^^^^^^^^^^^^^^^^^^^^^^^^^^^^^^^^^^^^^^^^^^^^^^^^^^^^^^^^^^^^^^^^^^^^^^^^^^^^^^^^^^^
                            logger_level=logger_level, allowed_updates=allowed_updates)
                            ^^^^^^^^^^^^^^^^^^^^^^^^^^^^^^^^^^^^^^^^^^^^^^^^^^^^^^^^^^^
  File "/Users/apple/Desktop/Fortres Channel Tesla /.venv/lib/python3.14/site-packages/telebot/__init__.py", line 1273, in __threaded_polling
    raise e
  File "/Users/apple/Desktop/Fortres Channel Tesla /.venv/lib/python3.14/site-packages/telebot/__init__.py", line 1234, in __threaded_polling
    polling_thread.raise_exceptions()
    ~~~~~~~~~~~~~~~~~~~~~~~~~~~~~~~^^
  File "/Users/apple/Desktop/Fortres Channel Tesla /.venv/lib/python3.14/site-packages/telebot/util.py", line 115, in raise_exceptions
    raise self.exception_info
  File "/Users/apple/Desktop/Fortres Channel Tesla /.venv/lib/python3.14/site-packages/telebot/util.py", line 97, in run
    task(*args, **kwargs)
    ~~~~^^^^^^^^^^^^^^^^^
  File "/Users/apple/Desktop/Fortres Channel Tesla /.venv/lib/python3.14/site-packages/telebot/__init__.py", line 688, in __retrieve_updates
    updates = self.get_updates(offset=(self.last_update_id + 1),
                               allowed_updates=allowed_updates,
                               timeout=timeout, long_polling_timeout=long_polling_timeout)
  File "/Users/apple/Desktop/Fortres Channel Tesla /.venv/lib/python3.14/site-packages/telebot/__init__.py", line 660, in get_updates
    json_updates = apihelper.get_updates(
        self.token, offset=offset, limit=limit, timeout=timeout, allowed_updates=allowed_updates,
        long_polling_timeout=long_polling_timeout)
  File "/Users/apple/Desktop/Fortres Channel Tesla /.venv/lib/python3.14/site-packages/telebot/apihelper.py", line 339, in get_updates
    return _make_request(token, method_url, params=payload)
  File "/Users/apple/Desktop/Fortres Channel Tesla /.venv/lib/python3.14/site-packages/telebot/apihelper.py", line 162, in _make_request
    result = _get_req_session().request(
        method, request_url, params=params, files=files,
        timeout=(connect_timeout, read_timeout), proxies=proxy)
  File "/Users/apple/Desktop/Fortres Channel Tesla /.venv/lib/python3.14/site-packages/requests/sessions.py", line 589, in request
    resp = self.send(prep, **send_kwargs)
  File "/Users/apple/Desktop/Fortres Channel Tesla /.venv/lib/python3.14/site-packages/requests/sessions.py", line 703, in send
    r = adapter.send(request, **kwargs)
  File "/Users/apple/Desktop/Fortres Channel Tesla /.venv/lib/python3.14/site-packages/requests/adapters.py", line 690, in send
    raise ReadTimeout(e, request=request)
requests.exceptions.ReadTimeout: HTTPSConnectionPool(host='api.telegram.org', port=443): Read timed out. (read timeout=120)

2026-02-27 20:34:23,224 - INFO - Found 25 new news items
2026-02-27 22:44:19,872 - ERROR - Infinity polling exception: HTTPSConnectionPool(host='api.telegram.org', port=443): Read timed out. (read timeout=120)
2026-02-27 22:44:19,874 - ERROR - Exception traceback:
Traceback (most recent call last):
  File "/Users/apple/Desktop/Fortres Channel Tesla /.venv/lib/python3.14/site-packages/urllib3/connectionpool.py", line 534, in _make_request
    response = conn.getresponse()
  File "/Users/apple/Desktop/Fortres Channel Tesla /.venv/lib/python3.14/site-packages/urllib3/connection.py", line 571, in getresponse
    httplib_response = super().getresponse()
  File "/Library/Frameworks/Python.framework/Versions/3.14/lib/python3.14/http/client.py", line 1450, in getresponse
    response.begin()
    ~~~~~~~~~~~~~~^^
  File "/Library/Frameworks/Python.framework/Versions/3.14/lib/python3.14/http/client.py", line 336, in begin
    version, status, reason = self._read_status()
                              ~~~~~~~~~~~~~~~~~^^
  File "/Library/Frameworks/Python.framework/Versions/3.14/lib/python3.14/http/client.py", line 297, in _read_status
    line = str(self.fp.readline(_MAXLINE + 1), "iso-8859-1")
               ~~~~~~~~~~~~~~~~^^^^^^^^^^^^^^
  File "/Library/Frameworks/Python.framework/Versions/3.14/lib/python3.14/socket.py", line 725, in readinto
    return self._sock.recv_into(b)
           ~~~~~~~~~~~~~~~~~~~~^^^
  File "/Library/Frameworks/Python.framework/Versions/3.14/lib/python3.14/ssl.py", line 1304, in recv_into
    return self.read(nbytes, buffer)
           ~~~~~~~~~^^^^^^^^^^^^^^^^
  File "/Library/Frameworks/Python.framework/Versions/3.14/lib/python3.14/ssl.py", line 1138, in read
    return self._sslobj.read(len, buffer)
           ~~~~~~~~~~~~~~~~~^^^^^^^^^^^^^
TimeoutError: The read operation timed out

The above exception was the direct cause of the following exception:

Traceback (most recent call last):
  File "/Users/apple/Desktop/Fortres Channel Tesla /.venv/lib/python3.14/site-packages/requests/adapters.py", line 644, in send
    resp = conn.urlopen(
        method=request.method,
    ...<9 lines>...
        chunked=chunked,
    )
  File "/Users/apple/Desktop/Fortres Channel Tesla /.venv/lib/python3.14/site-packages/urllib3/connectionpool.py", line 841, in urlopen
    retries = retries.increment(
        method, url, error=new_e, _pool=self, _stacktrace=sys.exc_info()[2]
    )
  File "/Users/apple/Desktop/Fortres Channel Tesla /.venv/lib/python3.14/site-packages/urllib3/util/retry.py", line 490, in increment
    raise reraise(type(error), error, _stacktrace)
          ~~~~~~~^^^^^^^^^^^^^^^^^^^^^^^^^^^^^^^^^
  File "/Users/apple/Desktop/Fortres Channel Tesla /.venv/lib/python3.14/site-packages/urllib3/util/util.py", line 39, in reraise
    raise value
  File "/Users/apple/Desktop/Fortres Channel Tesla /.venv/lib/python3.14/site-packages/urllib3/connectionpool.py", line 787, in urlopen
    response = self._make_request(
        conn,
    ...<10 lines>...
        **response_kw,
    )
  File "/Users/apple/Desktop/Fortres Channel Tesla /.venv/lib/python3.14/site-packages/urllib3/connectionpool.py", line 536, in _make_request
    self._raise_timeout(err=e, url=url, timeout_value=read_timeout)
    ~~~~~~~~~~~~~~~~~~~^^^^^^^^^^^^^^^^^^^^^^^^^^^^^^^^^^^^^^^^^^^^
  File "/Users/apple/Desktop/Fortres Channel Tesla /.venv/lib/python3.14/site-packages/urllib3/connectionpool.py", line 367, in _raise_timeout
    raise ReadTimeoutError(
        self, url, f"Read timed out. (read timeout={timeout_value})"
    ) from err
urllib3.exceptions.ReadTimeoutError: HTTPSConnectionPool(host='api.telegram.org', port=443): Read timed out. (read timeout=120)

During handling of the above exception, another exception occurred:

Traceback (most recent call last):
  File "/Users/apple/Desktop/Fortres Channel Tesla /.venv/lib/python3.14/site-packages/telebot/__init__.py", line 1110, in infinity_polling
    self.polling(non_stop=True, timeout=timeout, long_polling_timeout=long_polling_timeout,
    ~~~~~~~~~~~~^^^^^^^^^^^^^^^^^^^^^^^^^^^^^^^^^^^^^^^^^^^^^^^^^^^^^^^^^^^^^^^^^^^^^^^^^^^
                 logger_level=logger_level, allowed_updates=allowed_updates, restart_on_change=False,
                 ^^^^^^^^^^^^^^^^^^^^^^^^^^^^^^^^^^^^^^^^^^^^^^^^^^^^^^^^^^^^^^^^^^^^^^^^^^^^^^^^^^^^
                 *args, **kwargs)
                 ^^^^^^^^^^^^^^^^
  File "/Users/apple/Desktop/Fortres Channel Tesla /.venv/lib/python3.14/site-packages/telebot/__init__.py", line 1198, in polling
    self.__threaded_polling(non_stop=non_stop, interval=interval, timeout=timeout, long_polling_timeout=long_polling_timeout,
    ~~~~~~~~~~~~~~~~~~~~~~~^^^^^^^^^^^^^^^^^^^^^^^^^^^^^^^^^^^^^^^^^^^^^^^^^^^^^^^^^^^^^^^^^^^^^^^^^^^^^^^^^^^^^^^^^^^^^^^^^^
                            logger_level=logger_level, allowed_updates=allowed_updates)
                            ^^^^^^^^^^^^^^^^^^^^^^^^^^^^^^^^^^^^^^^^^^^^^^^^^^^^^^^^^^^
  File "/Users/apple/Desktop/Fortres Channel Tesla /.venv/lib/python3.14/site-packages/telebot/__init__.py", line 1273, in __threaded_polling
    raise e
  File "/Users/apple/Desktop/Fortres Channel Tesla /.venv/lib/python3.14/site-packages/telebot/__init__.py", line 1234, in __threaded_polling
    polling_thread.raise_exceptions()
    ~~~~~~~~~~~~~~~~~~~~~~~~~~~~~~~^^
  File "/Users/apple/Desktop/Fortres Channel Tesla /.venv/lib/python3.14/site-packages/telebot/util.py", line 115, in raise_exceptions
    raise self.exception_info
  File "/Users/apple/Desktop/Fortres Channel Tesla /.venv/lib/python3.14/site-packages/telebot/util.py", line 97, in run
    task(*args, **kwargs)
    ~~~~^^^^^^^^^^^^^^^^^
  File "/Users/apple/Desktop/Fortres Channel Tesla /.venv/lib/python3.14/site-packages/telebot/__init__.py", line 688, in __retrieve_updates
    updates = self.get_updates(offset=(self.last_update_id + 1),
                               allowed_updates=allowed_updates,
                               timeout=timeout, long_polling_timeout=long_polling_timeout)
  File "/Users/apple/Desktop/Fortres Channel Tesla /.venv/lib/python3.14/site-packages/telebot/__init__.py", line 660, in get_updates
    json_updates = apihelper.get_updates(
        self.token, offset=offset, limit=limit, timeout=timeout, allowed_updates=allowed_updates,
        long_polling_timeout=long_polling_timeout)
  File "/Users/apple/Desktop/Fortres Channel Tesla /.venv/lib/python3.14/site-packages/telebot/apihelper.py", line 339, in get_updates
    return _make_request(token, method_url, params=payload)
  File "/Users/apple/Desktop/Fortres Channel Tesla /.venv/lib/python3.14/site-packages/telebot/apihelper.py", line 162, in _make_request
    result = _get_req_session().request(
        method, request_url, params=params, files=files,
        timeout=(connect_timeout, read_timeout), proxies=proxy)
  File "/Users/apple/Desktop/Fortres Channel Tesla /.venv/lib/python3.14/site-packages/requests/sessions.py", line 589, in request
    resp = self.send(prep, **send_kwargs)
  File "/Users/apple/Desktop/Fortres Channel Tesla /.venv/lib/python3.14/site-packages/requests/sessions.py", line 703, in send
    r = adapter.send(request, **kwargs)
  File "/Users/apple/Desktop/Fortres Channel Tesla /.venv/lib/python3.14/site-packages/requests/adapters.py", line 690, in send
    raise ReadTimeout(e, request=request)
requests.exceptions.ReadTimeout: HTTPSConnectionPool(host='api.telegram.org', port=443): Read timed out. (read timeout=120)

2026-02-28 16:16:20,320 - INFO - Loaded 726 already sent news items
2026-02-28 16:16:20,320 - INFO - Loaded last notification ID: 1184
2026-02-28 16:16:20,320 - INFO - Bot started â†’ channel -1003783912194
2026-02-28 16:16:21,570 - INFO - Test message sent
2026-02-28 16:16:21,570 - INFO - Background check started
2026-02-28 16:16:21,571 - INFO - Initial fresh news check
2026-02-28 16:16:35,639 - INFO - Sent news: Investing.comâ€™s stocks of the week
2026-02-28 16:16:57,391 - INFO - Sent news: US, Israel strike Iran â€” what is known so far
2026-02-28 16:17:03,750 - INFO - Sent news: Trump says US carrying out â€™major combat operationsâ€™ in Iran
2026-02-28 16:17:09,926 - INFO - Sent news: Russia weighs halt to peace talks unless Ukraine cedes territory, Bloomberg News reports
2026-02-28 16:21:18,449 - INFO - Found 4 new news items
2026-02-28 16:21:32,218 - INFO - Sent news: Israel moves against Iran, ending diplomatic hopes
2026-02-28 16:21:43,734 - INFO - Sent news: Trump says â€˜massiveâ€™ strike against Iran underway â€” bitcoin plunge offers a glimpse of how markets could react
2026-02-28 16:21:51,145 - INFO - Sent news: <strong>James van Geelen on His Viral AI Doom Scenario</strong>
2026-02-28 16:22:12,117 - INFO - Sent news: Odd Lots: James van Geelen on His AI Doom Scenario (Podcast)
2026-02-28 16:22:19,526 - INFO - Deleted old notification #1184
2026-02-28 16:22:19,788 - INFO - New notification: Posted 4 fresh news items ðŸ“ˆ  (id=1194)
2026-02-28 16:22:19,788 - INFO - Background check started
2026-02-28 16:25:44,579 - INFO - Found 1 new news items
2026-02-28 16:25:45,723 - INFO - Sent news: Factbox-What are the main US military bases in the Middle East?
2026-02-28 16:25:53,473 - INFO - Deleted old notification #1194
2026-02-28 16:25:53,822 - INFO - New notification: Posted 1 fresh news item ðŸ“ˆ  (id=1196)
2026-02-28 16:25:53,823 - INFO - Background check started
2026-02-28 16:29:14,478 - INFO - No new matching news found
2026-02-28 16:29:14,478 - INFO - Background check started
2026-02-28 16:31:49,474 - INFO - No new matching news found
2026-02-28 16:31:49,474 - INFO - Background check started
2026-02-28 16:36:54,058 - INFO - Found 1 new news items
2026-02-28 16:36:57,435 - INFO - Sent news: The Evolution of Giorgia Meloni: Her Plan for Italy and Fears of AI
2026-02-28 16:37:08,373 - INFO - Deleted old notification #1196
2026-02-28 16:37:08,628 - INFO - New notification: Posted 1 fresh news item ðŸ“ˆ  (id=1198)
2026-02-28 16:37:08,629 - INFO - Background check started
2026-02-28 16:41:17,994 - INFO - No new matching news found
2026-02-28 16:41:17,996 - INFO - Background check started
2026-02-28 16:43:41,979 - INFO - No new matching news found
2026-02-28 16:43:41,981 - INFO - Background check started
2026-02-28 16:48:35,998 - INFO - No new matching news found
2026-02-28 16:48:35,999 - INFO - Background check started
2026-02-28 16:50:12,781 - ERROR - Infinity polling: polling exited
2026-02-28 16:50:12,781 - ERROR - Break infinity polling
2026-02-28 16:50:15,000 - INFO - Loaded 736 already sent news items
2026-02-28 16:50:15,000 - INFO - Loaded last notification ID: 1198
2026-02-28 16:50:15,000 - INFO - Bot started â†’ channel -1003783912194
2026-02-28 16:50:15,662 - INFO - Test message sent
2026-02-28 16:50:15,662 - INFO - Background check started
2026-02-28 16:50:15,662 - INFO - Initial fresh news check
2026-02-28 16:50:16,701 - INFO - Sent news: Global reaction to Israeli, US attacks on Iran
2026-02-28 16:50:38,030 - INFO - Sent news: Nvidia to develop new chip to accelerate AI- report
2026-02-28 16:50:45,644 - INFO - Sent news: My brother is paranoid, alone and has forgotten that he sold his house. How can we help?
2026-02-28 16:50:53,929 - INFO - Sent news: Private-credit â€˜cockroachesâ€™ and the AI â€˜scare tradeâ€™ hammered stocks in February. Hereâ€™s what else has investors shaken up.
2026-02-28 16:52:50,036 - INFO - No new matching news found
2026-02-28 16:52:50,036 - INFO - Background check started
2026-02-28 16:56:46,861 - INFO - No new matching news found
2026-02-28 16:56:46,861 - INFO - Background check started
2026-02-28 17:01:14,195 - INFO - No new matching news found
2026-02-28 17:01:14,195 - INFO - Background check started
2026-02-28 17:03:22,229 - INFO - Found 1 new news items
2026-02-28 17:03:23,929 - INFO - Sent news: Factbox-Airlines cancel flights after US, Israel strikes on Iran
2026-02-28 17:03:32,802 - INFO - Deleted old notification #1198
2026-02-28 17:03:33,175 - INFO - New notification: Posted 1 fresh news item ðŸ“ˆ  (id=1205)
2026-02-28 17:03:33,175 - INFO - Background check started
2026-02-28 17:07:33,551 - INFO - No new matching news found
2026-02-28 17:07:33,551 - INFO - Background check started
2026-02-28 17:11:34,710 - INFO - Found 1 new news items
2026-02-28 17:11:36,190 - INFO - Sent news: Trump says â€˜massiveâ€™ strike against Iran underway â€” bitcoin tumble points to rocky start for markets next week
2026-02-28 17:11:43,636 - INFO - Deleted old notification #1205
2026-02-28 17:11:43,918 - INFO - New notification: Posted 1 fresh news item ðŸ“ˆ  (id=1207)
2026-02-28 17:11:43,919 - INFO - Background check started
2026-02-28 17:14:26,065 - INFO - No new matching news found
2026-02-28 17:14:26,065 - INFO - Background check started
2026-02-28 17:18:12,503 - INFO - Found 3 new news items
2026-02-28 17:18:25,456 - INFO - Sent news: Bitcoin prices fall below $64,000 as Israel and the US attack Iran
2026-02-28 17:18:36,010 - INFO - Sent news: Airlines suspend Middle East flights after US, Israel strikes on Iran
2026-02-28 17:18:47,578 - INFO - Sent news: Iran strikes will likely boost defense stocks â€” but hereâ€™s what will keep the cash flowing long after the conflict ends
2026-02-28 17:18:58,407 - INFO - Deleted old notification #1207
2026-02-28 17:18:58,674 - INFO - New notification: Posted 3 fresh news items ðŸ“ˆ  (id=1211)
2026-02-28 17:18:58,675 - INFO - Background check started
2026-02-28 17:21:28,383 - INFO - No new matching news found
2026-02-28 17:21:28,383 - INFO - Background check started
2026-02-28 17:26:07,362 - INFO - No new matching news found
2026-02-28 17:26:07,362 - INFO - Background check started
2026-02-28 17:30:07,495 - INFO - No new matching news found
2026-02-28 17:30:07,497 - INFO - Background check started
2026-02-28 17:31:09,614 - ERROR - Infinity polling: polling exited
2026-02-28 17:31:09,614 - ERROR - Break infinity polling
2026-02-28 17:46:54,107 - INFO - Loaded 745 already sent news items
2026-02-28 17:46:54,109 - INFO - Loaded last notification ID: 1211
2026-02-28 17:46:54,109 - INFO - Bot started â†’ channel -1003783912194
2026-02-28 17:46:54,792 - INFO - Test message sent
2026-02-28 17:46:54,792 - INFO - Background check started
2026-02-28 17:46:54,792 - INFO - Initial fresh news check
2026-02-28 17:46:56,338 - INFO - Sent news: Satellite images show more aircraft at Saudi airbase used by US forces
2026-02-28 17:47:17,285 - INFO - Sent news: Nvidia prepares new inference processor amid rising competition
2026-02-28 17:47:37,853 - INFO - Sent news: Bitcoin prices fall below $64,000 after U.S./Israel attack on Iran
2026-02-28 17:47:47,878 - INFO - Sent news: Trump blacklists Anthropic, opening the door to Elon Musk and xAI
2026-02-28 17:49:18,941 - INFO - Found 2 new news items
2026-02-28 17:49:20,915 - INFO - Sent news: Trump says â€˜massiveâ€™ strike against Iran underway â€” bitcoin plunge offers a glimpse at how markets could react
2026-02-28 17:49:32,391 - INFO - Sent news: Iran Strikes: Whatâ€™s at Stake for Oil Markets as Trump Attacks
2026-02-28 17:49:42,341 - INFO - Deleted old notification #1211
2026-02-28 17:49:42,628 - INFO - New notification: Posted 2 fresh news items ðŸ“ˆ  (id=1219)
2026-02-28 17:49:42,628 - INFO - Background check started
2026-02-28 17:54:07,267 - INFO - No new matching news found
2026-02-28 17:54:07,268 - INFO - Background check started
2026-02-28 17:58:01,407 - INFO - Found 1 new news items
2026-02-28 17:58:02,416 - INFO - Sent news: Top US general, Hegseth monitoring Iran strikes from Trump resort, person familiar says
2026-02-28 17:58:11,393 - INFO - Deleted old notification #1219
2026-02-28 17:58:11,667 - INFO - New notification: Posted 1 fresh news item ðŸ“ˆ  (id=1221)
2026-02-28 17:58:11,667 - INFO - Background check started
2026-02-28 18:02:04,458 - INFO - No new matching news found
2026-02-28 18:02:04,458 - INFO - Background check started
2026-02-28 18:05:34,733 - INFO - Found 1 new news items
2026-02-28 18:05:38,651 - INFO - Sent news: Financial Products for Hedging: Masters in Business with Jeff Chang
2026-02-28 18:05:48,313 - INFO - Deleted old notification #1221
2026-02-28 18:05:48,563 - INFO - New notification: Posted 1 fresh news item ðŸ“ˆ  (id=1223)
2026-02-28 18:05:48,563 - INFO - Background check started
2026-02-28 18:09:22,254 - INFO - No new matching news found
2026-02-28 18:09:22,254 - INFO - Background check started
2026-02-28 18:13:55,532 - INFO - Found 2 new news items
2026-02-28 18:13:56,922 - INFO - Sent news: After El Menchoâ€™s killing, his cartelâ€™s power endures deep inside the US
2026-02-28 18:14:18,659 - INFO - Sent news: VinFast falls 45% to Fair Value target as InvestingPro predicted
2026-02-28 18:14:25,793 - INFO - Deleted old notification #1223
2026-02-28 18:14:26,076 - INFO - New notification: Posted 2 fresh news items ðŸ“ˆ  (id=1226)
2026-02-28 18:14:26,076 - INFO - Background check started
2026-02-28 18:18:32,212 - INFO - No new matching news found
2026-02-28 18:18:32,212 - INFO - Background check started
2026-02-28 18:21:33,256 - INFO - No new matching news found
2026-02-28 18:21:33,257 - INFO - Background check started
2026-02-28 18:25:45,811 - INFO - Found 5 new news items
2026-02-28 18:26:01,291 - INFO - Sent news: Chinaâ€™s new era: 15th five-year plan set to drive global tech leadership
2026-02-28 18:26:12,061 - INFO - Sent news: US-Israeli attack triggers fear and panic in Iran
2026-02-28 18:26:32,641 - INFO - Sent news: Ardmore Shipping soars 67% after Fair Value flagged opportunity
2026-02-28 18:26:52,329 - INFO - Sent news: Nvidia prepares new inference processor amid rising competition
2026-02-28 18:27:00,918 - INFO - Deleted old notification #1226
2026-02-28 18:27:01,214 - INFO - New notification: Posted 4 fresh news items ðŸ“ˆ  (id=1231)
2026-02-28 18:27:01,214 - INFO - Background check started
2026-02-28 18:30:34,327 - INFO - Found 1 new news items
2026-02-28 18:30:35,692 - INFO - Sent news: U.S. strikes on Iran will likely boost defense stocks. Hereâ€™s what will keep the cash flowing even after the conflict ends.
2026-02-28 18:30:44,070 - INFO - Deleted old notification #1231
2026-02-28 18:30:44,310 - INFO - New notification: Posted 1 fresh news item ðŸ“ˆ  (id=1233)
2026-02-28 18:30:44,310 - INFO - Background check started
2026-02-28 18:33:13,829 - INFO - No new matching news found
2026-02-28 18:33:13,829 - INFO - Background check started
2026-02-28 18:36:52,390 - INFO - Found 1 new news items
2026-02-28 18:36:55,800 - INFO - Sent news: Iran TV Shows Tehran Destruction After US-Israel Attacks
2026-02-28 18:37:05,781 - INFO - Deleted old notification #1233
2026-02-28 18:37:06,094 - INFO - New notification: Posted 1 fresh news item ðŸ“ˆ  (id=1235)
2026-02-28 18:37:06,095 - INFO - Background check started
2026-02-28 18:40:36,507 - INFO - No new matching news found
2026-02-28 18:40:36,507 - INFO - Background check started
2026-02-28 18:43:28,770 - INFO - No new matching news found
2026-02-28 18:43:28,770 - INFO - Background check started
2026-02-28 18:48:04,721 - INFO - Found 1 new news items
2026-02-28 18:48:06,366 - INFO - Sent news: Whatâ€™s at Stake for Oil Markets as Trump Strikes Iran
2026-02-28 18:48:17,080 - INFO - Deleted old notification #1235
2026-02-28 18:48:17,341 - INFO - New notification: Posted 1 fresh news item ðŸ“ˆ  (id=1237)
2026-02-28 18:48:17,341 - INFO - Background check started
2026-02-28 18:51:22,018 - INFO - Found 1 new news items
2026-02-28 18:51:37,751 - INFO - Sent news: Europe lags U.S. in AI investment but stands to gain on productivity, UBS says
2026-02-28 18:51:48,180 - INFO - Deleted old notification #1237
2026-02-28 18:51:48,509 - INFO - New notification: Posted 1 fresh news item ðŸ“ˆ  (id=1239)
2026-02-28 18:51:48,509 - INFO - Background check started
2026-02-28 18:53:58,820 - INFO - No new matching news found
2026-02-28 18:53:58,820 - INFO - Background check started
2026-02-28 18:57:19,086 - INFO - No new matching news found
2026-02-28 18:57:19,087 - INFO - Background check started
2026-02-28 19:00:58,835 - INFO - Found 1 new news items
2026-02-28 19:01:00,731 - INFO - Sent news: Any chance the Fed cuts rates this year is â€˜evaporating before our very eyesâ€™ as Iran tensions raise oil prices
2026-02-28 19:01:08,318 - INFO - Deleted old notification #1239
2026-02-28 19:01:08,588 - INFO - New notification: Posted 1 fresh news item ðŸ“ˆ  (id=1241)
2026-02-28 19:01:08,589 - INFO - Background check started
2026-02-28 19:03:45,811 - INFO - No new matching news found
2026-02-28 19:03:45,811 - INFO - Background check started
2026-02-28 19:06:12,727 - INFO - No new matching news found
2026-02-28 19:06:12,727 - INFO - Background check started
2026-02-28 19:10:20,084 - INFO - No new matching news found
2026-02-28 19:10:20,084 - INFO - Background check started
2026-02-28 19:13:08,900 - INFO - No new matching news found
2026-02-28 19:13:08,900 - INFO - Background check started
2026-02-28 19:16:52,969 - INFO - Found 1 new news items
2026-02-28 19:16:54,618 - INFO - Sent news: Greeks rally to mark anniversary of deadly 2023 train crash ahead of trial
2026-02-28 19:17:05,399 - INFO - Deleted old notification #1241
2026-02-28 19:17:05,688 - INFO - New notification: Posted 1 fresh news item ðŸ“ˆ  (id=1243)
2026-02-28 19:17:05,688 - INFO - Background check started
2026-02-28 19:19:40,645 - INFO - No new matching news found
2026-02-28 19:19:40,647 - INFO - Background check started
2026-02-28 19:23:07,443 - INFO - No new matching news found
2026-02-28 19:23:07,443 - INFO - Background check started
2026-02-28 19:26:08,790 - INFO - No new matching news found
2026-02-28 19:26:08,790 - INFO - Background check started
2026-02-28 19:29:45,881 - INFO - No new matching news found
2026-02-28 19:29:45,881 - INFO - Background check started
2026-02-28 19:33:59,729 - INFO - Found 1 new news items
2026-02-28 19:34:03,771 - INFO - Sent news: These fintech stocks are loved by analysts and could bounce back in a big way
2026-02-28 19:34:12,481 - INFO - Deleted old notification #1243
2026-02-28 19:34:12,754 - INFO - New notification: Posted 1 fresh news item ðŸ“ˆ  (id=1245)
2026-02-28 19:34:12,755 - INFO - Background check started
2026-02-28 19:36:24,214 - INFO - No new matching news found
2026-02-28 19:36:24,215 - INFO - Background check started
2026-02-28 19:41:19,433 - INFO - No new matching news found
2026-02-28 19:41:19,434 - INFO - Background check started
2026-02-28 19:46:14,846 - INFO - Found 1 new news items
2026-02-28 19:46:18,912 - INFO - Sent news: â€˜I dread the snowâ€™: My heating and air conditioning always breaks down. Do I spend $15K on a new one?
2026-02-28 19:46:29,569 - INFO - Deleted old notification #1245
2026-02-28 19:46:29,932 - INFO - New notification: Posted 1 fresh news item ðŸ“ˆ  (id=1247)
2026-02-28 19:46:29,932 - INFO - Background check started
2026-02-28 19:50:15,387 - INFO - No new matching news found
2026-02-28 19:50:15,388 - INFO - Background check started
2026-02-28 19:55:16,445 - INFO - Found 1 new news items
2026-02-28 19:55:19,336 - INFO - Sent news: US, Israel Attack Iran As Trump Urges Regime Change
2026-02-28 19:55:28,037 - INFO - Deleted old notification #1247
2026-02-28 19:55:28,351 - INFO - New notification: Posted 1 fresh news item ðŸ“ˆ  (id=1249)
2026-02-28 19:55:28,351 - INFO - Background check started
2026-02-28 19:59:56,356 - INFO - No new matching news found
2026-02-28 19:59:56,356 - INFO - Background check started
2026-02-28 20:00:21,930 - INFO - Starting evening summary at 20:00
2026-02-28 20:00:23,156 - INFO - HTTP Request: POST https://api.groq.com/openai/v1/chat/completions "HTTP/1.1 200 OK"
2026-02-28 20:00:24,382 - INFO - Pinned new summary #1250
2026-02-28 20:03:15,761 - INFO - Found 3 new news items
2026-02-28 20:03:19,074 - INFO - Sent news: My boss told me to dress better. Now I feel uncomfortable. He is a white man and I am a Black woman.
2026-02-28 20:03:31,527 - INFO - Sent news: Can China just steal Americaâ€™s AI brain thatâ€™s costing trillions to develop?
2026-02-28 20:03:40,484 - INFO - Sent news: Trump Wonâ€™t Call Tariffs a Mistake, But Most of Us Have Real Regrets
2026-02-28 20:03:47,163 - INFO - Deleted old notification #1249
2026-02-28 20:03:47,440 - INFO - New notification: Posted 3 fresh news items ðŸ“ˆ  (id=1255)
2026-02-28 20:03:47,441 - INFO - Background check started
2026-02-28 20:07:32,084 - INFO - No new matching news found
2026-02-28 20:07:32,084 - INFO - Background check started
2026-02-28 20:10:02,408 - INFO - No new matching news found
2026-02-28 20:10:02,408 - INFO - Background check started
2026-02-28 20:15:06,494 - INFO - Found 1 new news items
2026-02-28 20:15:08,656 - INFO - Sent news: Why Leaders Should Rethink the Way They Handle Mistakes
2026-02-28 20:15:17,134 - INFO - Deleted old notification #1255
2026-02-28 20:15:17,527 - INFO - New notification: Posted 1 fresh news item ðŸ“ˆ  (id=1257)
2026-02-28 20:15:17,527 - INFO - Background check started
2026-02-28 20:17:23,945 - INFO - Found 2 new news items
2026-02-28 20:17:25,115 - INFO - Sent news: Russia says Trump and Israel are plunging the Middle East into the abyss with Iran attack
2026-02-28 20:17:46,120 - INFO - Sent news: Iran Retaliates After US and Israel Attack (Video)
2026-02-28 20:17:56,655 - INFO - Deleted old notification #1257
2026-02-28 20:17:56,963 - INFO - New notification: Posted 2 fresh news items ðŸ“ˆ  (id=1260)
2026-02-28 20:17:56,963 - INFO - Background check started
2026-02-28 20:22:08,531 - INFO - Found 1 new news items
2026-02-28 20:22:11,672 - INFO - Sent news: Iran Retaliates After US and Israel Attack
2026-02-28 20:22:20,730 - INFO - Deleted old notification #1260
2026-02-28 20:22:21,027 - INFO - New notification: Posted 1 fresh news item ðŸ“ˆ  (id=1262)
2026-02-28 20:22:21,027 - INFO - Background check started
2026-02-28 20:26:37,115 - INFO - No new matching news found
2026-02-28 20:26:37,116 - INFO - Background check started
2026-02-28 20:30:01,376 - INFO - No new matching news found
2026-02-28 20:30:01,376 - INFO - Background check started
2026-02-28 20:33:28,755 - INFO - Found 1 new news items
2026-02-28 20:33:37,687 - INFO - Sent news: The week, FOBO â€”Â â€˜fear of becoming obsoleteâ€™ because of AI â€” became real for workers and markets
2026-02-28 20:33:47,119 - INFO - Deleted old notification #1262
2026-02-28 20:33:47,407 - INFO - New notification: Posted 1 fresh news item ðŸ“ˆ  (id=1264)
2026-02-28 20:33:47,407 - INFO - Background check started
2026-02-28 20:37:14,728 - INFO - Found 1 new news items
2026-02-28 20:37:19,354 - INFO - Sent news: Trump Urges Iran Uprising After Launching Massive Strikes
2026-02-28 20:37:26,924 - INFO - Deleted old notification #1264
2026-02-28 20:37:27,240 - INFO - New notification: Posted 1 fresh news item ðŸ“ˆ  (id=1266)
2026-02-28 20:37:27,240 - INFO - Background check started
2026-02-28 20:40:45,427 - INFO - No new matching news found
2026-02-28 20:40:45,427 - INFO - Background check started
2026-02-28 20:45:46,937 - INFO - Found 1 new news items
2026-02-28 20:45:48,636 - INFO - Sent news: How US-Iran tensions could shape world markets
2026-02-28 20:45:55,024 - INFO - Deleted old notification #1266
2026-02-28 20:45:55,280 - INFO - New notification: Posted 1 fresh news item ðŸ“ˆ  (id=1268)
2026-02-28 20:45:55,281 - INFO - Background check started
2026-02-28 20:49:54,548 - INFO - No new matching news found
2026-02-28 20:49:54,548 - INFO - Background check started
2026-02-28 20:52:51,186 - INFO - No new matching news found
2026-02-28 20:52:51,186 - INFO - Background check started
2026-02-28 20:53:28,265 - ERROR - Infinity polling: polling exited
2026-02-28 20:53:28,265 - ERROR - Break infinity polling
2026-02-28 20:53:30,712 - INFO - Loaded 779 already sent news items
2026-02-28 20:53:30,712 - INFO - Loaded last notification ID: 1268
2026-02-28 20:53:30,712 - INFO - Loaded last summary dates: {'morning': None, 'noon': None, 'evening': '2026-02-28'}
2026-02-28 20:53:30,713 - INFO - Loaded last pinned summary id: 1250
2026-02-28 20:53:30,713 - INFO - Bot started â†’ channel -1003783912194
2026-02-28 20:53:31,512 - INFO - Test message sent
2026-02-28 20:53:31,513 - INFO - Background check started
2026-02-28 20:53:31,513 - INFO - Initial fresh news check
2026-02-28 20:53:35,604 - INFO - Sent news: Flood Re Set to â€˜Layer Upâ€™ on Cat Bonds Amid Hedge Fund Demand
2026-02-28 20:53:43,233 - INFO - Sent news: Africa's Critical Minerals Moment | Bloomberg Next Africa
2026-02-28 20:53:51,337 - INFO - Sent news: Lithium Producer SQM Sees Global Demand Growing 25% This Year
2026-02-28 20:53:59,716 - INFO - Sent news: China Fundraising Jumps as Refinancing and Bond Issuance Boom
2026-02-28 20:56:33,801 - INFO - No new matching news found
2026-02-28 20:56:33,801 - INFO - Background check started
2026-02-28 21:01:22,341 - INFO - Found 2 new news items
2026-02-28 21:01:23,792 - INFO - Sent news: Market analysts react to US-Israel strikes on Iran
2026-02-28 21:01:35,637 - INFO - Sent news: Surprised on Explicitly of Trump Iran Remarks: Allen
2026-02-28 21:01:45,950 - INFO - Could not delete old notification (possibly already deleted): A request to the Telegram API was unsuccessful. Error code: 400. Description: Bad Request: message to delete not found
2026-02-28 21:01:46,214 - INFO - New notification: Posted 2 fresh news items ðŸ“ˆ  (id=1277)
2026-02-28 21:01:46,214 - INFO - Background check started
2026-02-28 21:03:58,949 - ERROR - Infinity polling: polling exited
2026-02-28 21:03:58,950 - ERROR - Break infinity polling
2026-02-28 21:10:28,778 - INFO - Loaded 785 already sent news items
2026-02-28 21:10:28,779 - INFO - Loaded last notification ID: 1277
2026-02-28 21:10:28,779 - INFO - Bot started â†’ channel -1003783912194
2026-02-28 21:10:29,627 - INFO - Test message sent
2026-02-28 21:10:29,628 - INFO - Background check started
2026-02-28 21:10:29,628 - INFO - Initial fresh news check
2026-02-28 21:10:33,643 - INFO - Sent news: â€˜Canâ€™t sell houseâ€™ searches are higher now than during the 2008 housing crisis
2026-02-28 21:10:41,705 - INFO - Sent news: CP Group to Sell 10% Stake in True Corp. With UBS as Main Buyer
